Buildlink starting

Checking if assets.txt is newer than any of the build folder files....
    Opening - /home/tbone/Programming/jagstudio/projects/basic/eeprom/assets.txt...
    Opening - /home/tbone/Programming/jagstudio/projects/basic/eeprom\build\linkfile.bin...
    Opening - /home/tbone/Programming/jagstudio/projects/basic/eeprom\build\romassets.inc...
    Opening - /home/tbone/Programming/jagstudio/projects/basic/eeprom\build\romassets.h...
    Opening - /home/tbone/Programming/jagstudio/projects/basic/eeprom\build\ramassets.inc...
    Opening - /home/tbone/Programming/jagstudio/projects/basic/eeprom\build\build.log...
    Reading assets.txt line
    Reading assets.txt line
    Reading assets.txt line
    Reading assets.txt line
    Reading assets.txt line
    Reading assets.txt line
    Reading assets.txt line
    Reading assets.txt line
    Reading assets.txt line
    Reading assets.txt line
    Reading assets.txt line
    Reading assets.txt line
    Reading assets.txt line
    Reading assets.txt line
    Reading assets.txt line
    Reading assets.txt line
    Reading assets.txt line
    Reading assets.txt line
    Reading assets.txt line
    Reading assets.txt line
    Reading assets.txt line
    Reading assets.txt line
    Reading assets.txt line
    Reading assets.txt line
    Reading assets.txt line
    Reading assets.txt line
    Reading assets.txt line
    Reading assets.txt line
    Reading assets.txt line
    Reading assets.txt line
    Reading assets.txt line
Buildlink finished - everything went fine!
