Buildlink starting

Checking if assets.txt is newer than any of the build folder files....
    Opening - /home/tbone/Programming/jagstudio/projects/basic/calcangle/assets.txt...
    Opening - /home/tbone/Programming/jagstudio/projects/basic/calcangle\build\linkfile.bin...
    Opening - /home/tbone/Programming/jagstudio/projects/basic/calcangle\build\romassets.inc...
    Opening - /home/tbone/Programming/jagstudio/projects/basic/calcangle\build\romassets.h...
    Opening - /home/tbone/Programming/jagstudio/projects/basic/calcangle\build\ramassets.inc...
    Opening - /home/tbone/Programming/jagstudio/projects/basic/calcangle\build\build.log...
    Reading assets.txt line
    Reading assets.txt line
    Reading assets.txt line
    Reading assets.txt line
    Reading assets.txt line
    Reading assets.txt line
    Reading assets.txt line
    Reading assets.txt line
    Reading assets.txt line
    Reading assets.txt line
    Reading assets.txt line
    Reading assets.txt line
    Reading assets.txt line
    Reading assets.txt line
    Reading assets.txt line
    Reading assets.txt line
    Reading assets.txt line
    Reading assets.txt line
    Reading assets.txt line
    Reading assets.txt line
    Reading assets.txt line
    Reading assets.txt line
    Reading assets.txt line
    Reading assets.txt line
    Reading assets.txt line
    Reading assets.txt line
    Reading assets.txt line
    Reading assets.txt line
    Reading assets.txt line
    Reading assets.txt line
    Reading assets.txt line
    Reading assets.txt line
        Processing assets\gfx\bug.bmp
        Converting BMP internally into gfxdata/clut...
        File is 16 pixels wide, 16 pixels high and is 16 bits/pixel
        Adding in RAM...
    Reading assets.txt line
        Processing assets\gfx\bug2.bmp
        Converting BMP internally into gfxdata/clut...
        File is 16 pixels wide, 16 pixels high and is 16 bits/pixel
        Adding in RAM...
Buildlink finished - everything went fine!
