JagStudio Version: 1.11 
 
Buildlink starting

Checking if assets.txt is newer than any of the build folder files....
    Opening - F:\Jaguar\Tools\JagStudio\projects\basic\flashcheck\assets.txt...
    Opening - F:\Jaguar\Tools\JagStudio\projects\basic\flashcheck\build\linkfile.bin...
    Opening - F:\Jaguar\Tools\JagStudio\projects\basic\flashcheck\build\romassets.inc...
    Opening - F:\Jaguar\Tools\JagStudio\projects\basic\flashcheck\build\romassets.h...
    Opening - F:\Jaguar\Tools\JagStudio\projects\basic\flashcheck\build\ramassets.inc...
    Opening - F:\Jaguar\Tools\JagStudio\projects\basic\flashcheck\build\build.log...
    Reading assets.txt line
    Reading assets.txt line
    Reading assets.txt line
    Reading assets.txt line
    Reading assets.txt line
    Reading assets.txt line
    Reading assets.txt line
    Reading assets.txt line
    Reading assets.txt line
    Reading assets.txt line
    Reading assets.txt line
    Reading assets.txt line
    Reading assets.txt line
    Reading assets.txt line
    Reading assets.txt line
    Reading assets.txt line
    Reading assets.txt line
    Reading assets.txt line
    Reading assets.txt line
    Reading assets.txt line
    Reading assets.txt line
    Reading assets.txt line
    Reading assets.txt line
    Reading assets.txt line
    Reading assets.txt line
    Reading assets.txt line
    Reading assets.txt line
    Reading assets.txt line
    Reading assets.txt line
    Reading assets.txt line
    Reading assets.txt line
    Reading assets.txt line
    Reading assets.txt line
    Reading assets.txt line
    Reading assets.txt line
    Reading assets.txt line
    Reading assets.txt line
    Reading assets.txt line
    Reading assets.txt line
        Processing ASSETS\partipal.bmp
        Converting BMP internally into gfxdata/clut...
        File is 2 pixels wide, 2 pixels high and is 4 bits/pixel
        Adding to the linkfile as ROM...
Buildlink finished - everything went fine!
 
Assembling raptor skeleton... 
zero_audio.s 3: Warning: CLR.L opcode ignored...
 
Translating .bas file to C... 
      BCX Path set to Not Found
BCX-32: BASIC to C/C++ Translator by Kevin Diggins (c) 1999-2009
BCX-32 Version 6.00 (2009/06/02)
[Lines In: 44] [Lines Out: 107] [Statements: 18] [Time: 0.01 sec's]
BCX translated F:\Jaguar\Tools\JagStudio\projects\basic\flashcheck\flashcheck.bas to F:\Jaguar\Tools\JagStudio\projects\basic\flashcheck\build\flashcheck.c For a C Compiler
 
Compiling C code to O... 
Compiling C code to S... 
 
Linking things... 
LOAD MAP

NON-RELOCATABLE SYMBOLS



TEXT-SEGMENT RELOCATABLE SYMBOLS

_TEXT_E  G  0002E9E0   Audio_Play G  000041E2   Input_ReadPads G  00004330   
Input_SetJoyPort1 G  00004372   Input_SetJoyPort2 G  00004380   Input_SetNormalPadMode G  0000438E   
Input_SetRotaryMode G  0000439C   Input_SetAtariMouseMode G  000043BC   Input_SetAmigaMouseMode G  000043CA   
Input_Read G  000043D8   jsfVsyncFlag G  000055BC   RAPTOR_PRE_Object_List G  000055C0   
RAPTOR_POST_Object_List G  000055C2   AUDIOPLAYER G  0000567E   JAGPAD_UP G  00005680   
JAGPAD_DOWN G  00005684   JAGPAD_LEFT G  00005688   JAGPAD_RIGHT G  0000568C   
JAGPAD_HASH G  00005690   JAGPAD_9 G  00005694   JAGPAD_6 G  00005698   
JAGPAD_3 G  0000569C   JAGPAD_PAUSE G  000056A0   JAGPAD_A G  000056A4   
JAGPAD_OPTION G  000056A8   JAGPAD_STAR G  000056AC   JAGPAD_7 G  000056B0   
JAGPAD_4 G  000056B4   JAGPAD_1 G  000056B8   JAGPAD_0 G  000056BC   
JAGPAD_8 G  000056C0   JAGPAD_5 G  000056C4   JAGPAD_2 G  000056C8   
JAGPAD_B G  000056CC   JAGPAD_C G  000056D0   JAGPAD_TL G  000056D4   
JAGPAD_TR G  000056D8   JAGPAD_Z G  000056DC   JAGPAD_Y G  000056E0   
JAGPAD_X G  000056E4   JAGPAD_C1 G  000056E8   JAGPAD_C2 G  000056EC   
JAGPAD_C3 G  000056F0   RAPTOR_HWinit G  00012C24   RAPTOR_start_video G  00015350   
RAPTOR_setlist G  0001545E   RAPTOR_UPDATE_ALL G  0001543A   raptor_spritetab G  0001F290   
raptor_maptop_obj G  0001F224   raptor_tiles_x G  0001F228   raptor_tiles_y G  0001F22C   
raptor_tilesperx G  0001F230   raptor_tilespery G  0001F234   raptor_mapwidth G  0001F238   
raptor_mapheight G  0001F23C   raptor_maxparts G  0001F240   raptor_mapbmptiles G  0001F248   
raptor_tilerem_mask G  0001F24C   raptor_partbuf_x G  0001F250   raptor_partbuf_y G  0001F254   
raptor_pdriftx G  0001F258   raptor_pdrifty G  0001F25C   raptor_pgfx G  0001F288   
raptor_pgfxe G  0001F28C   raptor_partitab G  0001F294   raptor_partipal G  0001F280   
raptor_8x8_addr G  0001F274   raptor_8x16_addr G  0001F278   raptor_16x16_addr G  0001F27C   
raptor_MTwork G  0001F284   raptor_mtapp G  0001F298   raptor_mtfn G  0001F29C   
raptor_vidmode G  0001F218   raptor_videnable G  0001F21C   raptor_varmod G  0001F220   
raptor_top_of_bss G  0001F260   raptor_trashram G  0001F264   raptor_uvbi_jmp G  0001F268   
raptor_poobjl G  0001F26C   raptor_probjl G  0001F270   raptor_inittab G  0001F2A0   
__Z9basicmainv G  0001F30A   RAPTOR_Version G  00012B00   RAPTOR_random G  00012B1A   
RAPTOR_Install G  00012B2C   RAPTOR_usepartipal G  00012BCE   RAPTOR_use8x8fontpal G  00012BDC   
RAPTOR_use8x16fontpal G  00012BEA   RAPTOR_use16x16fontpal G  00012BF8   raptor_font8x8_pal G  00012D38   
raptor_font8x16_pal G  00012D58   raptor_font16x16_pal G  00012D78   RAPTOR_ERROR G  00013252   
RAPTOR_InitVideo G  00013268   raptor_table_starts G  00013414   raptor_collisionlist G  00013494   
RAPTOR_move_palette G  0001449C   RAPTOR_GFXConvert G  000144B4   RAPTOR_setup_object_bra G  00014924   
RAPTOR_setup_object_xy G  0001493E   RAPTOR_setup_object_xyg G  00014974   RAPTOR_setup_object_xg G  000149B8   
RAPTOR_setup_object_g G  000149E8   RAPTOR_setup_object_xyz G  000149F8   RAPTOR_rmw G  00014AD0   
RAPTOR_setpalt G  00014ADC   RAPTOR_reflect G  00014AF0   raptor_blitter_use G  00014AFC   
RAPTOR_CreateObject G  00014C78   RAPTOR_chk_highscores G  00014DA6   RAPTOR_resort_score_table G  00014E0A   
raptor_MT_start_address G  00014E94   raptor_MT_save_length G  00014E98   raptor_highscores1_hex G  00014EEC   
raptor_highscores1_nam G  00014F14   raptor_highscores2_hex G  00014F64   raptor_highscores2_nam G  00014F8C   
raptor_highscores3_hex G  00014FDC   raptor_highscores3_nam G  00015004   raptor_highscores4_hex G  00015054   
raptor_highscores4_nam G  0001507C   raptor_highscores5_hex G  000150CC   raptor_highscores5_nam G  000150F4   
raptor_last_score_hex G  00015144   raptor_last_score_name G  00015148   raptor_user_savedata G  0001514C   
raptor_VI G  00015394   RAPTOR_wait_frame G  00015396   raptor_vbl_time_remain G  000153C0   
RAPTOR_wait_frame_UPDATE_ALL G  000153C4   RAPTOR_UPDATE_PARTICLES_ERASE G  000153FA   RAPTOR_UPDATE_PARTICLES_PLOT G  0001540A   
RAPTOR_UPDATE_SPRITES G  0001541A   RAPTOR_UPDATE_PARTICLES G  0001542A   RAPTOR_update_offscreenlist G  000154BE   
RAPTOR_VB_INTERUPT G  00015530   raptor_ticks G  000155FC   raptor_ntsc_flag G  000155FE   
raptor_liststart G  00015604   RAPTOR_call_GPU_code G  0001560A   RAPTOR_call_GPU_code_STOP G  0001563E   
RAPTOR_call_GPU_code_nowait G  00015668   RAPTOR_particle_init G  0001567A   RAPTOR_particle_clear G  000156B8   
RAPTOR_print G  0001573E   RAPTOR_printr G  000159F4   RAPTOR_HEXtoASCII G  00015A32   
RAPTOR_HEXtoDEC G  00015A6C   RAPTOR_particle_trigtable G  00015AE0   RAPTOR_d_lz77 G  00016AE0   
raptor_map_tiles_bits G  00016BDC   RAPTOR_obj_shift G  00016BE0   raptor_map_position_x G  00016C00   
raptor_map_position_y G  00016C04   RAPTOR_init_map_objs G  00016C08   RAPTOR_map_set_position G  00016CF2   
raptor_fade_delay G  00016D20   RAPTOR_fade_clut G  00016D22   RAPTOR_fade_clutindex G  00016DD4   
RAPTOR_attach_rmotion G  00016E7A   RAPTOR_blitter G  00016E80   RAPTOR_NRVUnpack G  00016EA8   
RAPTOR_setclock G  00016EC8   RAPTOR_addclock G  00016EE8   RAPTOR_subclock G  00016F1C   
raptor_clock_jiffies G  00017050   raptor_clock_mode G  00017052   raptor_clock_hex G  00017054   
raptor_clock_val G  00017058   RAPTOR_ShrinklerDecompress G  000173A0   RAPTOR_objsort G  0001745E   
raptor_sorting_table G  000175F2   RAPTOR_calc_angle G  00017938   RAPTOR_init_calc_angle G  0001796C   
RAPTOR_eeReadLongWord G  00017A9E   RAPTOR_eeWriteLongWord G  00017ABC   RAPTOR_eeWriteWord G  00017AD4   
RAPTOR_eeReadWord G  00017AF6   RAPTOR_eeWriteBank G  00017AFC   RAPTOR_eeReadBank G  00017B4A   
RAPTOR_eeUpdateChecksum G  00017B84   RAPTOR_eeValidateChecksum G  00017BAC   raptor_left_teamtap G  00017C9E   
raptor_right_teamtap G  00017CA2   raptor_left_teamtap_pad0 G  00017CA6   raptor_left_teamtap_pad1 G  00017CAA   
raptor_left_teamtap_pad2 G  00017CAE   raptor_left_teamtap_pad3 G  00017CB2   raptor_right_teamtap_pad0 G  00017CB6   
raptor_right_teamtap_pad1 G  00017CBA   raptor_right_teamtap_pad2 G  00017CBE   raptor_right_teamtap_pad3 G  00017CC2   
RAPTOR_check_left_teamptap G  00017D46   RAPTOR_check_right_teamptap G  00017D76   RAPTOR_read_left_teamtap_state G  00017DA6   
RAPTOR_read_right_teamtap_state G  00017F1E   RAPTOR_read_right_teamtap_pad G  000180B6   RAPTOR_read_left_teamtap_pad G  000180B8   
RAPTOR_flashcheck G  000181C4   raptor_console_x G  000181CA   raptor_console_y G  000181D2   
raptor_console_visible G  000181DA   raptor_console_monitors G  0001822A   RAPTOR_console_inverse G  0001E080   
RAPTOR_console_update_registers G  0001E0A8   RAPTOR_console_update_usermonitors G  0001E10C   RAPTOR_console_update_textline G  0001E182   
raptor_mapindex G  0001F244   raptor_ang_search G  0001F2A4   raptor_col_user G  0001F2A8   
rapLocate G  0002C4C4   _rapPrint G  0002C468   rapFlashCheck G  0002C5B0   
_jsfVsync G  0002BC06   RAPTOR_mt_init G  0001F3E0   RAPTOR_mt_load G  0001F42C   
RAPTOR_mt_save G  0001F528   raptor_mt_present G  00021334   RAPTOR_MTtrash G  00021550   
RAPTOR_U235SilenceChannels G  00025560   RAPTOR_U235ChangeReplayFrq G  000255C4   RAPTOR_U235setpad1 G  000255D2   
RAPTOR_U235setpad2 G  000255DE   RAPTOR_U235setrot1 G  000255EA   RAPTOR_U235setrot2 G  00025602   
RAPTOR_U235init G  0002561A   RAPTOR_U235stopDSP G  00025696   RAPTOR_U235playsample G  000256BC   
RAPTOR_U235queuesample G  000256F2   RAPTOR_U235playqueue G  00025710   RAPTOR_U235resetqueue G  0002573C   
RAPTOR_U235setmodule G  0002576C   RAPTOR_U235gomodule_mono G  0002577C   RAPTOR_U235gomodule_stereo G  0002579A   
RAPTOR_U235stopmodule G  000257B8   raptor_samplebank_ptr G  00025910   modinit  G  000280A8   
U235SE_initNTSC G  00028064   U235SE_initPAL G  00028076   RAPTOR_LSP_onoff G  000265A8   
RAPTOR_LSP_stopmusic G  000265B0   RAPTOR_LSP_startmusic G  000265C6   RAPTOR_LSP_playmodule G  000265DC   
RAPTOR_LSP_Sample G  00026612   RAPTOR_LSP_Init G  000266B4   RAPTOR_LSP_StartDSP G  000266C8   
silence  G  00026830   fin_silence G  00026834   RAPTOR_GD_Init G  000268CE   
RAPTOR_GD_BIOSVersion G  000269A4   RAPTOR_GD_ROMWriteEnable G  000269CC   RAPTOR_GD_GetCartSerial G  000269F4   
RAPTOR_GD_GetCardSerial G  00026A90   RAPTOR_GD_CardIn G  00026ABE   RAPTOR_GD_Reset G  00026AF2   
RAPTOR_GD_DebugString G  00026B12   RAPTOR_GD_SetLED G  00026B3A   RAPTOR_GD_DirOpen G  00026B74   
RAPTOR_GD_DirRead G  00026B9C   RAPTOR_GD_DirClose G  00026BD6   RAPTOR_GD_FileOpen G  00026C0A   
RAPTOR_GD_FileRead G  00026C38   RAPTOR_GD_FileWrite G  00026C66   RAPTOR_GD_FileClose G  00026C94   
RAPTOR_GD_FileSeek G  00026CC2   RAPTOR_GD_FileTell G  00026CF0   RAPTOR_GD_FileSize G  00026D1E   
RAPTOR_GD_FileInfo G  00026D4C   RAPTOR_ftime_to_ascii G  00026D7A   RAPTOR_fdate_to_ascii G  00026DD6   
RAPTOR_GD_LoadFile G  00026E36   RAPTOR_GD_SaveFile G  00026E80   raptor_GD_detect G  00026ED0   
raptor_GD_SERIAL G  00026ED2   raptor_GD_ASERIAL G  00026EE2   raptor_SD_SERIAL G  00026EFE   
raptor_GD_LEDstate G  00026F0E   raptor_GD_cardstat G  00026F10   raptor_fileinfo G  00026F12   
raptor_fsize G  00026F12   raptor_fdate G  00026F16   raptor_ftime G  00026F18   
raptor_fattr G  00026F1A   raptor_fshort G  00026F1B   raptor_flong G  00026F28   
U235SE_modinit G  000280A8   modinitpos G  000280AA   U235SE_modinitpos G  000280AA   
dspcode  G  00028950   ___mulsi3 G  0002A960   ___udivsi3 G  0002A9A0   
___divsi3 G  0002AA00   ___umodsi3 G  0002AA40   ___modsi3 G  0002AA80   
$_exception_handler G  0002B20E   ___addsf3 G  0002AB0E   ___subsf3 G  0002AB08   
___mulsf3 G  0002AD9E   ___divsf3 G  0002AECA   ___negsf2 G  0002B090   
___cmpsf2 G  0002B17E   ___cmpsf2_internal G  0002B0E2   ___clear_sticky_bit G  0002B200   
___eqsf2 G  0002B280   ___ltsf2 G  0002B2A0   ___unordsf2 G  0002B2C0   
___unorddf2 G  0002B304   ___floatunsidf G  0002B376   ___floatsidf G  0002B3DA   
___floatunsisf G  0002B46A   ___truncdfsf2 G  0002B50A   ___floatsisf G  0002B47E   
___extendsfdf2 G  0002B492   ___fixdfsi G  0002B640   ___fixsfsi G  0002B6BA   
_jsfDebugMessage G  0002B6E0   _jsfDebugMessageHalt G  0002B710   jsfGetPad G  0002B744   
__Z17jsfGetPadPressed1v G  0002B7FA   __Z17jsfGetPadPressed2v G  0002B884   jsfGetPadPressed G  0002B90E   
rapUnpack G  0002B93A   jsfUnpack68k G  0002B966   jsfSprlistFieldSetvalOffset G  0002BA22   
jsfSprlistFieldModOffset G  0002BA6A   jsfSprlistFieldSetOffset G  0002BAB4   jsfSprlistFieldSetval G  0002BAFC   
jsfSprlistFieldMod G  0002BB3A   jsfSprlistFieldSet G  0002BB7A   _cls     G  0002BBB8   
_jsfPlot G  0002BBC4   jsfDelay G  0002BC72   jsfEEPROMFullRead G  0002BCBC   
eeReadBank G  0002E87E   jsfEEPROMWordRead G  0002BCDA   eeReadWord G  0002E7C2   
jsfEEPROMBoardRead G  0002BCF4   eeReadSingleBank G  0002E806   jsfEEPROMFullWrite G  0002BDA8   
eeWriteBank G  0002E82E   jsfEEPROMWordWrite G  0002BDC6   eeWriteWord G  0002E7A0   
jsfEEPROMBoardWrite G  0002BDE4   eeWriteSingleBank G  0002E7C8   jsfEEPROMUserDataRead G  0002BE98   
jsfEEPROMUserDataWrite G  0002BEC6   jsfEEPROM G  0002BEF4   jsfEEPROMWord G  0002BF20   
jsfEEPROMBoard G  0002BF4E   jsfLoadClut G  0002BF7E   jsfClearBuffer G  0002C020   
jsfSort  G  0002C040   rapInitCalcAngle G  0002C1B2   rapCalcAngle G  0002C1CC   
rapAngleVector G  0002C1F2   rapDebugSetMonitor G  0002C21C   _rapDebugPrint G  0002C23E   
rapDebugUpdate G  0002C25A   rapDebugSetXY G  0002C26E   rapDebugSetVisible G  0002C286   
rapHiscoreSort G  0002C2A8   rapBlitlist G  0002C2C6   rapNumToStr G  0002C2F6   
rapHexToStr G  0002C316   RBRA     G  0002C33C   rapHiscoreCheck G  0002C358   
rapFadeSingle G  0002C37A   rapFadeClut G  0002C394   rapSetActiveList G  0002C3B6   
rapCollide G  0002C3D0   rapParticleInject G  0002C41A   rapSetMapLoc G  0002C442   
_rapPrintCont G  0002C49C   rapUpdateOffscreenList G  0002C4DC   rapSpriteShift G  0002C4F6   
rapSetClock G  0002C52E   rapAddClock G  0002C544   rapSubClock G  0002C55E   
rapSortSprites G  0002C578   rapGDGetCartSerial G  0002C5BE   rapGDCardInserted G  0002C5CC   
rapGDSetLEDOn G  0002C5EA   rapGDSetLEDOff G  0002C602   rapGDReset G  0002C61A   
rapGDGetCardSerial G  0002C634   rapGDDebugPrint G  0002C642   rapGDLoadFile G  0002C65E   
rapGDSaveFile G  0002C67C   rapGDBIOSVersion G  0002C69E   rapGDROMWriteEnable G  0002C6AC   
rapGDDirOpen G  0002C6BE   rapGDDirRead G  0002C6D8   rapGDDirClose G  0002C6EA   
rapGDFileOpen G  0002C6FC   rapGDFileRead G  0002C71A   rapGDFileWrite G  0002C740   
rapGDFileClose G  0002C762   rapGDFileSeek G  0002C774   rapGDFileTell G  0002C796   
rapGDFileSize G  0002C7A8   rapGDFileInfo G  0002C7BA   rapGDFTimeToASCII G  0002C7DC   
rapGDFDateToASCII G  0002C7F2   rapUseParticlePalette G  0002C808   rapUse8x8fontPalette G  0002C81A   
rapUse8x16fontPalette G  0002C82C   rapUse16x16fontPalette G  0002C83E   u235PlaySample G  0002C850   
u235PlaySampleFreq G  0002C8A6   u235ChannelFreq G  0002C910   u235KillChannel G  0002C96A   
u235ChannelVol G  0002C9B0   _u235GetPad G  0002CA06   __Z14u235PlayModuleis G  0002CA3C   
__Z14u235StopModulev G  0002CAA6   __Z11u235Silencev G  0002CAC8   u235ChangeReplayFrq G  0002CAEA   
_u235ModuleVol G  0002CB30   _u235SampleVol G  0002CB40   u235StopDSP G  0002CB50   
u235Init G  0002CB76   u235Restart G  0002CBBC   zeroGetPad G  0002CC9E   
zeroPlaySample G  0002CCFE   zeroPlay G  0002CD5E   zeroClearChannel G  0002CDCE   
LSPGetPad G  0002CE26   LSPPlayModule G  0002CE5C   LSPStartMusic G  0002CE8A   
LSPStopMusic G  0002CEA8   LSPMusicToggle G  0002CEC6   LSPStartDSP G  0002CEE4   
LSPPlaySampleLoop G  0002CF02   LSPPlaySample G  0002CF46   rapCheckTTExists G  0002CF8E   
rapGetTTState G  0002CFDE   rapGetTTPad G  0002D05E   __Z10ee_sprintfPcPKcz G  0002E750   
ee_printf G  0002E76C   eeUpdateChecksum G  0002E8BA   eeValidateChecksum G  0002E8E4   


DATA-SEGMENT RELOCATABLE SYMBOLS

_DATA_E  G  0002EA60   colliders G  0002E9E0   sprite   G  0002E9E4   
__fpCCR  G  0002EA00   _xcpt    G  0002EA20   

BSS-SEGMENT RELOCATABLE SYMBOLS

_BSS_E   G  00054AA0   RAPTOR_particle_gfx G  00032A70   RAPTOR_sprite_table G  0003C070   
_trashram G  00054910   _jsfFontIndx G  0005498E   _jsfFontSize G  00054992   
_js_r_textbuffer G  00054960   zero_left_pad G  00054978   zero_right_pad G  0005497C   
_pad1    G  0005495C   _pad1Last G  00054954   _pad1Prev G  0005494C   
_pad2    G  00054958   _pad2Last G  00054950   _pad2Prev G  00054948   
_plot_colour G  0005498C   rapAngle_xAdd G  00054944   rapAngle_yAdd G  00054940   
_js_r_xpos G  0005499A   _js_r_ypos G  00054996   _yt2     G  00054964   
_y       G  0005496C   _errno   G  00054974   zero_mousex_delta G  00054980   
zero_mousey_delta G  00054984   zero_rotary_delta G  00054988   

LOAD MAP

NON-RELOCATABLE SYMBOLS



TEXT-SEGMENT RELOCATABLE SYMBOLS

_TEXT_E  G  0002E9E0   Audio_Play G  000041E2   Input_ReadPads G  00004330   
Input_SetJoyPort1 G  00004372   Input_SetJoyPort2 G  00004380   Input_SetNormalPadMode G  0000438E   
Input_SetRotaryMode G  0000439C   Input_SetAtariMouseMode G  000043BC   Input_SetAmigaMouseMode G  000043CA   
Input_Read G  000043D8   jsfVsyncFlag G  000055BC   RAPTOR_PRE_Object_List G  000055C0   
RAPTOR_POST_Object_List G  000055C2   AUDIOPLAYER G  0000567E   JAGPAD_UP G  00005680   
JAGPAD_DOWN G  00005684   JAGPAD_LEFT G  00005688   JAGPAD_RIGHT G  0000568C   
JAGPAD_HASH G  00005690   JAGPAD_9 G  00005694   JAGPAD_6 G  00005698   
JAGPAD_3 G  0000569C   JAGPAD_PAUSE G  000056A0   JAGPAD_A G  000056A4   
JAGPAD_OPTION G  000056A8   JAGPAD_STAR G  000056AC   JAGPAD_7 G  000056B0   
JAGPAD_4 G  000056B4   JAGPAD_1 G  000056B8   JAGPAD_0 G  000056BC   
JAGPAD_8 G  000056C0   JAGPAD_5 G  000056C4   JAGPAD_2 G  000056C8   
JAGPAD_B G  000056CC   JAGPAD_C G  000056D0   JAGPAD_TL G  000056D4   
JAGPAD_TR G  000056D8   JAGPAD_Z G  000056DC   JAGPAD_Y G  000056E0   
JAGPAD_X G  000056E4   JAGPAD_C1 G  000056E8   JAGPAD_C2 G  000056EC   
JAGPAD_C3 G  000056F0   RAPTOR_HWinit G  00012C24   RAPTOR_start_video G  00015350   
RAPTOR_setlist G  0001545E   RAPTOR_UPDATE_ALL G  0001543A   raptor_spritetab G  0001F290   
raptor_maptop_obj G  0001F224   raptor_tiles_x G  0001F228   raptor_tiles_y G  0001F22C   
raptor_tilesperx G  0001F230   raptor_tilespery G  0001F234   raptor_mapwidth G  0001F238   
raptor_mapheight G  0001F23C   raptor_maxparts G  0001F240   raptor_mapbmptiles G  0001F248   
raptor_tilerem_mask G  0001F24C   raptor_partbuf_x G  0001F250   raptor_partbuf_y G  0001F254   
raptor_pdriftx G  0001F258   raptor_pdrifty G  0001F25C   raptor_pgfx G  0001F288   
raptor_pgfxe G  0001F28C   raptor_partitab G  0001F294   raptor_partipal G  0001F280   
raptor_8x8_addr G  0001F274   raptor_8x16_addr G  0001F278   raptor_16x16_addr G  0001F27C   
raptor_MTwork G  0001F284   raptor_mtapp G  0001F298   raptor_mtfn G  0001F29C   
raptor_vidmode G  0001F218   raptor_videnable G  0001F21C   raptor_varmod G  0001F220   
raptor_top_of_bss G  0001F260   raptor_trashram G  0001F264   raptor_uvbi_jmp G  0001F268   
raptor_poobjl G  0001F26C   raptor_probjl G  0001F270   raptor_inittab G  0001F2A0   
__Z9basicmainv G  0001F30A   RAPTOR_Version G  00012B00   RAPTOR_random G  00012B1A   
RAPTOR_Install G  00012B2C   RAPTOR_usepartipal G  00012BCE   RAPTOR_use8x8fontpal G  00012BDC   
RAPTOR_use8x16fontpal G  00012BEA   RAPTOR_use16x16fontpal G  00012BF8   raptor_font8x8_pal G  00012D38   
raptor_font8x16_pal G  00012D58   raptor_font16x16_pal G  00012D78   RAPTOR_ERROR G  00013252   
RAPTOR_InitVideo G  00013268   raptor_table_starts G  00013414   raptor_collisionlist G  00013494   
RAPTOR_move_palette G  0001449C   RAPTOR_GFXConvert G  000144B4   RAPTOR_setup_object_bra G  00014924   
RAPTOR_setup_object_xy G  0001493E   RAPTOR_setup_object_xyg G  00014974   RAPTOR_setup_object_xg G  000149B8   
RAPTOR_setup_object_g G  000149E8   RAPTOR_setup_object_xyz G  000149F8   RAPTOR_rmw G  00014AD0   
RAPTOR_setpalt G  00014ADC   RAPTOR_reflect G  00014AF0   raptor_blitter_use G  00014AFC   
RAPTOR_CreateObject G  00014C78   RAPTOR_chk_highscores G  00014DA6   RAPTOR_resort_score_table G  00014E0A   
raptor_MT_start_address G  00014E94   raptor_MT_save_length G  00014E98   raptor_highscores1_hex G  00014EEC   
raptor_highscores1_nam G  00014F14   raptor_highscores2_hex G  00014F64   raptor_highscores2_nam G  00014F8C   
raptor_highscores3_hex G  00014FDC   raptor_highscores3_nam G  00015004   raptor_highscores4_hex G  00015054   
raptor_highscores4_nam G  0001507C   raptor_highscores5_hex G  000150CC   raptor_highscores5_nam G  000150F4   
raptor_last_score_hex G  00015144   raptor_last_score_name G  00015148   raptor_user_savedata G  0001514C   
raptor_VI G  00015394   RAPTOR_wait_frame G  00015396   raptor_vbl_time_remain G  000153C0   
RAPTOR_wait_frame_UPDATE_ALL G  000153C4   RAPTOR_UPDATE_PARTICLES_ERASE G  000153FA   RAPTOR_UPDATE_PARTICLES_PLOT G  0001540A   
RAPTOR_UPDATE_SPRITES G  0001541A   RAPTOR_UPDATE_PARTICLES G  0001542A   RAPTOR_update_offscreenlist G  000154BE   
RAPTOR_VB_INTERUPT G  00015530   raptor_ticks G  000155FC   raptor_ntsc_flag G  000155FE   
raptor_liststart G  00015604   RAPTOR_call_GPU_code G  0001560A   RAPTOR_call_GPU_code_STOP G  0001563E   
RAPTOR_call_GPU_code_nowait G  00015668   RAPTOR_particle_init G  0001567A   RAPTOR_particle_clear G  000156B8   
RAPTOR_print G  0001573E   RAPTOR_printr G  000159F4   RAPTOR_HEXtoASCII G  00015A32   
RAPTOR_HEXtoDEC G  00015A6C   RAPTOR_particle_trigtable G  00015AE0   RAPTOR_d_lz77 G  00016AE0   
raptor_map_tiles_bits G  00016BDC   RAPTOR_obj_shift G  00016BE0   raptor_map_position_x G  00016C00   
raptor_map_position_y G  00016C04   RAPTOR_init_map_objs G  00016C08   RAPTOR_map_set_position G  00016CF2   
raptor_fade_delay G  00016D20   RAPTOR_fade_clut G  00016D22   RAPTOR_fade_clutindex G  00016DD4   
RAPTOR_attach_rmotion G  00016E7A   RAPTOR_blitter G  00016E80   RAPTOR_NRVUnpack G  00016EA8   
RAPTOR_setclock G  00016EC8   RAPTOR_addclock G  00016EE8   RAPTOR_subclock G  00016F1C   
raptor_clock_jiffies G  00017050   raptor_clock_mode G  00017052   raptor_clock_hex G  00017054   
raptor_clock_val G  00017058   RAPTOR_ShrinklerDecompress G  000173A0   RAPTOR_objsort G  0001745E   
raptor_sorting_table G  000175F2   RAPTOR_calc_angle G  00017938   RAPTOR_init_calc_angle G  0001796C   
RAPTOR_eeReadLongWord G  00017A9E   RAPTOR_eeWriteLongWord G  00017ABC   RAPTOR_eeWriteWord G  00017AD4   
RAPTOR_eeReadWord G  00017AF6   RAPTOR_eeWriteBank G  00017AFC   RAPTOR_eeReadBank G  00017B4A   
RAPTOR_eeUpdateChecksum G  00017B84   RAPTOR_eeValidateChecksum G  00017BAC   raptor_left_teamtap G  00017C9E   
raptor_right_teamtap G  00017CA2   raptor_left_teamtap_pad0 G  00017CA6   raptor_left_teamtap_pad1 G  00017CAA   
raptor_left_teamtap_pad2 G  00017CAE   raptor_left_teamtap_pad3 G  00017CB2   raptor_right_teamtap_pad0 G  00017CB6   
raptor_right_teamtap_pad1 G  00017CBA   raptor_right_teamtap_pad2 G  00017CBE   raptor_right_teamtap_pad3 G  00017CC2   
RAPTOR_check_left_teamptap G  00017D46   RAPTOR_check_right_teamptap G  00017D76   RAPTOR_read_left_teamtap_state G  00017DA6   
RAPTOR_read_right_teamtap_state G  00017F1E   RAPTOR_read_right_teamtap_pad G  000180B6   RAPTOR_read_left_teamtap_pad G  000180B8   
RAPTOR_flashcheck G  000181C4   raptor_console_x G  000181CA   raptor_console_y G  000181D2   
raptor_console_visible G  000181DA   raptor_console_monitors G  0001822A   RAPTOR_console_inverse G  0001E080   
RAPTOR_console_update_registers G  0001E0A8   RAPTOR_console_update_usermonitors G  0001E10C   RAPTOR_console_update_textline G  0001E182   
raptor_mapindex G  0001F244   raptor_ang_search G  0001F2A4   raptor_col_user G  0001F2A8   
rapLocate G  0002C4C4   _rapPrint G  0002C468   rapFlashCheck G  0002C5B0   
_jsfVsync G  0002BC06   RAPTOR_mt_init G  0001F3E0   RAPTOR_mt_load G  0001F42C   
RAPTOR_mt_save G  0001F528   raptor_mt_present G  00021334   RAPTOR_MTtrash G  00021550   
RAPTOR_U235SilenceChannels G  00025560   RAPTOR_U235ChangeReplayFrq G  000255C4   RAPTOR_U235setpad1 G  000255D2   
RAPTOR_U235setpad2 G  000255DE   RAPTOR_U235setrot1 G  000255EA   RAPTOR_U235setrot2 G  00025602   
RAPTOR_U235init G  0002561A   RAPTOR_U235stopDSP G  00025696   RAPTOR_U235playsample G  000256BC   
RAPTOR_U235queuesample G  000256F2   RAPTOR_U235playqueue G  00025710   RAPTOR_U235resetqueue G  0002573C   
RAPTOR_U235setmodule G  0002576C   RAPTOR_U235gomodule_mono G  0002577C   RAPTOR_U235gomodule_stereo G  0002579A   
RAPTOR_U235stopmodule G  000257B8   raptor_samplebank_ptr G  00025910   modinit  G  000280A8   
U235SE_initNTSC G  00028064   U235SE_initPAL G  00028076   RAPTOR_LSP_onoff G  000265A8   
RAPTOR_LSP_stopmusic G  000265B0   RAPTOR_LSP_startmusic G  000265C6   RAPTOR_LSP_playmodule G  000265DC   
RAPTOR_LSP_Sample G  00026612   RAPTOR_LSP_Init G  000266B4   RAPTOR_LSP_StartDSP G  000266C8   
silence  G  00026830   fin_silence G  00026834   RAPTOR_GD_Init G  000268CE   
RAPTOR_GD_BIOSVersion G  000269A4   RAPTOR_GD_ROMWriteEnable G  000269CC   RAPTOR_GD_GetCartSerial G  000269F4   
RAPTOR_GD_GetCardSerial G  00026A90   RAPTOR_GD_CardIn G  00026ABE   RAPTOR_GD_Reset G  00026AF2   
RAPTOR_GD_DebugString G  00026B12   RAPTOR_GD_SetLED G  00026B3A   RAPTOR_GD_DirOpen G  00026B74   
RAPTOR_GD_DirRead G  00026B9C   RAPTOR_GD_DirClose G  00026BD6   RAPTOR_GD_FileOpen G  00026C0A   
RAPTOR_GD_FileRead G  00026C38   RAPTOR_GD_FileWrite G  00026C66   RAPTOR_GD_FileClose G  00026C94   
RAPTOR_GD_FileSeek G  00026CC2   RAPTOR_GD_FileTell G  00026CF0   RAPTOR_GD_FileSize G  00026D1E   
RAPTOR_GD_FileInfo G  00026D4C   RAPTOR_ftime_to_ascii G  00026D7A   RAPTOR_fdate_to_ascii G  00026DD6   
RAPTOR_GD_LoadFile G  00026E36   RAPTOR_GD_SaveFile G  00026E80   raptor_GD_detect G  00026ED0   
raptor_GD_SERIAL G  00026ED2   raptor_GD_ASERIAL G  00026EE2   raptor_SD_SERIAL G  00026EFE   
raptor_GD_LEDstate G  00026F0E   raptor_GD_cardstat G  00026F10   raptor_fileinfo G  00026F12   
raptor_fsize G  00026F12   raptor_fdate G  00026F16   raptor_ftime G  00026F18   
raptor_fattr G  00026F1A   raptor_fshort G  00026F1B   raptor_flong G  00026F28   
U235SE_modinit G  000280A8   modinitpos G  000280AA   U235SE_modinitpos G  000280AA   
dspcode  G  00028950   ___mulsi3 G  0002A960   ___udivsi3 G  0002A9A0   
___divsi3 G  0002AA00   ___umodsi3 G  0002AA40   ___modsi3 G  0002AA80   
$_exception_handler G  0002B20E   ___addsf3 G  0002AB0E   ___subsf3 G  0002AB08   
___mulsf3 G  0002AD9E   ___divsf3 G  0002AECA   ___negsf2 G  0002B090   
___cmpsf2 G  0002B17E   ___cmpsf2_internal G  0002B0E2   ___clear_sticky_bit G  0002B200   
___eqsf2 G  0002B280   ___ltsf2 G  0002B2A0   ___unordsf2 G  0002B2C0   
___unorddf2 G  0002B304   ___floatunsidf G  0002B376   ___floatsidf G  0002B3DA   
___floatunsisf G  0002B46A   ___truncdfsf2 G  0002B50A   ___floatsisf G  0002B47E   
___extendsfdf2 G  0002B492   ___fixdfsi G  0002B640   ___fixsfsi G  0002B6BA   
_jsfDebugMessage G  0002B6E0   _jsfDebugMessageHalt G  0002B710   jsfGetPad G  0002B744   
__Z17jsfGetPadPressed1v G  0002B7FA   __Z17jsfGetPadPressed2v G  0002B884   jsfGetPadPressed G  0002B90E   
rapUnpack G  0002B93A   jsfUnpack68k G  0002B966   jsfSprlistFieldSetvalOffset G  0002BA22   
jsfSprlistFieldModOffset G  0002BA6A   jsfSprlistFieldSetOffset G  0002BAB4   jsfSprlistFieldSetval G  0002BAFC   
jsfSprlistFieldMod G  0002BB3A   jsfSprlistFieldSet G  0002BB7A   _cls     G  0002BBB8   
_jsfPlot G  0002BBC4   jsfDelay G  0002BC72   jsfEEPROMFullRead G  0002BCBC   
eeReadBank G  0002E87E   jsfEEPROMWordRead G  0002BCDA   eeReadWord G  0002E7C2   
jsfEEPROMBoardRead G  0002BCF4   eeReadSingleBank G  0002E806   jsfEEPROMFullWrite G  0002BDA8   
eeWriteBank G  0002E82E   jsfEEPROMWordWrite G  0002BDC6   eeWriteWord G  0002E7A0   
jsfEEPROMBoardWrite G  0002BDE4   eeWriteSingleBank G  0002E7C8   jsfEEPROMUserDataRead G  0002BE98   
jsfEEPROMUserDataWrite G  0002BEC6   jsfEEPROM G  0002BEF4   jsfEEPROMWord G  0002BF20   
jsfEEPROMBoard G  0002BF4E   jsfLoadClut G  0002BF7E   jsfClearBuffer G  0002C020   
jsfSort  G  0002C040   rapInitCalcAngle G  0002C1B2   rapCalcAngle G  0002C1CC   
rapAngleVector G  0002C1F2   rapDebugSetMonitor G  0002C21C   _rapDebugPrint G  0002C23E   
rapDebugUpdate G  0002C25A   rapDebugSetXY G  0002C26E   rapDebugSetVisible G  0002C286   
rapHiscoreSort G  0002C2A8   rapBlitlist G  0002C2C6   rapNumToStr G  0002C2F6   
rapHexToStr G  0002C316   RBRA     G  0002C33C   rapHiscoreCheck G  0002C358   
rapFadeSingle G  0002C37A   rapFadeClut G  0002C394   rapSetActiveList G  0002C3B6   
rapCollide G  0002C3D0   rapParticleInject G  0002C41A   rapSetMapLoc G  0002C442   
_rapPrintCont G  0002C49C   rapUpdateOffscreenList G  0002C4DC   rapSpriteShift G  0002C4F6   
rapSetClock G  0002C52E   rapAddClock G  0002C544   rapSubClock G  0002C55E   
rapSortSprites G  0002C578   rapGDGetCartSerial G  0002C5BE   rapGDCardInserted G  0002C5CC   
rapGDSetLEDOn G  0002C5EA   rapGDSetLEDOff G  0002C602   rapGDReset G  0002C61A   
rapGDGetCardSerial G  0002C634   rapGDDebugPrint G  0002C642   rapGDLoadFile G  0002C65E   
rapGDSaveFile G  0002C67C   rapGDBIOSVersion G  0002C69E   rapGDROMWriteEnable G  0002C6AC   
rapGDDirOpen G  0002C6BE   rapGDDirRead G  0002C6D8   rapGDDirClose G  0002C6EA   
rapGDFileOpen G  0002C6FC   rapGDFileRead G  0002C71A   rapGDFileWrite G  0002C740   
rapGDFileClose G  0002C762   rapGDFileSeek G  0002C774   rapGDFileTell G  0002C796   
rapGDFileSize G  0002C7A8   rapGDFileInfo G  0002C7BA   rapGDFTimeToASCII G  0002C7DC   
rapGDFDateToASCII G  0002C7F2   rapUseParticlePalette G  0002C808   rapUse8x8fontPalette G  0002C81A   
rapUse8x16fontPalette G  0002C82C   rapUse16x16fontPalette G  0002C83E   u235PlaySample G  0002C850   
u235PlaySampleFreq G  0002C8A6   u235ChannelFreq G  0002C910   u235KillChannel G  0002C96A   
u235ChannelVol G  0002C9B0   _u235GetPad G  0002CA06   __Z14u235PlayModuleis G  0002CA3C   
__Z14u235StopModulev G  0002CAA6   __Z11u235Silencev G  0002CAC8   u235ChangeReplayFrq G  0002CAEA   
_u235ModuleVol G  0002CB30   _u235SampleVol G  0002CB40   u235StopDSP G  0002CB50   
u235Init G  0002CB76   u235Restart G  0002CBBC   zeroGetPad G  0002CC9E   
zeroPlaySample G  0002CCFE   zeroPlay G  0002CD5E   zeroClearChannel G  0002CDCE   
LSPGetPad G  0002CE26   LSPPlayModule G  0002CE5C   LSPStartMusic G  0002CE8A   
LSPStopMusic G  0002CEA8   LSPMusicToggle G  0002CEC6   LSPStartDSP G  0002CEE4   
LSPPlaySampleLoop G  0002CF02   LSPPlaySample G  0002CF46   rapCheckTTExists G  0002CF8E   
rapGetTTState G  0002CFDE   rapGetTTPad G  0002D05E   __Z10ee_sprintfPcPKcz G  0002E750   
ee_printf G  0002E76C   eeUpdateChecksum G  0002E8BA   eeValidateChecksum G  0002E8E4   


DATA-SEGMENT RELOCATABLE SYMBOLS

_DATA_E  G  0002EA60   colliders G  0002E9E0   sprite   G  0002E9E4   
__fpCCR  G  0002EA00   _xcpt    G  0002EA20   

BSS-SEGMENT RELOCATABLE SYMBOLS

_BSS_E   G  00054AA0   RAPTOR_particle_gfx G  00032A70   RAPTOR_sprite_table G  0003C070   
_trashram G  00054910   _jsfFontIndx G  0005498E   _jsfFontSize G  00054992   
_js_r_textbuffer G  00054960   zero_left_pad G  00054978   zero_right_pad G  0005497C   
_pad1    G  0005495C   _pad1Last G  00054954   _pad1Prev G  0005494C   
_pad2    G  00054958   _pad2Last G  00054950   _pad2Prev G  00054948   
_plot_colour G  0005498C   rapAngle_xAdd G  00054944   rapAngle_yAdd G  00054940   
_js_r_xpos G  0005499A   _js_r_ypos G  00054996   _yt2     G  00054964   
_y       G  0005496C   _errno   G  00054974   zero_mousex_delta G  00054980   
zero_mousey_delta G  00054984   zero_rotary_delta G  00054988   

 
Making packed ROM... 
Make-a-rom starting
    Dumping universal header...
    Dumping startup code...
    Dumping linkfile...
    Packing basic binary...
    Dumping packed file...
    Padding ROM...
Make-a-rom finished - everything went fine!
 
starting vj 
