Buildlink starting

Checking if assets.txt is newer than any of the build folder files....
    Opening - /home/tbone/Programming/jagstudio/projects/basic/nyandodge/assets.txt...
    Opening - /home/tbone/Programming/jagstudio/projects/basic/nyandodge\build\linkfile.bin...
    Opening - /home/tbone/Programming/jagstudio/projects/basic/nyandodge\build\romassets.inc...
    Opening - /home/tbone/Programming/jagstudio/projects/basic/nyandodge\build\romassets.h...
    Opening - /home/tbone/Programming/jagstudio/projects/basic/nyandodge\build\ramassets.inc...
    Opening - /home/tbone/Programming/jagstudio/projects/basic/nyandodge\build\build.log...
    Reading assets.txt line
        Processing ASSETS\GFX\_nyancat.bmp
        Converting BMP internally into gfxdata/clut...
        File is 32 pixels wide, 88 pixels high and is 4 bits/pixel
        Adding in RAM...
    Reading assets.txt line
        Processing ASSETS\GFX\_ufo.bmp
        Converting BMP internally into gfxdata/clut...
        File is 16 pixels wide, 64 pixels high and is 4 bits/pixel
        Adding in RAM...
    Reading assets.txt line
        Processing ASSETS\sfx\mod\Module1.mod
        Adding /home/tbone/Programming/jagstudio/projects/basic/nyandodge\ASSETS\sfx\mod\Module1.mod in RAM...
    Reading assets.txt line
        Processing ASSETS\sfx\mod\alf.mod
        Adding /home/tbone/Programming/jagstudio/projects/basic/nyandodge\ASSETS\sfx\mod\alf.mod in RAM...
    Reading assets.txt line
        Processing ASSETS\SFX\SND\EXPLODE.RAW
        Adding /home/tbone/Programming/jagstudio/projects/basic/nyandodge\ASSETS\SFX\SND\EXPLODE.RAW in RAM...
Buildlink finished - everything went fine!
