JagStudio Version: 1.11 
 
Buildlink starting

Checking if assets.txt is newer than any of the build folder files....
    Opening - F:\Jaguar\Tools\JagStudio\projects\basic\scoresadvanced\assets.txt...
    Opening - F:\Jaguar\Tools\JagStudio\projects\basic\scoresadvanced\build\linkfile.bin...
    Opening - F:\Jaguar\Tools\JagStudio\projects\basic\scoresadvanced\build\romassets.inc...
    Opening - F:\Jaguar\Tools\JagStudio\projects\basic\scoresadvanced\build\romassets.h...
    Opening - F:\Jaguar\Tools\JagStudio\projects\basic\scoresadvanced\build\ramassets.inc...
    Opening - F:\Jaguar\Tools\JagStudio\projects\basic\scoresadvanced\build\build.log...
    Reading assets.txt line
    Reading assets.txt line
    Reading assets.txt line
    Reading assets.txt line
    Reading assets.txt line
    Reading assets.txt line
    Reading assets.txt line
    Reading assets.txt line
    Reading assets.txt line
    Reading assets.txt line
    Reading assets.txt line
    Reading assets.txt line
    Reading assets.txt line
    Reading assets.txt line
    Reading assets.txt line
    Reading assets.txt line
    Reading assets.txt line
    Reading assets.txt line
    Reading assets.txt line
    Reading assets.txt line
    Reading assets.txt line
    Reading assets.txt line
    Reading assets.txt line
    Reading assets.txt line
    Reading assets.txt line
    Reading assets.txt line
    Reading assets.txt line
    Reading assets.txt line
    Reading assets.txt line
    Reading assets.txt line
    Reading assets.txt line
Buildlink finished - everything went fine!
 
Assembling raptor skeleton... 
 
Translating .bas file to C... 
      BCX Path set to Not Found
BCX-32: BASIC to C/C++ Translator by Kevin Diggins (c) 1999-2009
BCX-32 Version 6.00 (2009/06/02)
[Lines In: 219] [Lines Out: 411] [Statements: 134] [Time: 0.01 sec's]
BCX translated F:\Jaguar\Tools\JagStudio\projects\basic\scoresadvanced\scoresadvanced.bas to F:\Jaguar\Tools\JagStudio\projects\basic\scoresadvanced\build\scoresadvanced.c For a C Compiler
 
Compiling C code to O... 
F:\Jaguar\Tools\JagStudio\projects\basic\scoresadvanced\build\scoresadvanced.c: In function 'void basicmain()':
F:\Jaguar\Tools\JagStudio\projects\basic\scoresadvanced\build\scoresadvanced.c:159:27: warning: deprecated conversion from string constant to 'char*' [-Wwrite-strings]
F:\Jaguar\Tools\JagStudio\projects\basic\scoresadvanced\build\scoresadvanced.c: In function 'void displayScoreboard(int)':
F:\Jaguar\Tools\JagStudio\projects\basic\scoresadvanced\build\scoresadvanced.c:343:21: warning: deprecated conversion from string constant to 'char*' [-Wwrite-strings]
Compiling C code to S... 
F:\Jaguar\Tools\JagStudio\projects\basic\scoresadvanced\build\scoresadvanced.c: In function 'void basicmain()':
F:\Jaguar\Tools\JagStudio\projects\basic\scoresadvanced\build\scoresadvanced.c:159:27: warning: deprecated conversion from string constant to 'char*' [-Wwrite-strings]
F:\Jaguar\Tools\JagStudio\projects\basic\scoresadvanced\build\scoresadvanced.c: In function 'void displayScoreboard(int)':
F:\Jaguar\Tools\JagStudio\projects\basic\scoresadvanced\build\scoresadvanced.c:343:21: warning: deprecated conversion from string constant to 'char*' [-Wwrite-strings]
 
Linking things... 
LOAD MAP

NON-RELOCATABLE SYMBOLS



TEXT-SEGMENT RELOCATABLE SYMBOLS

_TEXT_E  G  0002D980   Audio_Play G  00004176   Input_Read G  00004176   
jsfVsyncFlag G  000041B8   RAPTOR_PRE_Object_List G  000041BC   RAPTOR_POST_Object_List G  000041BE   
AUDIOPLAYER G  00004280   JAGPAD_UP G  00004282   JAGPAD_DOWN G  00004286   
JAGPAD_LEFT G  0000428A   JAGPAD_RIGHT G  0000428E   JAGPAD_HASH G  00004292   
JAGPAD_9 G  00004296   JAGPAD_6 G  0000429A   JAGPAD_3 G  0000429E   
JAGPAD_PAUSE G  000042A2   JAGPAD_A G  000042A6   JAGPAD_OPTION G  000042AA   
JAGPAD_STAR G  000042AE   JAGPAD_7 G  000042B2   JAGPAD_4 G  000042B6   
JAGPAD_1 G  000042BA   JAGPAD_0 G  000042BE   JAGPAD_8 G  000042C2   
JAGPAD_5 G  000042C6   JAGPAD_2 G  000042CA   JAGPAD_B G  000042CE   
JAGPAD_C G  000042D2   JAGPAD_TL G  000042D6   JAGPAD_TR G  000042DA   
JAGPAD_Z G  000042DE   JAGPAD_Y G  000042E2   JAGPAD_X G  000042E6   
RAPTOR_HWinit G  000117CE   RAPTOR_start_video G  00013E80   RAPTOR_setlist G  00013F8E   
RAPTOR_UPDATE_ALL G  00013F6A   raptor_spritetab G  0001D848   raptor_maptop_obj G  0001D7DC   
raptor_tiles_x G  0001D7E0   raptor_tiles_y G  0001D7E4   raptor_tilesperx G  0001D7E8   
raptor_tilespery G  0001D7EC   raptor_mapwidth G  0001D7F0   raptor_mapheight G  0001D7F4   
raptor_maxparts G  0001D7F8   raptor_mapbmptiles G  0001D800   raptor_tilerem_mask G  0001D804   
raptor_partbuf_x G  0001D808   raptor_partbuf_y G  0001D80C   raptor_pdriftx G  0001D810   
raptor_pdrifty G  0001D814   raptor_pgfx G  0001D840   raptor_pgfxe G  0001D844   
raptor_partitab G  0001D84C   raptor_partipal G  0001D838   raptor_8x8_addr G  0001D82C   
raptor_8x16_addr G  0001D830   raptor_16x16_addr G  0001D834   raptor_MTwork G  0001D83C   
raptor_mtapp G  0001D850   raptor_mtfn G  0001D854   raptor_vidmode G  0001D7D0   
raptor_videnable G  0001D7D4   raptor_varmod G  0001D7D8   raptor_top_of_bss G  0001D818   
raptor_trashram G  0001D81C   raptor_uvbi_jmp G  0001D820   raptor_poobjl G  0001D824   
raptor_probjl G  0001D828   raptor_inittab G  0001D858   RAPTOR_U235init G  000247FA   
raptor_samplebank_ptr G  00024AF0   __Z9basicmainv G  0001E2BE   RAPTOR_U235playqueue G  000248F0   
RAPTOR_U235resetqueue G  0002491C   RAPTOR_Version G  00011700   RAPTOR_random G  0001171A   
RAPTOR_Install G  0001172C   raptor_font8x8_pal G  000118DE   raptor_font8x16_pal G  000118FE   
raptor_font16x16_pal G  0001191E   RAPTOR_ERROR G  00011DD8   RAPTOR_InitVideo G  00011DEE   
raptor_collisionlist G  00011FCC   RAPTOR_move_palette G  00012FD4   RAPTOR_GFXConvert G  00012FEC   
RAPTOR_setup_object_bra G  0001345C   RAPTOR_setup_object_xy G  00013476   RAPTOR_setup_object_xyg G  000134AC   
RAPTOR_setup_object_xg G  000134F0   RAPTOR_setup_object_g G  00013520   RAPTOR_setup_object_xyz G  00013530   
RAPTOR_rmw G  00013600   RAPTOR_setpalt G  0001360C   RAPTOR_reflect G  00013620   
raptor_blitter_use G  0001362C   RAPTOR_CreateObject G  000137A8   RAPTOR_chk_highscores G  000138D6   
RAPTOR_resort_score_table G  0001393A   raptor_MT_start_address G  000139C4   raptor_MT_save_length G  000139C8   
raptor_highscores1_hex G  00013A1C   raptor_highscores1_nam G  00013A44   raptor_highscores2_hex G  00013A94   
raptor_highscores2_nam G  00013ABC   raptor_highscores3_hex G  00013B0C   raptor_highscores3_nam G  00013B34   
raptor_highscores4_hex G  00013B84   raptor_highscores4_nam G  00013BAC   raptor_highscores5_hex G  00013BFC   
raptor_highscores5_nam G  00013C24   raptor_last_score_hex G  00013C74   raptor_last_score_name G  00013C78   
raptor_user_savedata G  00013C7C   raptor_VI G  00013EC4   RAPTOR_wait_frame G  00013EC6   
raptor_vbl_time_remain G  00013EF0   RAPTOR_wait_frame_UPDATE_ALL G  00013EF4   RAPTOR_UPDATE_PARTICLES_ERASE G  00013F2A   
RAPTOR_UPDATE_PARTICLES_PLOT G  00013F3A   RAPTOR_UPDATE_SPRITES G  00013F4A   RAPTOR_UPDATE_PARTICLES G  00013F5A   
RAPTOR_update_offscreenlist G  00013FEE   RAPTOR_VB_INTERUPT G  00014060   raptor_ticks G  0001412C   
raptor_ntsc_flag G  0001412E   raptor_liststart G  00014134   RAPTOR_call_GPU_code G  0001413A   
RAPTOR_call_GPU_code_STOP G  0001416E   RAPTOR_call_GPU_code_nowait G  00014198   RAPTOR_particle_init G  000141AA   
RAPTOR_particle_clear G  000141D4   RAPTOR_print G  0001425A   RAPTOR_printr G  00014510   
RAPTOR_HEXtoASCII G  0001454E   RAPTOR_HEXtoDEC G  00014588   RAPTOR_particle_trigtable G  00014600   
RAPTOR_d_lz77 G  00015600   raptor_map_tiles_bits G  000156FC   RAPTOR_obj_shift G  00015700   
raptor_map_position_x G  00015720   raptor_map_position_y G  00015724   RAPTOR_init_map_objs G  00015728   
RAPTOR_map_set_position G  00015812   raptor_fade_delay G  00015840   RAPTOR_fade_clut G  00015842   
RAPTOR_fade_clutindex G  000158F4   RAPTOR_attach_rmotion G  0001599A   RAPTOR_blitter G  000159A0   
RAPTOR_NRVUnpack G  000159C8   RAPTOR_setclock G  000159E8   RAPTOR_addclock G  00015A08   
RAPTOR_subclock G  00015A3C   raptor_clock_jiffies G  00015B70   raptor_clock_mode G  00015B72   
raptor_clock_hex G  00015B74   raptor_clock_val G  00015B78   RAPTOR_ShrinklerDecompress G  00015EC0   
RAPTOR_objsort G  00015F7E   raptor_sorting_table G  00016112   RAPTOR_calc_angle G  0001641E   
RAPTOR_init_calc_angle G  00016452   RAPTOR_eeReadLongWord G  00016584   RAPTOR_eeWriteLongWord G  000165A2   
RAPTOR_eeWriteWord G  000165BA   RAPTOR_eeReadWord G  000165DC   RAPTOR_eeWriteBank G  000165E2   
RAPTOR_eeReadBank G  00016630   RAPTOR_eeUpdateChecksum G  0001666A   RAPTOR_eeValidateChecksum G  00016692   
raptor_console_x G  00016784   raptor_console_y G  0001678C   raptor_console_visible G  00016794   
raptor_console_monitors G  000167E4   RAPTOR_console_inverse G  0001C638   RAPTOR_console_update_registers G  0001C660   
RAPTOR_console_update_usermonitors G  0001C6C4   RAPTOR_console_update_textline G  0001C73A   raptor_mapindex G  0001D7FC   
raptor_ang_search G  0001D85C   raptor_col_user G  0001D860   __Z6midstrPciiS_ G  0001D880   
_strlen  G  00029D40   _memcpy  G  00029B40   __Z19createDefaultScoresv G  0001D8FA   
__Z13setScoreboardi G  0001DCF4   __Z17displayScoreboardi G  0001DDCA   rapLocate G  0002B686   
ee_printf G  0002D70C   _rapPrint G  0002B62A   __Z9saveScorePcii G  0001E08E   
_strcpy  G  00029D20   rapHiscoreCheck G  0002B51A   rapHiscoreSort G  0002B472   
jsfEEPROM G  0002B0BC   _jsfVsync G  0002B006   jsfGetPad G  0002AB44   
jsfDelay G  0002B072   _cls     G  0002AFB8   RAPTOR_mt_init G  0001E5C0   
RAPTOR_mt_load G  0001E60C   RAPTOR_mt_save G  0001E708   raptor_mt_present G  00020514   
RAPTOR_MTtrash G  00020730   RAPTOR_U235SilenceChannels G  00024740   RAPTOR_U235ChangeReplayFrq G  000247A4   
RAPTOR_U235setpad1 G  000247B2   RAPTOR_U235setpad2 G  000247BE   RAPTOR_U235setrot1 G  000247CA   
RAPTOR_U235setrot2 G  000247E2   RAPTOR_U235stopDSP G  00024876   RAPTOR_U235playsample G  0002489C   
RAPTOR_U235queuesample G  000248D2   RAPTOR_U235setmodule G  0002494C   RAPTOR_U235gomodule_mono G  0002495C   
RAPTOR_U235gomodule_stereo G  0002497A   RAPTOR_U235stopmodule G  00024998   modinit  G  00027288   
U235SE_initNTSC G  00027244   U235SE_initPAL G  00027256   RAPTOR_LSP_onoff G  00025788   
RAPTOR_LSP_stopmusic G  00025790   RAPTOR_LSP_startmusic G  000257A6   RAPTOR_LSP_playmodule G  000257BC   
RAPTOR_LSP_Sample G  000257F2   RAPTOR_LSP_Init G  00025890   RAPTOR_LSP_StartDSP G  000258A4   
silence  G  00025A10   fin_silence G  00025A14   RAPTOR_GD_Init G  00025AAE   
RAPTOR_GD_BIOSVersion G  00025B84   RAPTOR_GD_ROMWriteEnable G  00025BAC   RAPTOR_GD_GetCartSerial G  00025BD4   
RAPTOR_GD_GetCardSerial G  00025C70   RAPTOR_GD_CardIn G  00025C9E   RAPTOR_GD_Reset G  00025CD2   
RAPTOR_GD_DebugString G  00025CF2   RAPTOR_GD_SetLED G  00025D1A   RAPTOR_GD_DirOpen G  00025D54   
RAPTOR_GD_DirRead G  00025D7C   RAPTOR_GD_DirClose G  00025DB6   RAPTOR_GD_FileOpen G  00025DEA   
RAPTOR_GD_FileRead G  00025E18   RAPTOR_GD_FileWrite G  00025E46   RAPTOR_GD_FileClose G  00025E74   
RAPTOR_GD_FileSeek G  00025EA2   RAPTOR_GD_FileTell G  00025ED0   RAPTOR_GD_FileSize G  00025EFE   
RAPTOR_GD_FileInfo G  00025F2C   RAPTOR_ftime_to_ascii G  00025F5A   RAPTOR_fdate_to_ascii G  00025FB6   
RAPTOR_GD_LoadFile G  00026016   RAPTOR_GD_SaveFile G  00026060   raptor_GD_detect G  000260B0   
raptor_GD_SERIAL G  000260B2   raptor_GD_ASERIAL G  000260C2   raptor_SD_SERIAL G  000260DE   
raptor_GD_LEDstate G  000260EE   raptor_GD_cardstat G  000260F0   raptor_fileinfo G  000260F2   
raptor_fsize G  000260F2   raptor_fdate G  000260F6   raptor_ftime G  000260F8   
raptor_fattr G  000260FA   raptor_fshort G  000260FB   raptor_flong G  00026108   
U235SE_modinit G  00027288   modinitpos G  0002728A   U235SE_modinitpos G  0002728A   
dspcode  G  00027B30   ___bcopy G  00029B4A   __bcopy  G  00029B4A   
_bcopy   G  00029B4A   _memmove G  00029B40   ___mulsi3 G  00029D60   
___udivsi3 G  00029DA0   ___divsi3 G  00029E00   ___umodsi3 G  00029E40   
___modsi3 G  00029E80   $_exception_handler G  0002A60E   ___addsf3 G  00029F0E   
___subsf3 G  00029F08   ___mulsf3 G  0002A19E   ___divsf3 G  0002A2CA   
___negsf2 G  0002A490   ___cmpsf2 G  0002A57E   ___cmpsf2_internal G  0002A4E2   
___clear_sticky_bit G  0002A600   ___eqsf2 G  0002A680   ___ltsf2 G  0002A6A0   
___unordsf2 G  0002A6C0   ___unorddf2 G  0002A704   ___floatunsidf G  0002A776   
___floatsidf G  0002A7DA   ___floatunsisf G  0002A86A   ___truncdfsf2 G  0002A90A   
___floatsisf G  0002A87E   ___extendsfdf2 G  0002A892   ___fixdfsi G  0002AA40   
___fixsfsi G  0002AABA   _jsfDebugMessage G  0002AAE0   _jsfDebugMessageHalt G  0002AB10   
__Z17jsfGetPadPressed1v G  0002ABFA   __Z17jsfGetPadPressed2v G  0002AC84   jsfGetPadPressed G  0002AD0E   
rapUnpack G  0002AD3A   jsfUnpack68k G  0002AD66   jsfSprlistFieldSetvalOffset G  0002AE22   
jsfSprlistFieldModOffset G  0002AE6A   jsfSprlistFieldSetOffset G  0002AEB4   jsfSprlistFieldSetval G  0002AEFC   
jsfSprlistFieldMod G  0002AF3A   jsfSprlistFieldSet G  0002AF7A   _jsfPlot G  0002AFC4   
eeReadBank G  0002D81E   eeWriteBank G  0002D7CE   jsfEEPROMWord G  0002B0E8   
eeReadWord G  0002D762   eeWriteWord G  0002D740   jsfEEPROMBoard G  0002B118   
eeReadSingleBank G  0002D7A6   eeWriteSingleBank G  0002D768   jsfLoadClut G  0002B148   
jsfClearBuffer G  0002B1EA   jsfSort  G  0002B20A   rapInitCalcAngle G  0002B37C   
rapCalcAngle G  0002B396   rapAngleVector G  0002B3BC   rapDebugSetMonitor G  0002B3E6   
_rapDebugPrint G  0002B408   rapDebugUpdate G  0002B424   rapDebugSetXY G  0002B438   
rapDebugSetVisible G  0002B450   rapBlitlist G  0002B488   rapNumToStr G  0002B4B8   
rapHexToStr G  0002B4D8   RBRA     G  0002B4FE   rapFadeSingle G  0002B53C   
rapFadeClut G  0002B556   rapSetActiveList G  0002B578   rapCollide G  0002B592   
rapParticleInject G  0002B5DC   rapSetMapLoc G  0002B604   _rapPrintCont G  0002B65E   
rapUpdateOffscreenList G  0002B69E   rapSpriteShift G  0002B6B8   rapSetClock G  0002B6F0   
rapAddClock G  0002B706   rapSubClock G  0002B720   rapSortSprites G  0002B73A   
rapGDGetCartSerial G  0002B772   rapGDCardInserted G  0002B780   rapGDSetLEDOn G  0002B79E   
rapGDSetLEDOff G  0002B7B6   rapGDReset G  0002B7CE   rapGDGetCardSerial G  0002B7E8   
rapGDDebugPrint G  0002B7F6   rapGDLoadFile G  0002B812   rapGDSaveFile G  0002B830   
rapGDBIOSVersion G  0002B852   rapGDROMWriteEnable G  0002B860   rapGDDirOpen G  0002B872   
rapGDDirRead G  0002B88C   rapGDDirClose G  0002B89E   rapGDFileOpen G  0002B8B0   
rapGDFileRead G  0002B8CE   rapGDFileWrite G  0002B8F4   rapGDFileClose G  0002B916   
rapGDFileSeek G  0002B928   rapGDFileTell G  0002B94A   rapGDFileSize G  0002B95C   
rapGDFileInfo G  0002B96E   rapGDFTimeToASCII G  0002B990   rapGDFDateToASCII G  0002B9A6   
u235PlaySample G  0002B9BC   u235PlaySampleFreq G  0002BA12   u235ChannelFreq G  0002BA7C   
u235KillChannel G  0002BAD6   u235ChannelVol G  0002BB1C   _u235GetPad G  0002BB72   
__Z14u235PlayModuleis G  0002BBA8   __Z14u235StopModulev G  0002BC12   __Z11u235Silencev G  0002BC34   
u235ChangeReplayFrq G  0002BC56   _u235ModuleVol G  0002BC9C   _u235SampleVol G  0002BCAC   
u235StopDSP G  0002BCBC   u235Init G  0002BCE2   u235Restart G  0002BD28   
zeroGetPad G  0002BE0A   zeroPlaySample G  0002BE6A   zeroPlay G  0002BECA   
zeroClearChannel G  0002BF3A   LSPGetPad G  0002BF92   LSPPlayModule G  0002BFC8   
LSPStartMusic G  0002BFF6   LSPStopMusic G  0002C014   LSPMusicToggle G  0002C032   
LSPStartDSP G  0002C050   LSPPlaySample G  0002C06E   __Z10ee_sprintfPcPKcz G  0002D6F0   
eeUpdateChecksum G  0002D85A   eeValidateChecksum G  0002D884   

DATA-SEGMENT RELOCATABLE SYMBOLS

_DATA_E  G  0002DA00   colliders G  0002D980   sprite   G  0002D984   
__fpCCR  G  0002D9A0   _xcpt    G  0002D9C0   

BSS-SEGMENT RELOCATABLE SYMBOLS

_BSS_E   G  00054240   RAPTOR_particle_gfx G  00031A00   RAPTOR_sprite_table G  0003B000   
_trashram G  000538A0   _js_r_textbuffer G  00054100   _jsfFontSize G  00054132   
_jsfFontIndx G  0005412E   zero_left_pad G  00054118   zero_right_pad G  0005411C   
_pad1    G  000540FC   _pad1Last G  000540F4   _pad1Prev G  000540EC   
_pad2    G  000540F8   _pad2Last G  000540F0   _pad2Prev G  000540E8   
_plot_colour G  0005412C   rapAngle_xAdd G  000540E4   rapAngle_yAdd G  000540E0   
_js_r_xpos G  0005413A   _js_r_ypos G  00054136   _yt2     G  00054104   
_y       G  0005410C   _errno   G  00054114   zero_mousex_delta G  00054120   
zero_mousey_delta G  00054124   zero_rotary_delta G  00054128   

LOAD MAP

NON-RELOCATABLE SYMBOLS



TEXT-SEGMENT RELOCATABLE SYMBOLS

_TEXT_E  G  0002D980   Audio_Play G  00004176   Input_Read G  00004176   
jsfVsyncFlag G  000041B8   RAPTOR_PRE_Object_List G  000041BC   RAPTOR_POST_Object_List G  000041BE   
AUDIOPLAYER G  00004280   JAGPAD_UP G  00004282   JAGPAD_DOWN G  00004286   
JAGPAD_LEFT G  0000428A   JAGPAD_RIGHT G  0000428E   JAGPAD_HASH G  00004292   
JAGPAD_9 G  00004296   JAGPAD_6 G  0000429A   JAGPAD_3 G  0000429E   
JAGPAD_PAUSE G  000042A2   JAGPAD_A G  000042A6   JAGPAD_OPTION G  000042AA   
JAGPAD_STAR G  000042AE   JAGPAD_7 G  000042B2   JAGPAD_4 G  000042B6   
JAGPAD_1 G  000042BA   JAGPAD_0 G  000042BE   JAGPAD_8 G  000042C2   
JAGPAD_5 G  000042C6   JAGPAD_2 G  000042CA   JAGPAD_B G  000042CE   
JAGPAD_C G  000042D2   JAGPAD_TL G  000042D6   JAGPAD_TR G  000042DA   
JAGPAD_Z G  000042DE   JAGPAD_Y G  000042E2   JAGPAD_X G  000042E6   
RAPTOR_HWinit G  000117CE   RAPTOR_start_video G  00013E80   RAPTOR_setlist G  00013F8E   
RAPTOR_UPDATE_ALL G  00013F6A   raptor_spritetab G  0001D848   raptor_maptop_obj G  0001D7DC   
raptor_tiles_x G  0001D7E0   raptor_tiles_y G  0001D7E4   raptor_tilesperx G  0001D7E8   
raptor_tilespery G  0001D7EC   raptor_mapwidth G  0001D7F0   raptor_mapheight G  0001D7F4   
raptor_maxparts G  0001D7F8   raptor_mapbmptiles G  0001D800   raptor_tilerem_mask G  0001D804   
raptor_partbuf_x G  0001D808   raptor_partbuf_y G  0001D80C   raptor_pdriftx G  0001D810   
raptor_pdrifty G  0001D814   raptor_pgfx G  0001D840   raptor_pgfxe G  0001D844   
raptor_partitab G  0001D84C   raptor_partipal G  0001D838   raptor_8x8_addr G  0001D82C   
raptor_8x16_addr G  0001D830   raptor_16x16_addr G  0001D834   raptor_MTwork G  0001D83C   
raptor_mtapp G  0001D850   raptor_mtfn G  0001D854   raptor_vidmode G  0001D7D0   
raptor_videnable G  0001D7D4   raptor_varmod G  0001D7D8   raptor_top_of_bss G  0001D818   
raptor_trashram G  0001D81C   raptor_uvbi_jmp G  0001D820   raptor_poobjl G  0001D824   
raptor_probjl G  0001D828   raptor_inittab G  0001D858   RAPTOR_U235init G  000247FA   
raptor_samplebank_ptr G  00024AF0   __Z9basicmainv G  0001E2BE   RAPTOR_U235playqueue G  000248F0   
RAPTOR_U235resetqueue G  0002491C   RAPTOR_Version G  00011700   RAPTOR_random G  0001171A   
RAPTOR_Install G  0001172C   raptor_font8x8_pal G  000118DE   raptor_font8x16_pal G  000118FE   
raptor_font16x16_pal G  0001191E   RAPTOR_ERROR G  00011DD8   RAPTOR_InitVideo G  00011DEE   
raptor_collisionlist G  00011FCC   RAPTOR_move_palette G  00012FD4   RAPTOR_GFXConvert G  00012FEC   
RAPTOR_setup_object_bra G  0001345C   RAPTOR_setup_object_xy G  00013476   RAPTOR_setup_object_xyg G  000134AC   
RAPTOR_setup_object_xg G  000134F0   RAPTOR_setup_object_g G  00013520   RAPTOR_setup_object_xyz G  00013530   
RAPTOR_rmw G  00013600   RAPTOR_setpalt G  0001360C   RAPTOR_reflect G  00013620   
raptor_blitter_use G  0001362C   RAPTOR_CreateObject G  000137A8   RAPTOR_chk_highscores G  000138D6   
RAPTOR_resort_score_table G  0001393A   raptor_MT_start_address G  000139C4   raptor_MT_save_length G  000139C8   
raptor_highscores1_hex G  00013A1C   raptor_highscores1_nam G  00013A44   raptor_highscores2_hex G  00013A94   
raptor_highscores2_nam G  00013ABC   raptor_highscores3_hex G  00013B0C   raptor_highscores3_nam G  00013B34   
raptor_highscores4_hex G  00013B84   raptor_highscores4_nam G  00013BAC   raptor_highscores5_hex G  00013BFC   
raptor_highscores5_nam G  00013C24   raptor_last_score_hex G  00013C74   raptor_last_score_name G  00013C78   
raptor_user_savedata G  00013C7C   raptor_VI G  00013EC4   RAPTOR_wait_frame G  00013EC6   
raptor_vbl_time_remain G  00013EF0   RAPTOR_wait_frame_UPDATE_ALL G  00013EF4   RAPTOR_UPDATE_PARTICLES_ERASE G  00013F2A   
RAPTOR_UPDATE_PARTICLES_PLOT G  00013F3A   RAPTOR_UPDATE_SPRITES G  00013F4A   RAPTOR_UPDATE_PARTICLES G  00013F5A   
RAPTOR_update_offscreenlist G  00013FEE   RAPTOR_VB_INTERUPT G  00014060   raptor_ticks G  0001412C   
raptor_ntsc_flag G  0001412E   raptor_liststart G  00014134   RAPTOR_call_GPU_code G  0001413A   
RAPTOR_call_GPU_code_STOP G  0001416E   RAPTOR_call_GPU_code_nowait G  00014198   RAPTOR_particle_init G  000141AA   
RAPTOR_particle_clear G  000141D4   RAPTOR_print G  0001425A   RAPTOR_printr G  00014510   
RAPTOR_HEXtoASCII G  0001454E   RAPTOR_HEXtoDEC G  00014588   RAPTOR_particle_trigtable G  00014600   
RAPTOR_d_lz77 G  00015600   raptor_map_tiles_bits G  000156FC   RAPTOR_obj_shift G  00015700   
raptor_map_position_x G  00015720   raptor_map_position_y G  00015724   RAPTOR_init_map_objs G  00015728   
RAPTOR_map_set_position G  00015812   raptor_fade_delay G  00015840   RAPTOR_fade_clut G  00015842   
RAPTOR_fade_clutindex G  000158F4   RAPTOR_attach_rmotion G  0001599A   RAPTOR_blitter G  000159A0   
RAPTOR_NRVUnpack G  000159C8   RAPTOR_setclock G  000159E8   RAPTOR_addclock G  00015A08   
RAPTOR_subclock G  00015A3C   raptor_clock_jiffies G  00015B70   raptor_clock_mode G  00015B72   
raptor_clock_hex G  00015B74   raptor_clock_val G  00015B78   RAPTOR_ShrinklerDecompress G  00015EC0   
RAPTOR_objsort G  00015F7E   raptor_sorting_table G  00016112   RAPTOR_calc_angle G  0001641E   
RAPTOR_init_calc_angle G  00016452   RAPTOR_eeReadLongWord G  00016584   RAPTOR_eeWriteLongWord G  000165A2   
RAPTOR_eeWriteWord G  000165BA   RAPTOR_eeReadWord G  000165DC   RAPTOR_eeWriteBank G  000165E2   
RAPTOR_eeReadBank G  00016630   RAPTOR_eeUpdateChecksum G  0001666A   RAPTOR_eeValidateChecksum G  00016692   
raptor_console_x G  00016784   raptor_console_y G  0001678C   raptor_console_visible G  00016794   
raptor_console_monitors G  000167E4   RAPTOR_console_inverse G  0001C638   RAPTOR_console_update_registers G  0001C660   
RAPTOR_console_update_usermonitors G  0001C6C4   RAPTOR_console_update_textline G  0001C73A   raptor_mapindex G  0001D7FC   
raptor_ang_search G  0001D85C   raptor_col_user G  0001D860   __Z6midstrPciiS_ G  0001D880   
_strlen  G  00029D40   _memcpy  G  00029B40   __Z19createDefaultScoresv G  0001D8FA   
__Z13setScoreboardi G  0001DCF4   __Z17displayScoreboardi G  0001DDCA   rapLocate G  0002B686   
ee_printf G  0002D70C   _rapPrint G  0002B62A   __Z9saveScorePcii G  0001E08E   
_strcpy  G  00029D20   rapHiscoreCheck G  0002B51A   rapHiscoreSort G  0002B472   
jsfEEPROM G  0002B0BC   _jsfVsync G  0002B006   jsfGetPad G  0002AB44   
jsfDelay G  0002B072   _cls     G  0002AFB8   RAPTOR_mt_init G  0001E5C0   
RAPTOR_mt_load G  0001E60C   RAPTOR_mt_save G  0001E708   raptor_mt_present G  00020514   
RAPTOR_MTtrash G  00020730   RAPTOR_U235SilenceChannels G  00024740   RAPTOR_U235ChangeReplayFrq G  000247A4   
RAPTOR_U235setpad1 G  000247B2   RAPTOR_U235setpad2 G  000247BE   RAPTOR_U235setrot1 G  000247CA   
RAPTOR_U235setrot2 G  000247E2   RAPTOR_U235stopDSP G  00024876   RAPTOR_U235playsample G  0002489C   
RAPTOR_U235queuesample G  000248D2   RAPTOR_U235setmodule G  0002494C   RAPTOR_U235gomodule_mono G  0002495C   
RAPTOR_U235gomodule_stereo G  0002497A   RAPTOR_U235stopmodule G  00024998   modinit  G  00027288   
U235SE_initNTSC G  00027244   U235SE_initPAL G  00027256   RAPTOR_LSP_onoff G  00025788   
RAPTOR_LSP_stopmusic G  00025790   RAPTOR_LSP_startmusic G  000257A6   RAPTOR_LSP_playmodule G  000257BC   
RAPTOR_LSP_Sample G  000257F2   RAPTOR_LSP_Init G  00025890   RAPTOR_LSP_StartDSP G  000258A4   
silence  G  00025A10   fin_silence G  00025A14   RAPTOR_GD_Init G  00025AAE   
RAPTOR_GD_BIOSVersion G  00025B84   RAPTOR_GD_ROMWriteEnable G  00025BAC   RAPTOR_GD_GetCartSerial G  00025BD4   
RAPTOR_GD_GetCardSerial G  00025C70   RAPTOR_GD_CardIn G  00025C9E   RAPTOR_GD_Reset G  00025CD2   
RAPTOR_GD_DebugString G  00025CF2   RAPTOR_GD_SetLED G  00025D1A   RAPTOR_GD_DirOpen G  00025D54   
RAPTOR_GD_DirRead G  00025D7C   RAPTOR_GD_DirClose G  00025DB6   RAPTOR_GD_FileOpen G  00025DEA   
RAPTOR_GD_FileRead G  00025E18   RAPTOR_GD_FileWrite G  00025E46   RAPTOR_GD_FileClose G  00025E74   
RAPTOR_GD_FileSeek G  00025EA2   RAPTOR_GD_FileTell G  00025ED0   RAPTOR_GD_FileSize G  00025EFE   
RAPTOR_GD_FileInfo G  00025F2C   RAPTOR_ftime_to_ascii G  00025F5A   RAPTOR_fdate_to_ascii G  00025FB6   
RAPTOR_GD_LoadFile G  00026016   RAPTOR_GD_SaveFile G  00026060   raptor_GD_detect G  000260B0   
raptor_GD_SERIAL G  000260B2   raptor_GD_ASERIAL G  000260C2   raptor_SD_SERIAL G  000260DE   
raptor_GD_LEDstate G  000260EE   raptor_GD_cardstat G  000260F0   raptor_fileinfo G  000260F2   
raptor_fsize G  000260F2   raptor_fdate G  000260F6   raptor_ftime G  000260F8   
raptor_fattr G  000260FA   raptor_fshort G  000260FB   raptor_flong G  00026108   
U235SE_modinit G  00027288   modinitpos G  0002728A   U235SE_modinitpos G  0002728A   
dspcode  G  00027B30   ___bcopy G  00029B4A   __bcopy  G  00029B4A   
_bcopy   G  00029B4A   _memmove G  00029B40   ___mulsi3 G  00029D60   
___udivsi3 G  00029DA0   ___divsi3 G  00029E00   ___umodsi3 G  00029E40   
___modsi3 G  00029E80   $_exception_handler G  0002A60E   ___addsf3 G  00029F0E   
___subsf3 G  00029F08   ___mulsf3 G  0002A19E   ___divsf3 G  0002A2CA   
___negsf2 G  0002A490   ___cmpsf2 G  0002A57E   ___cmpsf2_internal G  0002A4E2   
___clear_sticky_bit G  0002A600   ___eqsf2 G  0002A680   ___ltsf2 G  0002A6A0   
___unordsf2 G  0002A6C0   ___unorddf2 G  0002A704   ___floatunsidf G  0002A776   
___floatsidf G  0002A7DA   ___floatunsisf G  0002A86A   ___truncdfsf2 G  0002A90A   
___floatsisf G  0002A87E   ___extendsfdf2 G  0002A892   ___fixdfsi G  0002AA40   
___fixsfsi G  0002AABA   _jsfDebugMessage G  0002AAE0   _jsfDebugMessageHalt G  0002AB10   
__Z17jsfGetPadPressed1v G  0002ABFA   __Z17jsfGetPadPressed2v G  0002AC84   jsfGetPadPressed G  0002AD0E   
rapUnpack G  0002AD3A   jsfUnpack68k G  0002AD66   jsfSprlistFieldSetvalOffset G  0002AE22   
jsfSprlistFieldModOffset G  0002AE6A   jsfSprlistFieldSetOffset G  0002AEB4   jsfSprlistFieldSetval G  0002AEFC   
jsfSprlistFieldMod G  0002AF3A   jsfSprlistFieldSet G  0002AF7A   _jsfPlot G  0002AFC4   
eeReadBank G  0002D81E   eeWriteBank G  0002D7CE   jsfEEPROMWord G  0002B0E8   
eeReadWord G  0002D762   eeWriteWord G  0002D740   jsfEEPROMBoard G  0002B118   
eeReadSingleBank G  0002D7A6   eeWriteSingleBank G  0002D768   jsfLoadClut G  0002B148   
jsfClearBuffer G  0002B1EA   jsfSort  G  0002B20A   rapInitCalcAngle G  0002B37C   
rapCalcAngle G  0002B396   rapAngleVector G  0002B3BC   rapDebugSetMonitor G  0002B3E6   
_rapDebugPrint G  0002B408   rapDebugUpdate G  0002B424   rapDebugSetXY G  0002B438   
rapDebugSetVisible G  0002B450   rapBlitlist G  0002B488   rapNumToStr G  0002B4B8   
rapHexToStr G  0002B4D8   RBRA     G  0002B4FE   rapFadeSingle G  0002B53C   
rapFadeClut G  0002B556   rapSetActiveList G  0002B578   rapCollide G  0002B592   
rapParticleInject G  0002B5DC   rapSetMapLoc G  0002B604   _rapPrintCont G  0002B65E   
rapUpdateOffscreenList G  0002B69E   rapSpriteShift G  0002B6B8   rapSetClock G  0002B6F0   
rapAddClock G  0002B706   rapSubClock G  0002B720   rapSortSprites G  0002B73A   
rapGDGetCartSerial G  0002B772   rapGDCardInserted G  0002B780   rapGDSetLEDOn G  0002B79E   
rapGDSetLEDOff G  0002B7B6   rapGDReset G  0002B7CE   rapGDGetCardSerial G  0002B7E8   
rapGDDebugPrint G  0002B7F6   rapGDLoadFile G  0002B812   rapGDSaveFile G  0002B830   
rapGDBIOSVersion G  0002B852   rapGDROMWriteEnable G  0002B860   rapGDDirOpen G  0002B872   
rapGDDirRead G  0002B88C   rapGDDirClose G  0002B89E   rapGDFileOpen G  0002B8B0   
rapGDFileRead G  0002B8CE   rapGDFileWrite G  0002B8F4   rapGDFileClose G  0002B916   
rapGDFileSeek G  0002B928   rapGDFileTell G  0002B94A   rapGDFileSize G  0002B95C   
rapGDFileInfo G  0002B96E   rapGDFTimeToASCII G  0002B990   rapGDFDateToASCII G  0002B9A6   
u235PlaySample G  0002B9BC   u235PlaySampleFreq G  0002BA12   u235ChannelFreq G  0002BA7C   
u235KillChannel G  0002BAD6   u235ChannelVol G  0002BB1C   _u235GetPad G  0002BB72   
__Z14u235PlayModuleis G  0002BBA8   __Z14u235StopModulev G  0002BC12   __Z11u235Silencev G  0002BC34   
u235ChangeReplayFrq G  0002BC56   _u235ModuleVol G  0002BC9C   _u235SampleVol G  0002BCAC   
u235StopDSP G  0002BCBC   u235Init G  0002BCE2   u235Restart G  0002BD28   
zeroGetPad G  0002BE0A   zeroPlaySample G  0002BE6A   zeroPlay G  0002BECA   
zeroClearChannel G  0002BF3A   LSPGetPad G  0002BF92   LSPPlayModule G  0002BFC8   
LSPStartMusic G  0002BFF6   LSPStopMusic G  0002C014   LSPMusicToggle G  0002C032   
LSPStartDSP G  0002C050   LSPPlaySample G  0002C06E   __Z10ee_sprintfPcPKcz G  0002D6F0   
eeUpdateChecksum G  0002D85A   eeValidateChecksum G  0002D884   

DATA-SEGMENT RELOCATABLE SYMBOLS

_DATA_E  G  0002DA00   colliders G  0002D980   sprite   G  0002D984   
__fpCCR  G  0002D9A0   _xcpt    G  0002D9C0   

BSS-SEGMENT RELOCATABLE SYMBOLS

_BSS_E   G  00054240   RAPTOR_particle_gfx G  00031A00   RAPTOR_sprite_table G  0003B000   
_trashram G  000538A0   _js_r_textbuffer G  00054100   _jsfFontSize G  00054132   
_jsfFontIndx G  0005412E   zero_left_pad G  00054118   zero_right_pad G  0005411C   
_pad1    G  000540FC   _pad1Last G  000540F4   _pad1Prev G  000540EC   
_pad2    G  000540F8   _pad2Last G  000540F0   _pad2Prev G  000540E8   
_plot_colour G  0005412C   rapAngle_xAdd G  000540E4   rapAngle_yAdd G  000540E0   
_js_r_xpos G  0005413A   _js_r_ypos G  00054136   _yt2     G  00054104   
_y       G  0005410C   _errno   G  00054114   zero_mousex_delta G  00054120   
zero_mousey_delta G  00054124   zero_rotary_delta G  00054128   

 
Making packed ROM... 
Make-a-rom starting
    Dumping universal header...
    Dumping startup code...
    Linkfile not found - assuming no assets in ROM...
    Packing basic binary...
    Dumping packed file...
    Padding ROM...
Make-a-rom finished - everything went fine!
