JagStudio Version: 1.11 
 
Buildlink starting

Checking if assets.txt is newer than any of the build folder files....
    Opening - F:\Jaguar\Tools\JagStudio\projects\basic\scaling\assets.txt...
    Opening - F:\Jaguar\Tools\JagStudio\projects\basic\scaling\build\linkfile.bin...
    Opening - F:\Jaguar\Tools\JagStudio\projects\basic\scaling\build\romassets.inc...
    Opening - F:\Jaguar\Tools\JagStudio\projects\basic\scaling\build\romassets.h...
    Opening - F:\Jaguar\Tools\JagStudio\projects\basic\scaling\build\ramassets.inc...
    Opening - F:\Jaguar\Tools\JagStudio\projects\basic\scaling\build\build.log...
    Reading assets.txt line
    Reading assets.txt line
    Reading assets.txt line
    Reading assets.txt line
    Reading assets.txt line
    Reading assets.txt line
    Reading assets.txt line
    Reading assets.txt line
    Reading assets.txt line
    Reading assets.txt line
    Reading assets.txt line
    Reading assets.txt line
    Reading assets.txt line
    Reading assets.txt line
    Reading assets.txt line
    Reading assets.txt line
    Reading assets.txt line
    Reading assets.txt line
    Reading assets.txt line
    Reading assets.txt line
    Reading assets.txt line
    Reading assets.txt line
    Reading assets.txt line
    Reading assets.txt line
    Reading assets.txt line
    Reading assets.txt line
    Reading assets.txt line
    Reading assets.txt line
    Reading assets.txt line
    Reading assets.txt line
    Reading assets.txt line
    Reading assets.txt line
    Reading assets.txt line
    Reading assets.txt line
    Reading assets.txt line
    Reading assets.txt line
        Processing assets\gfx\ship.bmp
        Converting BMP internally into gfxdata/clut...
        File is 32 pixels wide, 32 pixels high and is 4 bits/pixel
        Adding in RAM...
Buildlink finished - everything went fine!
 
Assembling raptor skeleton... 
zero_audio.s 3: Warning: CLR.L opcode ignored...
 
Translating .bas file to C... 
      BCX Path set to Not Found
BCX-32: BASIC to C/C++ Translator by Kevin Diggins (c) 1999-2009
BCX-32 Version 6.00 (2009/06/02)
[Lines In: 105] [Lines Out: 191] [Statements: 53] [Time: 0.01 sec's]
BCX translated F:\Jaguar\Tools\JagStudio\projects\basic\scaling\scaling.bas to F:\Jaguar\Tools\JagStudio\projects\basic\scaling\build\scaling.c For a C Compiler
 
Compiling C code to O... 
Compiling C code to S... 
 
Linking things... 
LOAD MAP

NON-RELOCATABLE SYMBOLS



TEXT-SEGMENT RELOCATABLE SYMBOLS

_TEXT_E  G  0002EE60   Audio_Play G  000041E2   Input_ReadPads G  00004330   
Input_SetJoyPort1 G  00004372   Input_SetJoyPort2 G  00004380   Input_SetNormalPadMode G  0000438E   
Input_SetRotaryMode G  0000439C   Input_SetAtariMouseMode G  000043BC   Input_SetAmigaMouseMode G  000043CA   
Input_Read G  000043D8   jsfVsyncFlag G  000055BC   RAPTOR_PRE_Object_List G  000055C0   
RAPTOR_POST_Object_List G  000055C2   AUDIOPLAYER G  00005712   JAGPAD_UP G  00005714   
JAGPAD_DOWN G  00005718   JAGPAD_LEFT G  0000571C   JAGPAD_RIGHT G  00005720   
JAGPAD_HASH G  00005724   JAGPAD_9 G  00005728   JAGPAD_6 G  0000572C   
JAGPAD_3 G  00005730   JAGPAD_PAUSE G  00005734   JAGPAD_A G  00005738   
JAGPAD_OPTION G  0000573C   JAGPAD_STAR G  00005740   JAGPAD_7 G  00005744   
JAGPAD_4 G  00005748   JAGPAD_1 G  0000574C   JAGPAD_0 G  00005750   
JAGPAD_8 G  00005754   JAGPAD_5 G  00005758   JAGPAD_2 G  0000575C   
JAGPAD_B G  00005760   JAGPAD_C G  00005764   JAGPAD_TL G  00005768   
JAGPAD_TR G  0000576C   JAGPAD_Z G  00005770   JAGPAD_Y G  00005774   
JAGPAD_X G  00005778   JAGPAD_C1 G  0000577C   JAGPAD_C2 G  00005780   
JAGPAD_C3 G  00005784   SHIP     G  00012B90   SHIP_clut G  00012D90   
RAPTOR_HWinit G  00012EE4   RAPTOR_start_video G  000155C0   RAPTOR_setlist G  000156CE   
RAPTOR_UPDATE_ALL G  000156AA   raptor_spritetab G  0001F550   raptor_maptop_obj G  0001F4E4   
raptor_tiles_x G  0001F4E8   raptor_tiles_y G  0001F4EC   raptor_tilesperx G  0001F4F0   
raptor_tilespery G  0001F4F4   raptor_mapwidth G  0001F4F8   raptor_mapheight G  0001F4FC   
raptor_maxparts G  0001F500   raptor_mapbmptiles G  0001F508   raptor_tilerem_mask G  0001F50C   
raptor_partbuf_x G  0001F510   raptor_partbuf_y G  0001F514   raptor_pdriftx G  0001F518   
raptor_pdrifty G  0001F51C   raptor_pgfx G  0001F548   raptor_pgfxe G  0001F54C   
raptor_partitab G  0001F554   raptor_partipal G  0001F540   raptor_8x8_addr G  0001F534   
raptor_8x16_addr G  0001F538   raptor_16x16_addr G  0001F53C   raptor_MTwork G  0001F544   
raptor_mtapp G  0001F558   raptor_mtfn G  0001F55C   raptor_vidmode G  0001F4D8   
raptor_videnable G  0001F4DC   raptor_varmod G  0001F4E0   raptor_top_of_bss G  0001F520   
raptor_trashram G  0001F524   raptor_uvbi_jmp G  0001F528   raptor_poobjl G  0001F52C   
raptor_probjl G  0001F530   raptor_inittab G  0001F560   __Z9basicmainv G  0001F5DC   
RAPTOR_Version G  00012DC0   RAPTOR_random G  00012DDA   RAPTOR_Install G  00012DEC   
RAPTOR_usepartipal G  00012E8E   RAPTOR_use8x8fontpal G  00012E9C   RAPTOR_use8x16fontpal G  00012EAA   
RAPTOR_use16x16fontpal G  00012EB8   raptor_font8x8_pal G  00012FF8   raptor_font8x16_pal G  00013018   
raptor_font16x16_pal G  00013038   RAPTOR_ERROR G  00013512   RAPTOR_InitVideo G  00013528   
raptor_table_starts G  00013684   raptor_collisionlist G  00013704   RAPTOR_move_palette G  0001470C   
RAPTOR_GFXConvert G  00014724   RAPTOR_setup_object_bra G  00014B94   RAPTOR_setup_object_xy G  00014BAE   
RAPTOR_setup_object_xyg G  00014BE4   RAPTOR_setup_object_xg G  00014C28   RAPTOR_setup_object_g G  00014C58   
RAPTOR_setup_object_xyz G  00014C68   RAPTOR_rmw G  00014D40   RAPTOR_setpalt G  00014D4C   
RAPTOR_reflect G  00014D60   raptor_blitter_use G  00014D6C   RAPTOR_CreateObject G  00014EE8   
RAPTOR_chk_highscores G  00015016   RAPTOR_resort_score_table G  0001507A   raptor_MT_start_address G  00015104   
raptor_MT_save_length G  00015108   raptor_highscores1_hex G  0001515C   raptor_highscores1_nam G  00015184   
raptor_highscores2_hex G  000151D4   raptor_highscores2_nam G  000151FC   raptor_highscores3_hex G  0001524C   
raptor_highscores3_nam G  00015274   raptor_highscores4_hex G  000152C4   raptor_highscores4_nam G  000152EC   
raptor_highscores5_hex G  0001533C   raptor_highscores5_nam G  00015364   raptor_last_score_hex G  000153B4   
raptor_last_score_name G  000153B8   raptor_user_savedata G  000153BC   raptor_VI G  00015604   
RAPTOR_wait_frame G  00015606   raptor_vbl_time_remain G  00015630   RAPTOR_wait_frame_UPDATE_ALL G  00015634   
RAPTOR_UPDATE_PARTICLES_ERASE G  0001566A   RAPTOR_UPDATE_PARTICLES_PLOT G  0001567A   RAPTOR_UPDATE_SPRITES G  0001568A   
RAPTOR_UPDATE_PARTICLES G  0001569A   RAPTOR_update_offscreenlist G  0001572E   RAPTOR_VB_INTERUPT G  000157A0   
raptor_ticks G  0001586C   raptor_ntsc_flag G  0001586E   raptor_liststart G  00015874   
RAPTOR_call_GPU_code G  0001587A   RAPTOR_call_GPU_code_STOP G  000158AE   RAPTOR_call_GPU_code_nowait G  000158D8   
RAPTOR_particle_init G  000158EA   RAPTOR_particle_clear G  00015928   RAPTOR_print G  000159AE   
RAPTOR_printr G  00015C64   RAPTOR_HEXtoASCII G  00015CA2   RAPTOR_HEXtoDEC G  00015CDC   
RAPTOR_particle_trigtable G  00015D50   RAPTOR_d_lz77 G  00016D50   raptor_map_tiles_bits G  00016E4C   
RAPTOR_obj_shift G  00016E50   raptor_map_position_x G  00016E70   raptor_map_position_y G  00016E74   
RAPTOR_init_map_objs G  00016E78   RAPTOR_map_set_position G  00016F62   raptor_fade_delay G  00016F90   
RAPTOR_fade_clut G  00016F92   RAPTOR_fade_clutindex G  00017044   RAPTOR_attach_rmotion G  000170EA   
RAPTOR_blitter G  000170F0   RAPTOR_NRVUnpack G  00017118   RAPTOR_setclock G  00017138   
RAPTOR_addclock G  00017158   RAPTOR_subclock G  0001718C   raptor_clock_jiffies G  000172C0   
raptor_clock_mode G  000172C2   raptor_clock_hex G  000172C4   raptor_clock_val G  000172C8   
RAPTOR_ShrinklerDecompress G  00017610   RAPTOR_objsort G  000176CE   raptor_sorting_table G  00017862   
RAPTOR_calc_angle G  00017B6E   RAPTOR_init_calc_angle G  00017BA2   RAPTOR_eeReadLongWord G  00017CD4   
RAPTOR_eeWriteLongWord G  00017CF2   RAPTOR_eeWriteWord G  00017D0A   RAPTOR_eeReadWord G  00017D2C   
RAPTOR_eeWriteBank G  00017D32   RAPTOR_eeReadBank G  00017D80   RAPTOR_eeUpdateChecksum G  00017DBA   
RAPTOR_eeValidateChecksum G  00017DE2   raptor_left_teamtap G  00017ED4   raptor_right_teamtap G  00017ED8   
raptor_left_teamtap_pad0 G  00017EDC   raptor_left_teamtap_pad1 G  00017EE0   raptor_left_teamtap_pad2 G  00017EE4   
raptor_left_teamtap_pad3 G  00017EE8   raptor_right_teamtap_pad0 G  00017EEC   raptor_right_teamtap_pad1 G  00017EF0   
raptor_right_teamtap_pad2 G  00017EF4   raptor_right_teamtap_pad3 G  00017EF8   RAPTOR_check_left_teamptap G  00017F7C   
RAPTOR_check_right_teamptap G  00017FAC   RAPTOR_read_left_teamtap_state G  00017FDC   RAPTOR_read_right_teamtap_state G  00018154   
RAPTOR_read_right_teamtap_pad G  000182EC   RAPTOR_read_left_teamtap_pad G  000182EE   RAPTOR_flashcheck G  00018434   
raptor_console_x G  0001848C   raptor_console_y G  00018494   raptor_console_visible G  0001849C   
raptor_console_monitors G  000184EC   RAPTOR_console_inverse G  0001E340   RAPTOR_console_update_registers G  0001E368   
RAPTOR_console_update_usermonitors G  0001E3CC   RAPTOR_console_update_textline G  0001E442   raptor_mapindex G  0001F504   
raptor_ang_search G  0001F564   raptor_col_user G  0001F568   rapLocate G  0002C924   
_rapPrint G  0002C8C8   jsfLoadClut G  0002C3DE   jsfGetPad G  0002BBA4   
ee_printf G  0002EBEC   _jsfVsync G  0002C066   RAPTOR_mt_init G  0001F840   
RAPTOR_mt_load G  0001F88C   RAPTOR_mt_save G  0001F988   raptor_mt_present G  00021794   
RAPTOR_MTtrash G  000219B0   RAPTOR_U235SilenceChannels G  000259C0   RAPTOR_U235ChangeReplayFrq G  00025A24   
RAPTOR_U235setpad1 G  00025A32   RAPTOR_U235setpad2 G  00025A3E   RAPTOR_U235setrot1 G  00025A4A   
RAPTOR_U235setrot2 G  00025A62   RAPTOR_U235init G  00025A7A   RAPTOR_U235stopDSP G  00025AF6   
RAPTOR_U235playsample G  00025B1C   RAPTOR_U235queuesample G  00025B52   RAPTOR_U235playqueue G  00025B70   
RAPTOR_U235resetqueue G  00025B9C   RAPTOR_U235setmodule G  00025BCC   RAPTOR_U235gomodule_mono G  00025BDC   
RAPTOR_U235gomodule_stereo G  00025BFA   RAPTOR_U235stopmodule G  00025C18   raptor_samplebank_ptr G  00025D70   
modinit  G  00028508   U235SE_initNTSC G  000284C4   U235SE_initPAL G  000284D6   
RAPTOR_LSP_onoff G  00026A08   RAPTOR_LSP_stopmusic G  00026A10   RAPTOR_LSP_startmusic G  00026A26   
RAPTOR_LSP_playmodule G  00026A3C   RAPTOR_LSP_Sample G  00026A72   RAPTOR_LSP_Init G  00026B14   
RAPTOR_LSP_StartDSP G  00026B28   silence  G  00026C90   fin_silence G  00026C94   
RAPTOR_GD_Init G  00026D2E   RAPTOR_GD_BIOSVersion G  00026E04   RAPTOR_GD_ROMWriteEnable G  00026E2C   
RAPTOR_GD_GetCartSerial G  00026E54   RAPTOR_GD_GetCardSerial G  00026EF0   RAPTOR_GD_CardIn G  00026F1E   
RAPTOR_GD_Reset G  00026F52   RAPTOR_GD_DebugString G  00026F72   RAPTOR_GD_SetLED G  00026F9A   
RAPTOR_GD_DirOpen G  00026FD4   RAPTOR_GD_DirRead G  00026FFC   RAPTOR_GD_DirClose G  00027036   
RAPTOR_GD_FileOpen G  0002706A   RAPTOR_GD_FileRead G  00027098   RAPTOR_GD_FileWrite G  000270C6   
RAPTOR_GD_FileClose G  000270F4   RAPTOR_GD_FileSeek G  00027122   RAPTOR_GD_FileTell G  00027150   
RAPTOR_GD_FileSize G  0002717E   RAPTOR_GD_FileInfo G  000271AC   RAPTOR_ftime_to_ascii G  000271DA   
RAPTOR_fdate_to_ascii G  00027236   RAPTOR_GD_LoadFile G  00027296   RAPTOR_GD_SaveFile G  000272E0   
raptor_GD_detect G  00027330   raptor_GD_SERIAL G  00027332   raptor_GD_ASERIAL G  00027342   
raptor_SD_SERIAL G  0002735E   raptor_GD_LEDstate G  0002736E   raptor_GD_cardstat G  00027370   
raptor_fileinfo G  00027372   raptor_fsize G  00027372   raptor_fdate G  00027376   
raptor_ftime G  00027378   raptor_fattr G  0002737A   raptor_fshort G  0002737B   
raptor_flong G  00027388   U235SE_modinit G  00028508   modinitpos G  0002850A   
U235SE_modinitpos G  0002850A   dspcode  G  00028DB0   ___mulsi3 G  0002ADC0   
___udivsi3 G  0002AE00   ___divsi3 G  0002AE60   ___umodsi3 G  0002AEA0   
___modsi3 G  0002AEE0   $_exception_handler G  0002B66E   ___addsf3 G  0002AF6E   
___subsf3 G  0002AF68   ___mulsf3 G  0002B1FE   ___divsf3 G  0002B32A   
___negsf2 G  0002B4F0   ___cmpsf2 G  0002B5DE   ___cmpsf2_internal G  0002B542   
___clear_sticky_bit G  0002B660   ___eqsf2 G  0002B6E0   ___ltsf2 G  0002B700   
___unordsf2 G  0002B720   ___unorddf2 G  0002B764   ___floatunsidf G  0002B7D6   
___floatsidf G  0002B83A   ___floatunsisf G  0002B8CA   ___truncdfsf2 G  0002B96A   
___floatsisf G  0002B8DE   ___extendsfdf2 G  0002B8F2   ___fixdfsi G  0002BAA0   
___fixsfsi G  0002BB1A   _jsfDebugMessage G  0002BB40   _jsfDebugMessageHalt G  0002BB70   
__Z17jsfGetPadPressed1v G  0002BC5A   __Z17jsfGetPadPressed2v G  0002BCE4   jsfGetPadPressed G  0002BD6E   
rapUnpack G  0002BD9A   jsfUnpack68k G  0002BDC6   jsfSprlistFieldSetvalOffset G  0002BE82   
jsfSprlistFieldModOffset G  0002BECA   jsfSprlistFieldSetOffset G  0002BF14   jsfSprlistFieldSetval G  0002BF5C   
jsfSprlistFieldMod G  0002BF9A   jsfSprlistFieldSet G  0002BFDA   _cls     G  0002C018   
_jsfPlot G  0002C024   jsfDelay G  0002C0D2   jsfEEPROMFullRead G  0002C11C   
eeReadBank G  0002ECFE   jsfEEPROMWordRead G  0002C13A   eeReadWord G  0002EC42   
jsfEEPROMBoardRead G  0002C154   eeReadSingleBank G  0002EC86   jsfEEPROMFullWrite G  0002C208   
eeWriteBank G  0002ECAE   jsfEEPROMWordWrite G  0002C226   eeWriteWord G  0002EC20   
jsfEEPROMBoardWrite G  0002C244   eeWriteSingleBank G  0002EC48   jsfEEPROMUserDataRead G  0002C2F8   
jsfEEPROMUserDataWrite G  0002C326   jsfEEPROM G  0002C354   jsfEEPROMWord G  0002C380   
jsfEEPROMBoard G  0002C3AE   jsfClearBuffer G  0002C480   jsfSort  G  0002C4A0   
rapInitCalcAngle G  0002C612   rapCalcAngle G  0002C62C   rapAngleVector G  0002C652   
rapDebugSetMonitor G  0002C67C   _rapDebugPrint G  0002C69E   rapDebugUpdate G  0002C6BA   
rapDebugSetXY G  0002C6CE   rapDebugSetVisible G  0002C6E6   rapHiscoreSort G  0002C708   
rapBlitlist G  0002C726   rapNumToStr G  0002C756   rapHexToStr G  0002C776   
RBRA     G  0002C79C   rapHiscoreCheck G  0002C7B8   rapFadeSingle G  0002C7DA   
rapFadeClut G  0002C7F4   rapSetActiveList G  0002C816   rapCollide G  0002C830   
rapParticleInject G  0002C87A   rapSetMapLoc G  0002C8A2   _rapPrintCont G  0002C8FC   
rapUpdateOffscreenList G  0002C93C   rapSpriteShift G  0002C956   rapSetClock G  0002C98E   
rapAddClock G  0002C9A4   rapSubClock G  0002C9BE   rapSortSprites G  0002C9D8   
rapFlashCheck G  0002CA10   rapGDGetCartSerial G  0002CA36   rapGDCardInserted G  0002CA44   
rapGDSetLEDOn G  0002CA62   rapGDSetLEDOff G  0002CA7A   rapGDReset G  0002CA92   
rapGDGetCardSerial G  0002CAAC   rapGDDebugPrint G  0002CABA   rapGDLoadFile G  0002CAD6   
rapGDSaveFile G  0002CAF4   rapGDBIOSVersion G  0002CB16   rapGDROMWriteEnable G  0002CB24   
rapGDDirOpen G  0002CB36   rapGDDirRead G  0002CB50   rapGDDirClose G  0002CB62   
rapGDFileOpen G  0002CB74   rapGDFileRead G  0002CB92   rapGDFileWrite G  0002CBB8   
rapGDFileClose G  0002CBDA   rapGDFileSeek G  0002CBEC   rapGDFileTell G  0002CC0E   
rapGDFileSize G  0002CC20   rapGDFileInfo G  0002CC32   rapGDFTimeToASCII G  0002CC54   
rapGDFDateToASCII G  0002CC6A   rapUseParticlePalette G  0002CC80   rapUse8x8fontPalette G  0002CC92   
rapUse8x16fontPalette G  0002CCA4   rapUse16x16fontPalette G  0002CCB6   u235PlaySample G  0002CCC8   
u235PlaySampleFreq G  0002CD1E   u235ChannelFreq G  0002CD88   u235KillChannel G  0002CDE2   
u235ChannelVol G  0002CE28   _u235GetPad G  0002CE7E   __Z14u235PlayModuleis G  0002CEB4   
__Z14u235StopModulev G  0002CF1E   __Z11u235Silencev G  0002CF40   u235ChangeReplayFrq G  0002CF62   
_u235ModuleVol G  0002CFA8   _u235SampleVol G  0002CFB8   u235StopDSP G  0002CFC8   
u235Init G  0002CFEE   u235Restart G  0002D034   zeroGetPad G  0002D116   
zeroPlaySample G  0002D176   zeroPlay G  0002D1D6   zeroClearChannel G  0002D246   
LSPGetPad G  0002D29E   LSPPlayModule G  0002D2D4   LSPStartMusic G  0002D302   
LSPStopMusic G  0002D320   LSPMusicToggle G  0002D33E   LSPStartDSP G  0002D35C   
LSPPlaySampleLoop G  0002D37A   LSPPlaySample G  0002D3BE   rapCheckTTExists G  0002D406   
rapGetTTState G  0002D456   rapGetTTPad G  0002D4D6   __Z10ee_sprintfPcPKcz G  0002EBD0   
eeUpdateChecksum G  0002ED3A   eeValidateChecksum G  0002ED64   

DATA-SEGMENT RELOCATABLE SYMBOLS

_DATA_E  G  0002EEE0   sprite   G  0002EE64   colliders G  0002EE60   
__fpCCR  G  0002EE80   _xcpt    G  0002EEA0   

BSS-SEGMENT RELOCATABLE SYMBOLS

_BSS_E   G  00054F20   RAPTOR_particle_gfx G  00032EF0   RAPTOR_sprite_table G  0003C4F0   
_trashram G  00054D90   _jsfFontIndx G  00054E0E   _jsfFontSize G  00054E12   
_js_r_textbuffer G  00054DE0   zero_left_pad G  00054DF8   zero_right_pad G  00054DFC   
_pad1    G  00054DDC   _pad1Last G  00054DD4   _pad1Prev G  00054DCC   
_pad2    G  00054DD8   _pad2Last G  00054DD0   _pad2Prev G  00054DC8   
_plot_colour G  00054E0C   rapAngle_xAdd G  00054DC4   rapAngle_yAdd G  00054DC0   
_js_r_xpos G  00054E1A   _js_r_ypos G  00054E16   _yt2     G  00054DE4   
_y       G  00054DEC   _errno   G  00054DF4   zero_mousex_delta G  00054E00   
zero_mousey_delta G  00054E04   zero_rotary_delta G  00054E08   

 
Build successful! 
 
Sending ABS to BigP... 
