JagStudio Version: 1.11 
 
Buildlink starting

Checking if assets.txt is newer than any of the build folder files....
    Opening - F:\Jaguar\Tools\JagStudio\projects\basic\teamtap\assets.txt...
    Opening - F:\Jaguar\Tools\JagStudio\projects\basic\teamtap\build\linkfile.bin...
    Opening - F:\Jaguar\Tools\JagStudio\projects\basic\teamtap\build\romassets.inc...
    Opening - F:\Jaguar\Tools\JagStudio\projects\basic\teamtap\build\romassets.h...
    Opening - F:\Jaguar\Tools\JagStudio\projects\basic\teamtap\build\ramassets.inc...
    Opening - F:\Jaguar\Tools\JagStudio\projects\basic\teamtap\build\build.log...
    Reading assets.txt line
    Reading assets.txt line
    Reading assets.txt line
    Reading assets.txt line
    Reading assets.txt line
    Reading assets.txt line
    Reading assets.txt line
    Reading assets.txt line
    Reading assets.txt line
    Reading assets.txt line
    Reading assets.txt line
    Reading assets.txt line
    Reading assets.txt line
    Reading assets.txt line
    Reading assets.txt line
    Reading assets.txt line
    Reading assets.txt line
    Reading assets.txt line
    Reading assets.txt line
    Reading assets.txt line
    Reading assets.txt line
    Reading assets.txt line
    Reading assets.txt line
    Reading assets.txt line
    Reading assets.txt line
    Reading assets.txt line
    Reading assets.txt line
    Reading assets.txt line
    Reading assets.txt line
    Reading assets.txt line
    Reading assets.txt line
    Reading assets.txt line
    Reading assets.txt line
    Reading assets.txt line
    Reading assets.txt line
Buildlink finished - everything went fine!
 
Assembling raptor skeleton... 
 
Translating .bas file to C... 
      BCX Path set to Not Found
BCX-32: BASIC to C/C++ Translator by Kevin Diggins (c) 1999-2009
BCX-32 Version 6.00 (2009/06/02)
[Lines In: 180] [Lines Out: 400] [Statements: 119] [Time: 0.02 sec's]
BCX translated F:\Jaguar\Tools\JagStudio\projects\basic\teamtap\teamtap.bas to F:\Jaguar\Tools\JagStudio\projects\basic\teamtap\build\teamtap.c For a C Compiler
 
Compiling C code to O... 
Compiling C code to S... 
 
Linking things... 
LOAD MAP

NON-RELOCATABLE SYMBOLS



TEXT-SEGMENT RELOCATABLE SYMBOLS

_TEXT_E  G  0002DE20   Audio_Play G  00004176   Input_Read G  00004176   
jsfVsyncFlag G  000041B8   RAPTOR_PRE_Object_List G  000041BC   RAPTOR_POST_Object_List G  000041BE   
AUDIOPLAYER G  00004280   JAGPAD_UP G  00004282   JAGPAD_DOWN G  00004286   
JAGPAD_LEFT G  0000428A   JAGPAD_RIGHT G  0000428E   JAGPAD_HASH G  00004292   
JAGPAD_9 G  00004296   JAGPAD_6 G  0000429A   JAGPAD_3 G  0000429E   
JAGPAD_PAUSE G  000042A2   JAGPAD_A G  000042A6   JAGPAD_OPTION G  000042AA   
JAGPAD_STAR G  000042AE   JAGPAD_7 G  000042B2   JAGPAD_4 G  000042B6   
JAGPAD_1 G  000042BA   JAGPAD_0 G  000042BE   JAGPAD_8 G  000042C2   
JAGPAD_5 G  000042C6   JAGPAD_2 G  000042CA   JAGPAD_B G  000042CE   
JAGPAD_C G  000042D2   JAGPAD_TL G  000042D6   JAGPAD_TR G  000042DA   
JAGPAD_Z G  000042DE   JAGPAD_Y G  000042E2   JAGPAD_X G  000042E6   
RAPTOR_HWinit G  00011824   RAPTOR_start_video G  00013F00   RAPTOR_setlist G  0001400E   
RAPTOR_UPDATE_ALL G  00013FEA   raptor_spritetab G  0001DE90   raptor_maptop_obj G  0001DE24   
raptor_tiles_x G  0001DE28   raptor_tiles_y G  0001DE2C   raptor_tilesperx G  0001DE30   
raptor_tilespery G  0001DE34   raptor_mapwidth G  0001DE38   raptor_mapheight G  0001DE3C   
raptor_maxparts G  0001DE40   raptor_mapbmptiles G  0001DE48   raptor_tilerem_mask G  0001DE4C   
raptor_partbuf_x G  0001DE50   raptor_partbuf_y G  0001DE54   raptor_pdriftx G  0001DE58   
raptor_pdrifty G  0001DE5C   raptor_pgfx G  0001DE88   raptor_pgfxe G  0001DE8C   
raptor_partitab G  0001DE94   raptor_partipal G  0001DE80   raptor_8x8_addr G  0001DE74   
raptor_8x16_addr G  0001DE78   raptor_16x16_addr G  0001DE7C   raptor_MTwork G  0001DE84   
raptor_mtapp G  0001DE98   raptor_mtfn G  0001DE9C   raptor_vidmode G  0001DE18   
raptor_videnable G  0001DE1C   raptor_varmod G  0001DE20   raptor_top_of_bss G  0001DE60   
raptor_trashram G  0001DE64   raptor_uvbi_jmp G  0001DE68   raptor_poobjl G  0001DE6C   
raptor_probjl G  0001DE70   raptor_inittab G  0001DEA0   RAPTOR_U235init G  00024A3A   
raptor_samplebank_ptr G  00024D30   __Z9basicmainv G  0001E1F0   RAPTOR_U235playqueue G  00024B30   
RAPTOR_U235resetqueue G  00024B5C   RAPTOR_Version G  00011700   RAPTOR_random G  0001171A   
RAPTOR_Install G  0001172C   RAPTOR_usepartipal G  000117CE   RAPTOR_use8x8fontpal G  000117DC   
RAPTOR_use8x16fontpal G  000117EA   RAPTOR_use16x16fontpal G  000117F8   raptor_font8x8_pal G  00011938   
raptor_font8x16_pal G  00011958   raptor_font16x16_pal G  00011978   RAPTOR_ERROR G  00011E52   
RAPTOR_InitVideo G  00011E68   raptor_table_starts G  00011FC4   raptor_collisionlist G  00012044   
RAPTOR_move_palette G  0001304C   RAPTOR_GFXConvert G  00013064   RAPTOR_setup_object_bra G  000134D4   
RAPTOR_setup_object_xy G  000134EE   RAPTOR_setup_object_xyg G  00013524   RAPTOR_setup_object_xg G  00013568   
RAPTOR_setup_object_g G  00013598   RAPTOR_setup_object_xyz G  000135A8   RAPTOR_rmw G  00013680   
RAPTOR_setpalt G  0001368C   RAPTOR_reflect G  000136A0   raptor_blitter_use G  000136AC   
RAPTOR_CreateObject G  00013828   RAPTOR_chk_highscores G  00013956   RAPTOR_resort_score_table G  000139BA   
raptor_MT_start_address G  00013A44   raptor_MT_save_length G  00013A48   raptor_highscores1_hex G  00013A9C   
raptor_highscores1_nam G  00013AC4   raptor_highscores2_hex G  00013B14   raptor_highscores2_nam G  00013B3C   
raptor_highscores3_hex G  00013B8C   raptor_highscores3_nam G  00013BB4   raptor_highscores4_hex G  00013C04   
raptor_highscores4_nam G  00013C2C   raptor_highscores5_hex G  00013C7C   raptor_highscores5_nam G  00013CA4   
raptor_last_score_hex G  00013CF4   raptor_last_score_name G  00013CF8   raptor_user_savedata G  00013CFC   
raptor_VI G  00013F44   RAPTOR_wait_frame G  00013F46   raptor_vbl_time_remain G  00013F70   
RAPTOR_wait_frame_UPDATE_ALL G  00013F74   RAPTOR_UPDATE_PARTICLES_ERASE G  00013FAA   RAPTOR_UPDATE_PARTICLES_PLOT G  00013FBA   
RAPTOR_UPDATE_SPRITES G  00013FCA   RAPTOR_UPDATE_PARTICLES G  00013FDA   RAPTOR_update_offscreenlist G  0001406E   
RAPTOR_VB_INTERUPT G  000140E0   raptor_ticks G  000141AC   raptor_ntsc_flag G  000141AE   
raptor_liststart G  000141B4   RAPTOR_call_GPU_code G  000141BA   RAPTOR_call_GPU_code_STOP G  000141EE   
RAPTOR_call_GPU_code_nowait G  00014218   RAPTOR_particle_init G  0001422A   RAPTOR_particle_clear G  00014268   
RAPTOR_print G  000142EE   RAPTOR_printr G  000145A4   RAPTOR_HEXtoASCII G  000145E2   
RAPTOR_HEXtoDEC G  0001461C   RAPTOR_particle_trigtable G  00014690   RAPTOR_d_lz77 G  00015690   
raptor_map_tiles_bits G  0001578C   RAPTOR_obj_shift G  00015790   raptor_map_position_x G  000157B0   
raptor_map_position_y G  000157B4   RAPTOR_init_map_objs G  000157B8   RAPTOR_map_set_position G  000158A2   
raptor_fade_delay G  000158D0   RAPTOR_fade_clut G  000158D2   RAPTOR_fade_clutindex G  00015984   
RAPTOR_attach_rmotion G  00015A2A   RAPTOR_blitter G  00015A30   RAPTOR_NRVUnpack G  00015A58   
RAPTOR_setclock G  00015A78   RAPTOR_addclock G  00015A98   RAPTOR_subclock G  00015ACC   
raptor_clock_jiffies G  00015C00   raptor_clock_mode G  00015C02   raptor_clock_hex G  00015C04   
raptor_clock_val G  00015C08   RAPTOR_ShrinklerDecompress G  00015F50   RAPTOR_objsort G  0001600E   
raptor_sorting_table G  000161A2   RAPTOR_calc_angle G  000164AE   RAPTOR_init_calc_angle G  000164E2   
RAPTOR_eeReadLongWord G  00016614   RAPTOR_eeWriteLongWord G  00016632   RAPTOR_eeWriteWord G  0001664A   
RAPTOR_eeReadWord G  0001666C   RAPTOR_eeWriteBank G  00016672   RAPTOR_eeReadBank G  000166C0   
RAPTOR_eeUpdateChecksum G  000166FA   RAPTOR_eeValidateChecksum G  00016722   raptor_left_teamtap G  00016814   
raptor_right_teamtap G  00016818   raptor_left_teamtap_pad0 G  0001681C   raptor_left_teamtap_pad1 G  00016820   
raptor_left_teamtap_pad2 G  00016824   raptor_left_teamtap_pad3 G  00016828   raptor_right_teamtap_pad0 G  0001682C   
raptor_right_teamtap_pad1 G  00016830   raptor_right_teamtap_pad2 G  00016834   raptor_right_teamtap_pad3 G  00016838   
RAPTOR_check_left_teamptap G  000168BC   RAPTOR_check_right_teamptap G  000168EC   RAPTOR_read_left_teamtap_state G  0001691C   
RAPTOR_read_right_teamtap_state G  00016A94   RAPTOR_read_right_teamtap_pad G  00016C2C   RAPTOR_read_left_teamtap_pad G  00016C2E   
RAPTOR_flashcheck G  00016D74   raptor_console_x G  00016DCC   raptor_console_y G  00016DD4   
raptor_console_visible G  00016DDC   raptor_console_monitors G  00016E2C   RAPTOR_console_inverse G  0001CC80   
RAPTOR_console_update_registers G  0001CCA8   RAPTOR_console_update_usermonitors G  0001CD0C   RAPTOR_console_update_textline G  0001CD82   
raptor_mapindex G  0001DE44   raptor_ang_search G  0001DEA4   raptor_col_user G  0001DEA8   
_rapPrint G  0002B888   rapLocate G  0002B8E4   rapCheckTTExists G  0002C3C6   
rapGetTTState G  0002C416   rapGetTTPad G  0002C496   ee_printf G  0002DBAC   
jsfGetPad G  0002AB64   _jsfVsync G  0002B026   __Z13printPadStateiii G  0001E72C   
RAPTOR_mt_init G  0001E800   RAPTOR_mt_load G  0001E84C   RAPTOR_mt_save G  0001E948   
raptor_mt_present G  00020754   RAPTOR_MTtrash G  00020970   RAPTOR_U235SilenceChannels G  00024980   
RAPTOR_U235ChangeReplayFrq G  000249E4   RAPTOR_U235setpad1 G  000249F2   RAPTOR_U235setpad2 G  000249FE   
RAPTOR_U235setrot1 G  00024A0A   RAPTOR_U235setrot2 G  00024A22   RAPTOR_U235stopDSP G  00024AB6   
RAPTOR_U235playsample G  00024ADC   RAPTOR_U235queuesample G  00024B12   RAPTOR_U235setmodule G  00024B8C   
RAPTOR_U235gomodule_mono G  00024B9C   RAPTOR_U235gomodule_stereo G  00024BBA   RAPTOR_U235stopmodule G  00024BD8   
modinit  G  000274C8   U235SE_initNTSC G  00027484   U235SE_initPAL G  00027496   
RAPTOR_LSP_onoff G  000259C8   RAPTOR_LSP_stopmusic G  000259D0   RAPTOR_LSP_startmusic G  000259E6   
RAPTOR_LSP_playmodule G  000259FC   RAPTOR_LSP_Sample G  00025A32   RAPTOR_LSP_Init G  00025AD4   
RAPTOR_LSP_StartDSP G  00025AE8   silence  G  00025C50   fin_silence G  00025C54   
RAPTOR_GD_Init G  00025CEE   RAPTOR_GD_BIOSVersion G  00025DC4   RAPTOR_GD_ROMWriteEnable G  00025DEC   
RAPTOR_GD_GetCartSerial G  00025E14   RAPTOR_GD_GetCardSerial G  00025EB0   RAPTOR_GD_CardIn G  00025EDE   
RAPTOR_GD_Reset G  00025F12   RAPTOR_GD_DebugString G  00025F32   RAPTOR_GD_SetLED G  00025F5A   
RAPTOR_GD_DirOpen G  00025F94   RAPTOR_GD_DirRead G  00025FBC   RAPTOR_GD_DirClose G  00025FF6   
RAPTOR_GD_FileOpen G  0002602A   RAPTOR_GD_FileRead G  00026058   RAPTOR_GD_FileWrite G  00026086   
RAPTOR_GD_FileClose G  000260B4   RAPTOR_GD_FileSeek G  000260E2   RAPTOR_GD_FileTell G  00026110   
RAPTOR_GD_FileSize G  0002613E   RAPTOR_GD_FileInfo G  0002616C   RAPTOR_ftime_to_ascii G  0002619A   
RAPTOR_fdate_to_ascii G  000261F6   RAPTOR_GD_LoadFile G  00026256   RAPTOR_GD_SaveFile G  000262A0   
raptor_GD_detect G  000262F0   raptor_GD_SERIAL G  000262F2   raptor_GD_ASERIAL G  00026302   
raptor_SD_SERIAL G  0002631E   raptor_GD_LEDstate G  0002632E   raptor_GD_cardstat G  00026330   
raptor_fileinfo G  00026332   raptor_fsize G  00026332   raptor_fdate G  00026336   
raptor_ftime G  00026338   raptor_fattr G  0002633A   raptor_fshort G  0002633B   
raptor_flong G  00026348   U235SE_modinit G  000274C8   modinitpos G  000274CA   
U235SE_modinitpos G  000274CA   dspcode  G  00027D70   ___mulsi3 G  00029D80   
___udivsi3 G  00029DC0   ___divsi3 G  00029E20   ___umodsi3 G  00029E60   
___modsi3 G  00029EA0   $_exception_handler G  0002A62E   ___addsf3 G  00029F2E   
___subsf3 G  00029F28   ___mulsf3 G  0002A1BE   ___divsf3 G  0002A2EA   
___negsf2 G  0002A4B0   ___cmpsf2 G  0002A59E   ___cmpsf2_internal G  0002A502   
___clear_sticky_bit G  0002A620   ___eqsf2 G  0002A6A0   ___ltsf2 G  0002A6C0   
___unordsf2 G  0002A6E0   ___unorddf2 G  0002A724   ___floatunsidf G  0002A796   
___floatsidf G  0002A7FA   ___floatunsisf G  0002A88A   ___truncdfsf2 G  0002A92A   
___floatsisf G  0002A89E   ___extendsfdf2 G  0002A8B2   ___fixdfsi G  0002AA60   
___fixsfsi G  0002AADA   _jsfDebugMessage G  0002AB00   _jsfDebugMessageHalt G  0002AB30   
__Z17jsfGetPadPressed1v G  0002AC1A   __Z17jsfGetPadPressed2v G  0002ACA4   jsfGetPadPressed G  0002AD2E   
rapUnpack G  0002AD5A   jsfUnpack68k G  0002AD86   jsfSprlistFieldSetvalOffset G  0002AE42   
jsfSprlistFieldModOffset G  0002AE8A   jsfSprlistFieldSetOffset G  0002AED4   jsfSprlistFieldSetval G  0002AF1C   
jsfSprlistFieldMod G  0002AF5A   jsfSprlistFieldSet G  0002AF9A   _cls     G  0002AFD8   
_jsfPlot G  0002AFE4   jsfDelay G  0002B092   jsfEEPROMFullRead G  0002B0DC   
eeReadBank G  0002DCBE   jsfEEPROMWordRead G  0002B0FA   eeReadWord G  0002DC02   
jsfEEPROMBoardRead G  0002B114   eeReadSingleBank G  0002DC46   jsfEEPROMFullWrite G  0002B1C8   
eeWriteBank G  0002DC6E   jsfEEPROMWordWrite G  0002B1E6   eeWriteWord G  0002DBE0   
jsfEEPROMBoardWrite G  0002B204   eeWriteSingleBank G  0002DC08   jsfEEPROMUserDataRead G  0002B2B8   
jsfEEPROMUserDataWrite G  0002B2E6   jsfEEPROM G  0002B314   jsfEEPROMWord G  0002B340   
jsfEEPROMBoard G  0002B36E   jsfLoadClut G  0002B39E   jsfClearBuffer G  0002B440   
jsfSort  G  0002B460   rapInitCalcAngle G  0002B5D2   rapCalcAngle G  0002B5EC   
rapAngleVector G  0002B612   rapDebugSetMonitor G  0002B63C   _rapDebugPrint G  0002B65E   
rapDebugUpdate G  0002B67A   rapDebugSetXY G  0002B68E   rapDebugSetVisible G  0002B6A6   
rapHiscoreSort G  0002B6C8   rapBlitlist G  0002B6E6   rapNumToStr G  0002B716   
rapHexToStr G  0002B736   RBRA     G  0002B75C   rapHiscoreCheck G  0002B778   
rapFadeSingle G  0002B79A   rapFadeClut G  0002B7B4   rapSetActiveList G  0002B7D6   
rapCollide G  0002B7F0   rapParticleInject G  0002B83A   rapSetMapLoc G  0002B862   
_rapPrintCont G  0002B8BC   rapUpdateOffscreenList G  0002B8FC   rapSpriteShift G  0002B916   
rapSetClock G  0002B94E   rapAddClock G  0002B964   rapSubClock G  0002B97E   
rapSortSprites G  0002B998   rapFlashCheck G  0002B9D0   rapGDGetCartSerial G  0002B9F6   
rapGDCardInserted G  0002BA04   rapGDSetLEDOn G  0002BA22   rapGDSetLEDOff G  0002BA3A   
rapGDReset G  0002BA52   rapGDGetCardSerial G  0002BA6C   rapGDDebugPrint G  0002BA7A   
rapGDLoadFile G  0002BA96   rapGDSaveFile G  0002BAB4   rapGDBIOSVersion G  0002BAD6   
rapGDROMWriteEnable G  0002BAE4   rapGDDirOpen G  0002BAF6   rapGDDirRead G  0002BB10   
rapGDDirClose G  0002BB22   rapGDFileOpen G  0002BB34   rapGDFileRead G  0002BB52   
rapGDFileWrite G  0002BB78   rapGDFileClose G  0002BB9A   rapGDFileSeek G  0002BBAC   
rapGDFileTell G  0002BBCE   rapGDFileSize G  0002BBE0   rapGDFileInfo G  0002BBF2   
rapGDFTimeToASCII G  0002BC14   rapGDFDateToASCII G  0002BC2A   rapUseParticlePalette G  0002BC40   
rapUse8x8fontPalette G  0002BC52   rapUse8x16fontPalette G  0002BC64   rapUse16x16fontPalette G  0002BC76   
u235PlaySample G  0002BC88   u235PlaySampleFreq G  0002BCDE   u235ChannelFreq G  0002BD48   
u235KillChannel G  0002BDA2   u235ChannelVol G  0002BDE8   _u235GetPad G  0002BE3E   
__Z14u235PlayModuleis G  0002BE74   __Z14u235StopModulev G  0002BEDE   __Z11u235Silencev G  0002BF00   
u235ChangeReplayFrq G  0002BF22   _u235ModuleVol G  0002BF68   _u235SampleVol G  0002BF78   
u235StopDSP G  0002BF88   u235Init G  0002BFAE   u235Restart G  0002BFF4   
zeroGetPad G  0002C0D6   zeroPlaySample G  0002C136   zeroPlay G  0002C196   
zeroClearChannel G  0002C206   LSPGetPad G  0002C25E   LSPPlayModule G  0002C294   
LSPStartMusic G  0002C2C2   LSPStopMusic G  0002C2E0   LSPMusicToggle G  0002C2FE   
LSPStartDSP G  0002C31C   LSPPlaySampleLoop G  0002C33A   LSPPlaySample G  0002C37E   
__Z10ee_sprintfPcPKcz G  0002DB90   eeUpdateChecksum G  0002DCFA   eeValidateChecksum G  0002DD24   


DATA-SEGMENT RELOCATABLE SYMBOLS

_DATA_E  G  0002DEA0   colliders G  0002DE20   sprite   G  0002DE24   
__fpCCR  G  0002DE40   _xcpt    G  0002DE60   

BSS-SEGMENT RELOCATABLE SYMBOLS

_BSS_E   G  00053EE0   RAPTOR_particle_gfx G  00031EA0   RAPTOR_sprite_table G  0003B4A0   
_trashram G  00053D40   _js_r_textbuffer G  00053DA0   _jsfFontIndx G  00053DCE   
_jsfFontSize G  00053DD2   zero_left_pad G  00053DB8   zero_right_pad G  00053DBC   
_pad1    G  00053D9C   _pad1Last G  00053D94   _pad1Prev G  00053D8C   
_pad2    G  00053D98   _pad2Last G  00053D90   _pad2Prev G  00053D88   
_plot_colour G  00053DCC   rapAngle_xAdd G  00053D84   rapAngle_yAdd G  00053D80   
_js_r_xpos G  00053DDA   _js_r_ypos G  00053DD6   _yt2     G  00053DA4   
_y       G  00053DAC   _errno   G  00053DB4   zero_mousex_delta G  00053DC0   
zero_mousey_delta G  00053DC4   zero_rotary_delta G  00053DC8   

LOAD MAP

NON-RELOCATABLE SYMBOLS



TEXT-SEGMENT RELOCATABLE SYMBOLS

_TEXT_E  G  0002DE20   Audio_Play G  00004176   Input_Read G  00004176   
jsfVsyncFlag G  000041B8   RAPTOR_PRE_Object_List G  000041BC   RAPTOR_POST_Object_List G  000041BE   
AUDIOPLAYER G  00004280   JAGPAD_UP G  00004282   JAGPAD_DOWN G  00004286   
JAGPAD_LEFT G  0000428A   JAGPAD_RIGHT G  0000428E   JAGPAD_HASH G  00004292   
JAGPAD_9 G  00004296   JAGPAD_6 G  0000429A   JAGPAD_3 G  0000429E   
JAGPAD_PAUSE G  000042A2   JAGPAD_A G  000042A6   JAGPAD_OPTION G  000042AA   
JAGPAD_STAR G  000042AE   JAGPAD_7 G  000042B2   JAGPAD_4 G  000042B6   
JAGPAD_1 G  000042BA   JAGPAD_0 G  000042BE   JAGPAD_8 G  000042C2   
JAGPAD_5 G  000042C6   JAGPAD_2 G  000042CA   JAGPAD_B G  000042CE   
JAGPAD_C G  000042D2   JAGPAD_TL G  000042D6   JAGPAD_TR G  000042DA   
JAGPAD_Z G  000042DE   JAGPAD_Y G  000042E2   JAGPAD_X G  000042E6   
RAPTOR_HWinit G  00011824   RAPTOR_start_video G  00013F00   RAPTOR_setlist G  0001400E   
RAPTOR_UPDATE_ALL G  00013FEA   raptor_spritetab G  0001DE90   raptor_maptop_obj G  0001DE24   
raptor_tiles_x G  0001DE28   raptor_tiles_y G  0001DE2C   raptor_tilesperx G  0001DE30   
raptor_tilespery G  0001DE34   raptor_mapwidth G  0001DE38   raptor_mapheight G  0001DE3C   
raptor_maxparts G  0001DE40   raptor_mapbmptiles G  0001DE48   raptor_tilerem_mask G  0001DE4C   
raptor_partbuf_x G  0001DE50   raptor_partbuf_y G  0001DE54   raptor_pdriftx G  0001DE58   
raptor_pdrifty G  0001DE5C   raptor_pgfx G  0001DE88   raptor_pgfxe G  0001DE8C   
raptor_partitab G  0001DE94   raptor_partipal G  0001DE80   raptor_8x8_addr G  0001DE74   
raptor_8x16_addr G  0001DE78   raptor_16x16_addr G  0001DE7C   raptor_MTwork G  0001DE84   
raptor_mtapp G  0001DE98   raptor_mtfn G  0001DE9C   raptor_vidmode G  0001DE18   
raptor_videnable G  0001DE1C   raptor_varmod G  0001DE20   raptor_top_of_bss G  0001DE60   
raptor_trashram G  0001DE64   raptor_uvbi_jmp G  0001DE68   raptor_poobjl G  0001DE6C   
raptor_probjl G  0001DE70   raptor_inittab G  0001DEA0   RAPTOR_U235init G  00024A3A   
raptor_samplebank_ptr G  00024D30   __Z9basicmainv G  0001E1F0   RAPTOR_U235playqueue G  00024B30   
RAPTOR_U235resetqueue G  00024B5C   RAPTOR_Version G  00011700   RAPTOR_random G  0001171A   
RAPTOR_Install G  0001172C   RAPTOR_usepartipal G  000117CE   RAPTOR_use8x8fontpal G  000117DC   
RAPTOR_use8x16fontpal G  000117EA   RAPTOR_use16x16fontpal G  000117F8   raptor_font8x8_pal G  00011938   
raptor_font8x16_pal G  00011958   raptor_font16x16_pal G  00011978   RAPTOR_ERROR G  00011E52   
RAPTOR_InitVideo G  00011E68   raptor_table_starts G  00011FC4   raptor_collisionlist G  00012044   
RAPTOR_move_palette G  0001304C   RAPTOR_GFXConvert G  00013064   RAPTOR_setup_object_bra G  000134D4   
RAPTOR_setup_object_xy G  000134EE   RAPTOR_setup_object_xyg G  00013524   RAPTOR_setup_object_xg G  00013568   
RAPTOR_setup_object_g G  00013598   RAPTOR_setup_object_xyz G  000135A8   RAPTOR_rmw G  00013680   
RAPTOR_setpalt G  0001368C   RAPTOR_reflect G  000136A0   raptor_blitter_use G  000136AC   
RAPTOR_CreateObject G  00013828   RAPTOR_chk_highscores G  00013956   RAPTOR_resort_score_table G  000139BA   
raptor_MT_start_address G  00013A44   raptor_MT_save_length G  00013A48   raptor_highscores1_hex G  00013A9C   
raptor_highscores1_nam G  00013AC4   raptor_highscores2_hex G  00013B14   raptor_highscores2_nam G  00013B3C   
raptor_highscores3_hex G  00013B8C   raptor_highscores3_nam G  00013BB4   raptor_highscores4_hex G  00013C04   
raptor_highscores4_nam G  00013C2C   raptor_highscores5_hex G  00013C7C   raptor_highscores5_nam G  00013CA4   
raptor_last_score_hex G  00013CF4   raptor_last_score_name G  00013CF8   raptor_user_savedata G  00013CFC   
raptor_VI G  00013F44   RAPTOR_wait_frame G  00013F46   raptor_vbl_time_remain G  00013F70   
RAPTOR_wait_frame_UPDATE_ALL G  00013F74   RAPTOR_UPDATE_PARTICLES_ERASE G  00013FAA   RAPTOR_UPDATE_PARTICLES_PLOT G  00013FBA   
RAPTOR_UPDATE_SPRITES G  00013FCA   RAPTOR_UPDATE_PARTICLES G  00013FDA   RAPTOR_update_offscreenlist G  0001406E   
RAPTOR_VB_INTERUPT G  000140E0   raptor_ticks G  000141AC   raptor_ntsc_flag G  000141AE   
raptor_liststart G  000141B4   RAPTOR_call_GPU_code G  000141BA   RAPTOR_call_GPU_code_STOP G  000141EE   
RAPTOR_call_GPU_code_nowait G  00014218   RAPTOR_particle_init G  0001422A   RAPTOR_particle_clear G  00014268   
RAPTOR_print G  000142EE   RAPTOR_printr G  000145A4   RAPTOR_HEXtoASCII G  000145E2   
RAPTOR_HEXtoDEC G  0001461C   RAPTOR_particle_trigtable G  00014690   RAPTOR_d_lz77 G  00015690   
raptor_map_tiles_bits G  0001578C   RAPTOR_obj_shift G  00015790   raptor_map_position_x G  000157B0   
raptor_map_position_y G  000157B4   RAPTOR_init_map_objs G  000157B8   RAPTOR_map_set_position G  000158A2   
raptor_fade_delay G  000158D0   RAPTOR_fade_clut G  000158D2   RAPTOR_fade_clutindex G  00015984   
RAPTOR_attach_rmotion G  00015A2A   RAPTOR_blitter G  00015A30   RAPTOR_NRVUnpack G  00015A58   
RAPTOR_setclock G  00015A78   RAPTOR_addclock G  00015A98   RAPTOR_subclock G  00015ACC   
raptor_clock_jiffies G  00015C00   raptor_clock_mode G  00015C02   raptor_clock_hex G  00015C04   
raptor_clock_val G  00015C08   RAPTOR_ShrinklerDecompress G  00015F50   RAPTOR_objsort G  0001600E   
raptor_sorting_table G  000161A2   RAPTOR_calc_angle G  000164AE   RAPTOR_init_calc_angle G  000164E2   
RAPTOR_eeReadLongWord G  00016614   RAPTOR_eeWriteLongWord G  00016632   RAPTOR_eeWriteWord G  0001664A   
RAPTOR_eeReadWord G  0001666C   RAPTOR_eeWriteBank G  00016672   RAPTOR_eeReadBank G  000166C0   
RAPTOR_eeUpdateChecksum G  000166FA   RAPTOR_eeValidateChecksum G  00016722   raptor_left_teamtap G  00016814   
raptor_right_teamtap G  00016818   raptor_left_teamtap_pad0 G  0001681C   raptor_left_teamtap_pad1 G  00016820   
raptor_left_teamtap_pad2 G  00016824   raptor_left_teamtap_pad3 G  00016828   raptor_right_teamtap_pad0 G  0001682C   
raptor_right_teamtap_pad1 G  00016830   raptor_right_teamtap_pad2 G  00016834   raptor_right_teamtap_pad3 G  00016838   
RAPTOR_check_left_teamptap G  000168BC   RAPTOR_check_right_teamptap G  000168EC   RAPTOR_read_left_teamtap_state G  0001691C   
RAPTOR_read_right_teamtap_state G  00016A94   RAPTOR_read_right_teamtap_pad G  00016C2C   RAPTOR_read_left_teamtap_pad G  00016C2E   
RAPTOR_flashcheck G  00016D74   raptor_console_x G  00016DCC   raptor_console_y G  00016DD4   
raptor_console_visible G  00016DDC   raptor_console_monitors G  00016E2C   RAPTOR_console_inverse G  0001CC80   
RAPTOR_console_update_registers G  0001CCA8   RAPTOR_console_update_usermonitors G  0001CD0C   RAPTOR_console_update_textline G  0001CD82   
raptor_mapindex G  0001DE44   raptor_ang_search G  0001DEA4   raptor_col_user G  0001DEA8   
_rapPrint G  0002B888   rapLocate G  0002B8E4   rapCheckTTExists G  0002C3C6   
rapGetTTState G  0002C416   rapGetTTPad G  0002C496   ee_printf G  0002DBAC   
jsfGetPad G  0002AB64   _jsfVsync G  0002B026   __Z13printPadStateiii G  0001E72C   
RAPTOR_mt_init G  0001E800   RAPTOR_mt_load G  0001E84C   RAPTOR_mt_save G  0001E948   
raptor_mt_present G  00020754   RAPTOR_MTtrash G  00020970   RAPTOR_U235SilenceChannels G  00024980   
RAPTOR_U235ChangeReplayFrq G  000249E4   RAPTOR_U235setpad1 G  000249F2   RAPTOR_U235setpad2 G  000249FE   
RAPTOR_U235setrot1 G  00024A0A   RAPTOR_U235setrot2 G  00024A22   RAPTOR_U235stopDSP G  00024AB6   
RAPTOR_U235playsample G  00024ADC   RAPTOR_U235queuesample G  00024B12   RAPTOR_U235setmodule G  00024B8C   
RAPTOR_U235gomodule_mono G  00024B9C   RAPTOR_U235gomodule_stereo G  00024BBA   RAPTOR_U235stopmodule G  00024BD8   
modinit  G  000274C8   U235SE_initNTSC G  00027484   U235SE_initPAL G  00027496   
RAPTOR_LSP_onoff G  000259C8   RAPTOR_LSP_stopmusic G  000259D0   RAPTOR_LSP_startmusic G  000259E6   
RAPTOR_LSP_playmodule G  000259FC   RAPTOR_LSP_Sample G  00025A32   RAPTOR_LSP_Init G  00025AD4   
RAPTOR_LSP_StartDSP G  00025AE8   silence  G  00025C50   fin_silence G  00025C54   
RAPTOR_GD_Init G  00025CEE   RAPTOR_GD_BIOSVersion G  00025DC4   RAPTOR_GD_ROMWriteEnable G  00025DEC   
RAPTOR_GD_GetCartSerial G  00025E14   RAPTOR_GD_GetCardSerial G  00025EB0   RAPTOR_GD_CardIn G  00025EDE   
RAPTOR_GD_Reset G  00025F12   RAPTOR_GD_DebugString G  00025F32   RAPTOR_GD_SetLED G  00025F5A   
RAPTOR_GD_DirOpen G  00025F94   RAPTOR_GD_DirRead G  00025FBC   RAPTOR_GD_DirClose G  00025FF6   
RAPTOR_GD_FileOpen G  0002602A   RAPTOR_GD_FileRead G  00026058   RAPTOR_GD_FileWrite G  00026086   
RAPTOR_GD_FileClose G  000260B4   RAPTOR_GD_FileSeek G  000260E2   RAPTOR_GD_FileTell G  00026110   
RAPTOR_GD_FileSize G  0002613E   RAPTOR_GD_FileInfo G  0002616C   RAPTOR_ftime_to_ascii G  0002619A   
RAPTOR_fdate_to_ascii G  000261F6   RAPTOR_GD_LoadFile G  00026256   RAPTOR_GD_SaveFile G  000262A0   
raptor_GD_detect G  000262F0   raptor_GD_SERIAL G  000262F2   raptor_GD_ASERIAL G  00026302   
raptor_SD_SERIAL G  0002631E   raptor_GD_LEDstate G  0002632E   raptor_GD_cardstat G  00026330   
raptor_fileinfo G  00026332   raptor_fsize G  00026332   raptor_fdate G  00026336   
raptor_ftime G  00026338   raptor_fattr G  0002633A   raptor_fshort G  0002633B   
raptor_flong G  00026348   U235SE_modinit G  000274C8   modinitpos G  000274CA   
U235SE_modinitpos G  000274CA   dspcode  G  00027D70   ___mulsi3 G  00029D80   
___udivsi3 G  00029DC0   ___divsi3 G  00029E20   ___umodsi3 G  00029E60   
___modsi3 G  00029EA0   $_exception_handler G  0002A62E   ___addsf3 G  00029F2E   
___subsf3 G  00029F28   ___mulsf3 G  0002A1BE   ___divsf3 G  0002A2EA   
___negsf2 G  0002A4B0   ___cmpsf2 G  0002A59E   ___cmpsf2_internal G  0002A502   
___clear_sticky_bit G  0002A620   ___eqsf2 G  0002A6A0   ___ltsf2 G  0002A6C0   
___unordsf2 G  0002A6E0   ___unorddf2 G  0002A724   ___floatunsidf G  0002A796   
___floatsidf G  0002A7FA   ___floatunsisf G  0002A88A   ___truncdfsf2 G  0002A92A   
___floatsisf G  0002A89E   ___extendsfdf2 G  0002A8B2   ___fixdfsi G  0002AA60   
___fixsfsi G  0002AADA   _jsfDebugMessage G  0002AB00   _jsfDebugMessageHalt G  0002AB30   
__Z17jsfGetPadPressed1v G  0002AC1A   __Z17jsfGetPadPressed2v G  0002ACA4   jsfGetPadPressed G  0002AD2E   
rapUnpack G  0002AD5A   jsfUnpack68k G  0002AD86   jsfSprlistFieldSetvalOffset G  0002AE42   
jsfSprlistFieldModOffset G  0002AE8A   jsfSprlistFieldSetOffset G  0002AED4   jsfSprlistFieldSetval G  0002AF1C   
jsfSprlistFieldMod G  0002AF5A   jsfSprlistFieldSet G  0002AF9A   _cls     G  0002AFD8   
_jsfPlot G  0002AFE4   jsfDelay G  0002B092   jsfEEPROMFullRead G  0002B0DC   
eeReadBank G  0002DCBE   jsfEEPROMWordRead G  0002B0FA   eeReadWord G  0002DC02   
jsfEEPROMBoardRead G  0002B114   eeReadSingleBank G  0002DC46   jsfEEPROMFullWrite G  0002B1C8   
eeWriteBank G  0002DC6E   jsfEEPROMWordWrite G  0002B1E6   eeWriteWord G  0002DBE0   
jsfEEPROMBoardWrite G  0002B204   eeWriteSingleBank G  0002DC08   jsfEEPROMUserDataRead G  0002B2B8   
jsfEEPROMUserDataWrite G  0002B2E6   jsfEEPROM G  0002B314   jsfEEPROMWord G  0002B340   
jsfEEPROMBoard G  0002B36E   jsfLoadClut G  0002B39E   jsfClearBuffer G  0002B440   
jsfSort  G  0002B460   rapInitCalcAngle G  0002B5D2   rapCalcAngle G  0002B5EC   
rapAngleVector G  0002B612   rapDebugSetMonitor G  0002B63C   _rapDebugPrint G  0002B65E   
rapDebugUpdate G  0002B67A   rapDebugSetXY G  0002B68E   rapDebugSetVisible G  0002B6A6   
rapHiscoreSort G  0002B6C8   rapBlitlist G  0002B6E6   rapNumToStr G  0002B716   
rapHexToStr G  0002B736   RBRA     G  0002B75C   rapHiscoreCheck G  0002B778   
rapFadeSingle G  0002B79A   rapFadeClut G  0002B7B4   rapSetActiveList G  0002B7D6   
rapCollide G  0002B7F0   rapParticleInject G  0002B83A   rapSetMapLoc G  0002B862   
_rapPrintCont G  0002B8BC   rapUpdateOffscreenList G  0002B8FC   rapSpriteShift G  0002B916   
rapSetClock G  0002B94E   rapAddClock G  0002B964   rapSubClock G  0002B97E   
rapSortSprites G  0002B998   rapFlashCheck G  0002B9D0   rapGDGetCartSerial G  0002B9F6   
rapGDCardInserted G  0002BA04   rapGDSetLEDOn G  0002BA22   rapGDSetLEDOff G  0002BA3A   
rapGDReset G  0002BA52   rapGDGetCardSerial G  0002BA6C   rapGDDebugPrint G  0002BA7A   
rapGDLoadFile G  0002BA96   rapGDSaveFile G  0002BAB4   rapGDBIOSVersion G  0002BAD6   
rapGDROMWriteEnable G  0002BAE4   rapGDDirOpen G  0002BAF6   rapGDDirRead G  0002BB10   
rapGDDirClose G  0002BB22   rapGDFileOpen G  0002BB34   rapGDFileRead G  0002BB52   
rapGDFileWrite G  0002BB78   rapGDFileClose G  0002BB9A   rapGDFileSeek G  0002BBAC   
rapGDFileTell G  0002BBCE   rapGDFileSize G  0002BBE0   rapGDFileInfo G  0002BBF2   
rapGDFTimeToASCII G  0002BC14   rapGDFDateToASCII G  0002BC2A   rapUseParticlePalette G  0002BC40   
rapUse8x8fontPalette G  0002BC52   rapUse8x16fontPalette G  0002BC64   rapUse16x16fontPalette G  0002BC76   
u235PlaySample G  0002BC88   u235PlaySampleFreq G  0002BCDE   u235ChannelFreq G  0002BD48   
u235KillChannel G  0002BDA2   u235ChannelVol G  0002BDE8   _u235GetPad G  0002BE3E   
__Z14u235PlayModuleis G  0002BE74   __Z14u235StopModulev G  0002BEDE   __Z11u235Silencev G  0002BF00   
u235ChangeReplayFrq G  0002BF22   _u235ModuleVol G  0002BF68   _u235SampleVol G  0002BF78   
u235StopDSP G  0002BF88   u235Init G  0002BFAE   u235Restart G  0002BFF4   
zeroGetPad G  0002C0D6   zeroPlaySample G  0002C136   zeroPlay G  0002C196   
zeroClearChannel G  0002C206   LSPGetPad G  0002C25E   LSPPlayModule G  0002C294   
LSPStartMusic G  0002C2C2   LSPStopMusic G  0002C2E0   LSPMusicToggle G  0002C2FE   
LSPStartDSP G  0002C31C   LSPPlaySampleLoop G  0002C33A   LSPPlaySample G  0002C37E   
__Z10ee_sprintfPcPKcz G  0002DB90   eeUpdateChecksum G  0002DCFA   eeValidateChecksum G  0002DD24   


DATA-SEGMENT RELOCATABLE SYMBOLS

_DATA_E  G  0002DEA0   colliders G  0002DE20   sprite   G  0002DE24   
__fpCCR  G  0002DE40   _xcpt    G  0002DE60   

BSS-SEGMENT RELOCATABLE SYMBOLS

_BSS_E   G  00053EE0   RAPTOR_particle_gfx G  00031EA0   RAPTOR_sprite_table G  0003B4A0   
_trashram G  00053D40   _js_r_textbuffer G  00053DA0   _jsfFontIndx G  00053DCE   
_jsfFontSize G  00053DD2   zero_left_pad G  00053DB8   zero_right_pad G  00053DBC   
_pad1    G  00053D9C   _pad1Last G  00053D94   _pad1Prev G  00053D8C   
_pad2    G  00053D98   _pad2Last G  00053D90   _pad2Prev G  00053D88   
_plot_colour G  00053DCC   rapAngle_xAdd G  00053D84   rapAngle_yAdd G  00053D80   
_js_r_xpos G  00053DDA   _js_r_ypos G  00053DD6   _yt2     G  00053DA4   
_y       G  00053DAC   _errno   G  00053DB4   zero_mousex_delta G  00053DC0   
zero_mousey_delta G  00053DC4   zero_rotary_delta G  00053DC8   

 
Making packed ROM... 
Make-a-rom starting
    Dumping universal header...
    Dumping startup code...
    Linkfile not found - assuming no assets in ROM...
    Packing basic binary...
    Dumping packed file...
    Padding ROM...
Make-a-rom finished - everything went fine!
 
Sending ROM to BigP... 
