JagStudio Version: 1.11 
 
Buildlink starting

Checking if assets.txt is newer than any of the build folder files....
    Opening - F:\Jaguar\Tools\JagStudio\projects\basic\zsort\assets.txt...
    Opening - F:\Jaguar\Tools\JagStudio\projects\basic\zsort\build\linkfile.bin...
    Opening - F:\Jaguar\Tools\JagStudio\projects\basic\zsort\build\romassets.inc...
    Opening - F:\Jaguar\Tools\JagStudio\projects\basic\zsort\build\romassets.h...
    Opening - F:\Jaguar\Tools\JagStudio\projects\basic\zsort\build\ramassets.inc...
    Opening - F:\Jaguar\Tools\JagStudio\projects\basic\zsort\build\build.log...
    Reading assets.txt line
    Reading assets.txt line
    Reading assets.txt line
    Reading assets.txt line
    Reading assets.txt line
    Reading assets.txt line
    Reading assets.txt line
    Reading assets.txt line
    Reading assets.txt line
    Reading assets.txt line
    Reading assets.txt line
    Reading assets.txt line
    Reading assets.txt line
    Reading assets.txt line
    Reading assets.txt line
    Reading assets.txt line
    Reading assets.txt line
    Reading assets.txt line
    Reading assets.txt line
    Reading assets.txt line
    Reading assets.txt line
    Reading assets.txt line
    Reading assets.txt line
    Reading assets.txt line
    Reading assets.txt line
    Reading assets.txt line
    Reading assets.txt line
    Reading assets.txt line
    Reading assets.txt line
    Reading assets.txt line
    Reading assets.txt line
    Reading assets.txt line
    Reading assets.txt line
        Processing assets\gfx\s.bmp
        Converting BMP internally into gfxdata/clut...
        File is 32 pixels wide, 32 pixels high and is 16 bits/pixel
        Adding in RAM...
    Reading assets.txt line
        Processing assets\gfx\e.bmp
        Converting BMP internally into gfxdata/clut...
        File is 32 pixels wide, 32 pixels high and is 16 bits/pixel
        Adding in RAM...
    Reading assets.txt line
    Reading assets.txt line
        Processing assets\gfx\1.bmp
        Converting BMP internally into gfxdata/clut...
        File is 32 pixels wide, 32 pixels high and is 16 bits/pixel
        Adding in RAM...
    Reading assets.txt line
        Processing assets\gfx\2.bmp
        Converting BMP internally into gfxdata/clut...
        File is 32 pixels wide, 32 pixels high and is 16 bits/pixel
        Adding in RAM...
    Reading assets.txt line
        Processing assets\gfx\3.bmp
        Converting BMP internally into gfxdata/clut...
        File is 32 pixels wide, 32 pixels high and is 16 bits/pixel
        Adding in RAM...
    Reading assets.txt line
        Processing assets\gfx\4.bmp
        Converting BMP internally into gfxdata/clut...
        File is 32 pixels wide, 32 pixels high and is 16 bits/pixel
        Adding in RAM...
    Reading assets.txt line
        Processing assets\gfx\5.bmp
        Converting BMP internally into gfxdata/clut...
        File is 32 pixels wide, 32 pixels high and is 16 bits/pixel
        Adding in RAM...
    Reading assets.txt line
        Processing assets\gfx\6.bmp
        Converting BMP internally into gfxdata/clut...
        File is 32 pixels wide, 32 pixels high and is 16 bits/pixel
        Adding in RAM...
    Reading assets.txt line
        Processing assets\gfx\7.bmp
        Converting BMP internally into gfxdata/clut...
        File is 32 pixels wide, 32 pixels high and is 16 bits/pixel
        Adding in RAM...
    Reading assets.txt line
        Processing assets\gfx\8.bmp
        Converting BMP internally into gfxdata/clut...
        File is 32 pixels wide, 32 pixels high and is 16 bits/pixel
        Adding in RAM...
Buildlink finished - everything went fine!
 
Assembling raptor skeleton... 
zero_audio.s 3: Warning: CLR.L opcode ignored...
 
Translating .bas file to C... 
      BCX Path set to Not Found
BCX-32: BASIC to C/C++ Translator by Kevin Diggins (c) 1999-2009
BCX-32 Version 6.00 (2009/06/02)
[Lines In: 84] [Lines Out: 150] [Statements: 41] [Time: 0.01 sec's]
BCX translated F:\Jaguar\Tools\JagStudio\projects\basic\zsort\zsort.bas to F:\Jaguar\Tools\JagStudio\projects\basic\zsort\build\zsort.c For a C Compiler
 
Compiling C code to O... 
Compiling C code to S... 
 
Linking things... 
LOAD MAP

NON-RELOCATABLE SYMBOLS



TEXT-SEGMENT RELOCATABLE SYMBOLS

_TEXT_E  G  00033380   Audio_Play G  000041E2   Input_ReadPads G  00004330   
Input_SetJoyPort1 G  00004372   Input_SetJoyPort2 G  00004380   Input_SetNormalPadMode G  0000438E   
Input_SetRotaryMode G  0000439C   Input_SetAtariMouseMode G  000043BC   Input_SetAmigaMouseMode G  000043CA   
Input_Read G  000043D8   jsfVsyncFlag G  000055BC   RAPTOR_PRE_Object_List G  000055C0   
RAPTOR_POST_Object_List G  000055C2   AUDIOPLAYER G  0000583A   JAGPAD_UP G  0000583C   
JAGPAD_DOWN G  00005840   JAGPAD_LEFT G  00005844   JAGPAD_RIGHT G  00005848   
JAGPAD_HASH G  0000584C   JAGPAD_9 G  00005850   JAGPAD_6 G  00005854   
JAGPAD_3 G  00005858   JAGPAD_PAUSE G  0000585C   JAGPAD_A G  00005860   
JAGPAD_OPTION G  00005864   JAGPAD_STAR G  00005868   JAGPAD_7 G  0000586C   
JAGPAD_4 G  00005870   JAGPAD_1 G  00005874   JAGPAD_0 G  00005878   
JAGPAD_8 G  0000587C   JAGPAD_5 G  00005880   JAGPAD_2 G  00005884   
JAGPAD_B G  00005888   JAGPAD_C G  0000588C   JAGPAD_TL G  00005890   
JAGPAD_TR G  00005894   JAGPAD_Z G  00005898   JAGPAD_Y G  0000589C   
JAGPAD_X G  000058A0   JAGPAD_C1 G  000058A4   JAGPAD_C2 G  000058A8   
JAGPAD_C3 G  000058AC   SPRITE_S G  00012CB0   SPRITE_E G  000134B0   
SPRITE_1 G  00013CB0   SPRITE_2 G  000144B0   SPRITE_3 G  00014CB0   
SPRITE_4 G  000154B0   SPRITE_5 G  00015CB0   SPRITE_6 G  000164B0   
SPRITE_7 G  00016CB0   SPRITE_8 G  000174B0   RAPTOR_HWinit G  00017D8E   
RAPTOR_start_video G  0001A440   RAPTOR_setlist G  0001A54E   RAPTOR_UPDATE_ALL G  0001A52A   
raptor_spritetab G  00023E08   raptor_maptop_obj G  00023D9C   raptor_tiles_x G  00023DA0   
raptor_tiles_y G  00023DA4   raptor_tilesperx G  00023DA8   raptor_tilespery G  00023DAC   
raptor_mapwidth G  00023DB0   raptor_mapheight G  00023DB4   raptor_maxparts G  00023DB8   
raptor_mapbmptiles G  00023DC0   raptor_tilerem_mask G  00023DC4   raptor_partbuf_x G  00023DC8   
raptor_partbuf_y G  00023DCC   raptor_pdriftx G  00023DD0   raptor_pdrifty G  00023DD4   
raptor_pgfx G  00023E00   raptor_pgfxe G  00023E04   raptor_partitab G  00023E0C   
raptor_partipal G  00023DF8   raptor_8x8_addr G  00023DEC   raptor_8x16_addr G  00023DF0   
raptor_16x16_addr G  00023DF4   raptor_MTwork G  00023DFC   raptor_mtapp G  00023E10   
raptor_mtfn G  00023E14   raptor_vidmode G  00023D90   raptor_videnable G  00023D94   
raptor_varmod G  00023D98   raptor_top_of_bss G  00023DD8   raptor_trashram G  00023DDC   
raptor_uvbi_jmp G  00023DE0   raptor_poobjl G  00023DE4   raptor_probjl G  00023DE8   
raptor_inittab G  00023E18   __Z9basicmainv G  00023E4A   RAPTOR_Version G  00017CC0   
RAPTOR_random G  00017CDA   RAPTOR_Install G  00017CEC   raptor_font8x8_pal G  00017E9E   
raptor_font8x16_pal G  00017EBE   raptor_font16x16_pal G  00017EDE   RAPTOR_ERROR G  00018398   
RAPTOR_InitVideo G  000183AE   raptor_collisionlist G  0001858C   RAPTOR_move_palette G  00019594   
RAPTOR_GFXConvert G  000195AC   RAPTOR_setup_object_bra G  00019A1C   RAPTOR_setup_object_xy G  00019A36   
RAPTOR_setup_object_xyg G  00019A6C   RAPTOR_setup_object_xg G  00019AB0   RAPTOR_setup_object_g G  00019AE0   
RAPTOR_setup_object_xyz G  00019AF0   RAPTOR_rmw G  00019BC0   RAPTOR_setpalt G  00019BCC   
RAPTOR_reflect G  00019BE0   raptor_blitter_use G  00019BEC   RAPTOR_CreateObject G  00019D68   
RAPTOR_chk_highscores G  00019E96   RAPTOR_resort_score_table G  00019EFA   raptor_MT_start_address G  00019F84   
raptor_MT_save_length G  00019F88   raptor_highscores1_hex G  00019FDC   raptor_highscores1_nam G  0001A004   
raptor_highscores2_hex G  0001A054   raptor_highscores2_nam G  0001A07C   raptor_highscores3_hex G  0001A0CC   
raptor_highscores3_nam G  0001A0F4   raptor_highscores4_hex G  0001A144   raptor_highscores4_nam G  0001A16C   
raptor_highscores5_hex G  0001A1BC   raptor_highscores5_nam G  0001A1E4   raptor_last_score_hex G  0001A234   
raptor_last_score_name G  0001A238   raptor_user_savedata G  0001A23C   raptor_VI G  0001A484   
RAPTOR_wait_frame G  0001A486   raptor_vbl_time_remain G  0001A4B0   RAPTOR_wait_frame_UPDATE_ALL G  0001A4B4   
RAPTOR_UPDATE_PARTICLES_ERASE G  0001A4EA   RAPTOR_UPDATE_PARTICLES_PLOT G  0001A4FA   RAPTOR_UPDATE_SPRITES G  0001A50A   
RAPTOR_UPDATE_PARTICLES G  0001A51A   RAPTOR_update_offscreenlist G  0001A5AE   RAPTOR_VB_INTERUPT G  0001A620   
raptor_ticks G  0001A6EC   raptor_ntsc_flag G  0001A6EE   raptor_liststart G  0001A6F4   
RAPTOR_call_GPU_code G  0001A6FA   RAPTOR_call_GPU_code_STOP G  0001A72E   RAPTOR_call_GPU_code_nowait G  0001A758   
RAPTOR_particle_init G  0001A76A   RAPTOR_particle_clear G  0001A794   RAPTOR_print G  0001A81A   
RAPTOR_printr G  0001AAD0   RAPTOR_HEXtoASCII G  0001AB0E   RAPTOR_HEXtoDEC G  0001AB48   
RAPTOR_particle_trigtable G  0001ABC0   RAPTOR_d_lz77 G  0001BBC0   raptor_map_tiles_bits G  0001BCBC   
RAPTOR_obj_shift G  0001BCC0   raptor_map_position_x G  0001BCE0   raptor_map_position_y G  0001BCE4   
RAPTOR_init_map_objs G  0001BCE8   RAPTOR_map_set_position G  0001BDD2   raptor_fade_delay G  0001BE00   
RAPTOR_fade_clut G  0001BE02   RAPTOR_fade_clutindex G  0001BEB4   RAPTOR_attach_rmotion G  0001BF5A   
RAPTOR_blitter G  0001BF60   RAPTOR_NRVUnpack G  0001BF88   RAPTOR_setclock G  0001BFA8   
RAPTOR_addclock G  0001BFC8   RAPTOR_subclock G  0001BFFC   raptor_clock_jiffies G  0001C130   
raptor_clock_mode G  0001C132   raptor_clock_hex G  0001C134   raptor_clock_val G  0001C138   
RAPTOR_ShrinklerDecompress G  0001C480   RAPTOR_objsort G  0001C53E   raptor_sorting_table G  0001C6D2   
RAPTOR_calc_angle G  0001C9DE   RAPTOR_init_calc_angle G  0001CA12   RAPTOR_eeReadLongWord G  0001CB44   
RAPTOR_eeWriteLongWord G  0001CB62   RAPTOR_eeWriteWord G  0001CB7A   RAPTOR_eeReadWord G  0001CB9C   
RAPTOR_eeWriteBank G  0001CBA2   RAPTOR_eeReadBank G  0001CBF0   RAPTOR_eeUpdateChecksum G  0001CC2A   
RAPTOR_eeValidateChecksum G  0001CC52   raptor_console_x G  0001CD44   raptor_console_y G  0001CD4C   
raptor_console_visible G  0001CD54   raptor_console_monitors G  0001CDA4   RAPTOR_console_inverse G  00022BF8   
RAPTOR_console_update_registers G  00022C20   RAPTOR_console_update_usermonitors G  00022C84   RAPTOR_console_update_textline G  00022CFA   
raptor_mapindex G  00023DBC   raptor_ang_search G  00023E1C   raptor_col_user G  00023E20   
rapLocate G  00031084   _rapPrint G  00031028   rapSortSprites G  00031138   
_jsfVsync G  00030846   RAPTOR_mt_init G  00024020   RAPTOR_mt_load G  0002406C   
RAPTOR_mt_save G  00024168   raptor_mt_present G  00025F74   RAPTOR_MTtrash G  00026190   
RAPTOR_U235SilenceChannels G  0002A1A0   RAPTOR_U235ChangeReplayFrq G  0002A204   RAPTOR_U235setpad1 G  0002A212   
RAPTOR_U235setpad2 G  0002A21E   RAPTOR_U235setrot1 G  0002A22A   RAPTOR_U235setrot2 G  0002A242   
RAPTOR_U235init G  0002A25A   RAPTOR_U235stopDSP G  0002A2D6   RAPTOR_U235playsample G  0002A2FC   
RAPTOR_U235queuesample G  0002A332   RAPTOR_U235playqueue G  0002A350   RAPTOR_U235resetqueue G  0002A37C   
RAPTOR_U235setmodule G  0002A3AC   RAPTOR_U235gomodule_mono G  0002A3BC   RAPTOR_U235gomodule_stereo G  0002A3DA   
RAPTOR_U235stopmodule G  0002A3F8   raptor_samplebank_ptr G  0002A550   modinit  G  0002CCE8   
U235SE_initNTSC G  0002CCA4   U235SE_initPAL G  0002CCB6   RAPTOR_LSP_onoff G  0002B1E8   
RAPTOR_LSP_stopmusic G  0002B1F0   RAPTOR_LSP_startmusic G  0002B206   RAPTOR_LSP_playmodule G  0002B21C   
RAPTOR_LSP_Sample G  0002B252   RAPTOR_LSP_Init G  0002B2F0   RAPTOR_LSP_StartDSP G  0002B304   
silence  G  0002B470   fin_silence G  0002B474   RAPTOR_GD_Init G  0002B50E   
RAPTOR_GD_BIOSVersion G  0002B5E4   RAPTOR_GD_ROMWriteEnable G  0002B60C   RAPTOR_GD_GetCartSerial G  0002B634   
RAPTOR_GD_GetCardSerial G  0002B6D0   RAPTOR_GD_CardIn G  0002B6FE   RAPTOR_GD_Reset G  0002B732   
RAPTOR_GD_DebugString G  0002B752   RAPTOR_GD_SetLED G  0002B77A   RAPTOR_GD_DirOpen G  0002B7B4   
RAPTOR_GD_DirRead G  0002B7DC   RAPTOR_GD_DirClose G  0002B816   RAPTOR_GD_FileOpen G  0002B84A   
RAPTOR_GD_FileRead G  0002B878   RAPTOR_GD_FileWrite G  0002B8A6   RAPTOR_GD_FileClose G  0002B8D4   
RAPTOR_GD_FileSeek G  0002B902   RAPTOR_GD_FileTell G  0002B930   RAPTOR_GD_FileSize G  0002B95E   
RAPTOR_GD_FileInfo G  0002B98C   RAPTOR_ftime_to_ascii G  0002B9BA   RAPTOR_fdate_to_ascii G  0002BA16   
RAPTOR_GD_LoadFile G  0002BA76   RAPTOR_GD_SaveFile G  0002BAC0   raptor_GD_detect G  0002BB10   
raptor_GD_SERIAL G  0002BB12   raptor_GD_ASERIAL G  0002BB22   raptor_SD_SERIAL G  0002BB3E   
raptor_GD_LEDstate G  0002BB4E   raptor_GD_cardstat G  0002BB50   raptor_fileinfo G  0002BB52   
raptor_fsize G  0002BB52   raptor_fdate G  0002BB56   raptor_ftime G  0002BB58   
raptor_fattr G  0002BB5A   raptor_fshort G  0002BB5B   raptor_flong G  0002BB68   
U235SE_modinit G  0002CCE8   modinitpos G  0002CCEA   U235SE_modinitpos G  0002CCEA   
dspcode  G  0002D590   ___mulsi3 G  0002F5A0   ___udivsi3 G  0002F5E0   
___divsi3 G  0002F640   ___umodsi3 G  0002F680   ___modsi3 G  0002F6C0   
$_exception_handler G  0002FE4E   ___addsf3 G  0002F74E   ___subsf3 G  0002F748   
___mulsf3 G  0002F9DE   ___divsf3 G  0002FB0A   ___negsf2 G  0002FCD0   
___cmpsf2 G  0002FDBE   ___cmpsf2_internal G  0002FD22   ___clear_sticky_bit G  0002FE40   
___eqsf2 G  0002FEC0   ___ltsf2 G  0002FEE0   ___unordsf2 G  0002FF00   
___unorddf2 G  0002FF44   ___floatunsidf G  0002FFB6   ___floatsidf G  0003001A   
___floatunsisf G  000300AA   ___truncdfsf2 G  0003014A   ___floatsisf G  000300BE   
___extendsfdf2 G  000300D2   ___fixdfsi G  00030280   ___fixsfsi G  000302FA   
_jsfDebugMessage G  00030320   _jsfDebugMessageHalt G  00030350   jsfGetPad G  00030384   
__Z17jsfGetPadPressed1v G  0003043A   __Z17jsfGetPadPressed2v G  000304C4   jsfGetPadPressed G  0003054E   
rapUnpack G  0003057A   jsfUnpack68k G  000305A6   jsfSprlistFieldSetvalOffset G  00030662   
jsfSprlistFieldModOffset G  000306AA   jsfSprlistFieldSetOffset G  000306F4   jsfSprlistFieldSetval G  0003073C   
jsfSprlistFieldMod G  0003077A   jsfSprlistFieldSet G  000307BA   _cls     G  000307F8   
_jsfPlot G  00030804   jsfDelay G  000308B2   jsfEEPROMFullRead G  000308FC   
eeReadBank G  0003321A   jsfEEPROMWordRead G  0003091A   eeReadWord G  00033162   
jsfEEPROMBoardRead G  00030938   eeReadSingleBank G  000331A6   jsfEEPROMFullWrite G  000309DC   
eeWriteBank G  000331CE   jsfEEPROMWordWrite G  000309FA   eeWriteWord G  00033140   
jsfEEPROMBoardWrite G  00030A18   eeWriteSingleBank G  00033168   jsfEEPROM G  00030ABC   
jsfEEPROMWord G  00030AE8   jsfEEPROMBoard G  00030B16   jsfLoadClut G  00030B46   
jsfClearBuffer G  00030BE8   jsfSort  G  00030C08   rapInitCalcAngle G  00030D7A   
rapCalcAngle G  00030D94   rapAngleVector G  00030DBA   rapDebugSetMonitor G  00030DE4   
_rapDebugPrint G  00030E06   rapDebugUpdate G  00030E22   rapDebugSetXY G  00030E36   
rapDebugSetVisible G  00030E4E   rapHiscoreSort G  00030E70   rapBlitlist G  00030E86   
rapNumToStr G  00030EB6   rapHexToStr G  00030ED6   RBRA     G  00030EFC   
rapHiscoreCheck G  00030F18   rapFadeSingle G  00030F3A   rapFadeClut G  00030F54   
rapSetActiveList G  00030F76   rapCollide G  00030F90   rapParticleInject G  00030FDA   
rapSetMapLoc G  00031002   _rapPrintCont G  0003105C   rapUpdateOffscreenList G  0003109C   
rapSpriteShift G  000310B6   rapSetClock G  000310EE   rapAddClock G  00031104   
rapSubClock G  0003111E   rapGDGetCartSerial G  00031170   rapGDCardInserted G  0003117E   
rapGDSetLEDOn G  0003119C   rapGDSetLEDOff G  000311B4   rapGDReset G  000311CC   
rapGDGetCardSerial G  000311E6   rapGDDebugPrint G  000311F4   rapGDLoadFile G  00031210   
rapGDSaveFile G  0003122E   rapGDBIOSVersion G  00031250   rapGDROMWriteEnable G  0003125E   
rapGDDirOpen G  00031270   rapGDDirRead G  0003128A   rapGDDirClose G  0003129C   
rapGDFileOpen G  000312AE   rapGDFileRead G  000312CC   rapGDFileWrite G  000312F2   
rapGDFileClose G  00031314   rapGDFileSeek G  00031326   rapGDFileTell G  00031348   
rapGDFileSize G  0003135A   rapGDFileInfo G  0003136C   rapGDFTimeToASCII G  0003138E   
rapGDFDateToASCII G  000313A4   u235PlaySample G  000313BA   u235PlaySampleFreq G  00031410   
u235ChannelFreq G  0003147A   u235KillChannel G  000314D4   u235ChannelVol G  0003151A   
_u235GetPad G  00031570   __Z14u235PlayModuleis G  000315A6   __Z14u235StopModulev G  00031610   
__Z11u235Silencev G  00031632   u235ChangeReplayFrq G  00031654   _u235ModuleVol G  0003169A   
_u235SampleVol G  000316AA   u235StopDSP G  000316BA   u235Init G  000316E0   
u235Restart G  00031726   zeroGetPad G  00031808   zeroPlaySample G  00031868   
zeroPlay G  000318C8   zeroClearChannel G  00031938   LSPGetPad G  00031990   
LSPPlayModule G  000319C6   LSPStartMusic G  000319F4   LSPStopMusic G  00031A12   
LSPMusicToggle G  00031A30   LSPStartDSP G  00031A4E   LSPPlaySample G  00031A6C   
__Z10ee_sprintfPcPKcz G  000330F0   ee_printf G  0003310C   eeUpdateChecksum G  00033256   
eeValidateChecksum G  00033280   

DATA-SEGMENT RELOCATABLE SYMBOLS

_DATA_E  G  00033400   sprite   G  00033380   colliders G  00033384   
__fpCCR  G  000333A0   _xcpt    G  000333C0   

BSS-SEGMENT RELOCATABLE SYMBOLS

_BSS_E   G  00059440   RAPTOR_particle_gfx G  00037410   RAPTOR_sprite_table G  00040A10   
_trashram G  000592B0   _jsfFontIndx G  0005932E   _jsfFontSize G  00059332   
_js_r_textbuffer G  00059300   zero_left_pad G  00059318   zero_right_pad G  0005931C   
_pad1    G  000592FC   _pad1Last G  000592F4   _pad1Prev G  000592EC   
_pad2    G  000592F8   _pad2Last G  000592F0   _pad2Prev G  000592E8   
_plot_colour G  0005932C   rapAngle_xAdd G  000592E4   rapAngle_yAdd G  000592E0   
_js_r_xpos G  0005933A   _js_r_ypos G  00059336   _yt2     G  00059304   
_y       G  0005930C   _errno   G  00059314   zero_mousex_delta G  00059320   
zero_mousey_delta G  00059324   zero_rotary_delta G  00059328   

 
Build successful! 
 
starting vj 
