JagStudio Version: 1.11 
 
Buildlink starting

Checking if assets.txt is newer than any of the build folder files....
    Opening - F:\Jaguar\Tools\JagStudio\projects\basic\jaguargd\assets.txt...
    Opening - F:\Jaguar\Tools\JagStudio\projects\basic\jaguargd\build\linkfile.bin...
    Opening - F:\Jaguar\Tools\JagStudio\projects\basic\jaguargd\build\romassets.inc...
    Opening - F:\Jaguar\Tools\JagStudio\projects\basic\jaguargd\build\romassets.h...
    Opening - F:\Jaguar\Tools\JagStudio\projects\basic\jaguargd\build\ramassets.inc...
    Opening - F:\Jaguar\Tools\JagStudio\projects\basic\jaguargd\build\build.log...
    Reading assets.txt line
    Reading assets.txt line
    Reading assets.txt line
    Reading assets.txt line
    Reading assets.txt line
    Reading assets.txt line
    Reading assets.txt line
    Reading assets.txt line
    Reading assets.txt line
    Reading assets.txt line
    Reading assets.txt line
    Reading assets.txt line
    Reading assets.txt line
    Reading assets.txt line
    Reading assets.txt line
    Reading assets.txt line
    Reading assets.txt line
    Reading assets.txt line
    Reading assets.txt line
    Reading assets.txt line
    Reading assets.txt line
    Reading assets.txt line
    Reading assets.txt line
    Reading assets.txt line
    Reading assets.txt line
    Reading assets.txt line
    Reading assets.txt line
    Reading assets.txt line
    Reading assets.txt line
    Reading assets.txt line
    Reading assets.txt line
Buildlink finished - everything went fine!
 
Assembling raptor skeleton... 
 
Translating .bas file to C... 
      BCX Path set to Not Found
BCX-32: BASIC to C/C++ Translator by Kevin Diggins (c) 1999-2009
BCX-32 Version 6.00 (2009/06/02)
[Lines In: 188] [Lines Out: 413] [Statements: 121] [Time: 0.01 sec's]
BCX translated F:\Jaguar\Tools\JagStudio\projects\basic\jaguargd\jaguargd.bas to F:\Jaguar\Tools\JagStudio\projects\basic\jaguargd\build\jaguargd.c For a C Compiler
 
Compiling C code to O... 
Compiling C code to S... 
 
Linking things... 
LOAD MAP

NON-RELOCATABLE SYMBOLS



TEXT-SEGMENT RELOCATABLE SYMBOLS

_TEXT_E  G  0002D440   Audio_Play G  0000417C   Input_Read G  0000417C   
jsfVsyncFlag G  000041BE   RAPTOR_PRE_Object_List G  000041C2   RAPTOR_POST_Object_List G  000041C4   
AUDIOPLAYER G  00004320   JAGPAD_UP G  00004322   JAGPAD_DOWN G  00004326   
JAGPAD_LEFT G  0000432A   JAGPAD_RIGHT G  0000432E   JAGPAD_HASH G  00004332   
JAGPAD_9 G  00004336   JAGPAD_6 G  0000433A   JAGPAD_3 G  0000433E   
JAGPAD_PAUSE G  00004342   JAGPAD_A G  00004346   JAGPAD_OPTION G  0000434A   
JAGPAD_STAR G  0000434E   JAGPAD_7 G  00004352   JAGPAD_4 G  00004356   
JAGPAD_1 G  0000435A   JAGPAD_0 G  0000435E   JAGPAD_8 G  00004362   
JAGPAD_5 G  00004366   JAGPAD_2 G  0000436A   JAGPAD_B G  0000436E   
JAGPAD_C G  00004372   JAGPAD_TL G  00004376   JAGPAD_TR G  0000437A   
JAGPAD_Z G  0000437E   JAGPAD_Y G  00004382   JAGPAD_X G  00004386   
RAPTOR_HWinit G  0001186E   RAPTOR_start_video G  00013F20   RAPTOR_setlist G  0001402E   
RAPTOR_UPDATE_ALL G  0001400A   raptor_spritetab G  0001D8D0   raptor_maptop_obj G  0001D864   
raptor_tiles_x G  0001D868   raptor_tiles_y G  0001D86C   raptor_tilesperx G  0001D870   
raptor_tilespery G  0001D874   raptor_mapwidth G  0001D878   raptor_mapheight G  0001D87C   
raptor_maxparts G  0001D880   raptor_mapbmptiles G  0001D888   raptor_tilerem_mask G  0001D88C   
raptor_partbuf_x G  0001D890   raptor_partbuf_y G  0001D894   raptor_pdriftx G  0001D898   
raptor_pdrifty G  0001D89C   raptor_pgfx G  0001D8C8   raptor_pgfxe G  0001D8CC   
raptor_partitab G  0001D8D4   raptor_partipal G  0001D8C0   raptor_8x8_addr G  0001D8B4   
raptor_8x16_addr G  0001D8B8   raptor_16x16_addr G  0001D8BC   raptor_MTwork G  0001D8C4   
raptor_mtapp G  0001D8D8   raptor_mtfn G  0001D8DC   raptor_vidmode G  0001D858   
raptor_videnable G  0001D85C   raptor_varmod G  0001D860   raptor_top_of_bss G  0001D8A0   
raptor_trashram G  0001D8A4   raptor_uvbi_jmp G  0001D8A8   raptor_poobjl G  0001D8AC   
raptor_probjl G  0001D8B0   raptor_inittab G  0001D8E0   RAPTOR_U235init G  0002447A   
RAPTOR_GD_Init G  0002572E   raptor_samplebank_ptr G  00024770   __Z9basicmainv G  0001DA48   
RAPTOR_U235playqueue G  00024570   RAPTOR_U235resetqueue G  0002459C   RAPTOR_Version G  000117A0   
RAPTOR_random G  000117BA   RAPTOR_Install G  000117CC   raptor_font8x8_pal G  0001197E   
raptor_font8x16_pal G  0001199E   raptor_font16x16_pal G  000119BE   RAPTOR_ERROR G  00011E78   
RAPTOR_InitVideo G  00011E8E   raptor_collisionlist G  0001206C   RAPTOR_move_palette G  00013074   
RAPTOR_GFXConvert G  0001308C   RAPTOR_setup_object_bra G  000134FC   RAPTOR_setup_object_xy G  00013516   
RAPTOR_setup_object_xyg G  0001354C   RAPTOR_setup_object_xg G  00013590   RAPTOR_setup_object_g G  000135C0   
RAPTOR_setup_object_xyz G  000135D0   RAPTOR_rmw G  000136A0   RAPTOR_setpalt G  000136AC   
RAPTOR_reflect G  000136C0   raptor_blitter_use G  000136CC   RAPTOR_CreateObject G  00013848   
RAPTOR_chk_highscores G  00013976   RAPTOR_resort_score_table G  000139DA   raptor_MT_start_address G  00013A64   
raptor_MT_save_length G  00013A68   raptor_highscores1_hex G  00013ABC   raptor_highscores1_nam G  00013AE4   
raptor_highscores2_hex G  00013B34   raptor_highscores2_nam G  00013B5C   raptor_highscores3_hex G  00013BAC   
raptor_highscores3_nam G  00013BD4   raptor_highscores4_hex G  00013C24   raptor_highscores4_nam G  00013C4C   
raptor_highscores5_hex G  00013C9C   raptor_highscores5_nam G  00013CC4   raptor_last_score_hex G  00013D14   
raptor_last_score_name G  00013D18   raptor_user_savedata G  00013D1C   raptor_VI G  00013F64   
RAPTOR_wait_frame G  00013F66   raptor_vbl_time_remain G  00013F90   RAPTOR_wait_frame_UPDATE_ALL G  00013F94   
RAPTOR_UPDATE_PARTICLES_ERASE G  00013FCA   RAPTOR_UPDATE_PARTICLES_PLOT G  00013FDA   RAPTOR_UPDATE_SPRITES G  00013FEA   
RAPTOR_UPDATE_PARTICLES G  00013FFA   RAPTOR_update_offscreenlist G  0001408E   RAPTOR_VB_INTERUPT G  00014100   
raptor_ticks G  000141CC   raptor_ntsc_flag G  000141CE   raptor_liststart G  000141D4   
RAPTOR_call_GPU_code G  000141DA   RAPTOR_call_GPU_code_STOP G  0001420E   RAPTOR_call_GPU_code_nowait G  00014238   
RAPTOR_particle_init G  0001424A   RAPTOR_particle_clear G  00014274   RAPTOR_print G  000142FA   
RAPTOR_printr G  000145B0   RAPTOR_HEXtoASCII G  000145EE   RAPTOR_HEXtoDEC G  00014628   
RAPTOR_particle_trigtable G  000146A0   RAPTOR_d_lz77 G  000156A0   raptor_map_tiles_bits G  0001579C   
RAPTOR_obj_shift G  000157A0   raptor_map_position_x G  000157C0   raptor_map_position_y G  000157C4   
RAPTOR_init_map_objs G  000157C8   RAPTOR_map_set_position G  000158B2   raptor_fade_delay G  000158E0   
RAPTOR_fade_clut G  000158E2   RAPTOR_fade_clutindex G  00015994   RAPTOR_attach_rmotion G  00015A3A   
RAPTOR_blitter G  00015A40   RAPTOR_NRVUnpack G  00015A68   RAPTOR_setclock G  00015A88   
RAPTOR_addclock G  00015AA8   RAPTOR_subclock G  00015ADC   raptor_clock_jiffies G  00015C10   
raptor_clock_mode G  00015C12   raptor_clock_hex G  00015C14   raptor_clock_val G  00015C18   
RAPTOR_ShrinklerDecompress G  00015F60   RAPTOR_objsort G  0001601E   raptor_sorting_table G  000161B2   
RAPTOR_calc_angle G  000164BE   RAPTOR_init_calc_angle G  000164F2   RAPTOR_eeReadLongWord G  00016624   
RAPTOR_eeWriteLongWord G  00016642   RAPTOR_eeWriteWord G  0001665A   RAPTOR_eeReadWord G  0001667C   
RAPTOR_eeWriteBank G  00016682   RAPTOR_eeReadBank G  000166D0   RAPTOR_eeUpdateChecksum G  0001670A   
RAPTOR_eeValidateChecksum G  00016732   raptor_console_x G  00016824   raptor_console_y G  0001682C   
raptor_console_visible G  00016834   raptor_console_monitors G  00016884   RAPTOR_console_inverse G  0001C6D8   
RAPTOR_console_update_registers G  0001C700   RAPTOR_console_update_usermonitors G  0001C764   RAPTOR_console_update_textline G  0001C7DA   
raptor_mapindex G  0001D884   raptor_ang_search G  0001D8E4   raptor_col_user G  0001D8E8   
rapLocate G  0002B146   _rapPrint G  0002B0EA   raptor_GD_detect G  00025D30   
rapGDGetCartSerial G  0002B232   ee_printf G  0002D1CC   raptor_GD_ASERIAL G  00025D42   
raptor_GD_SERIAL G  00025D32   rapHexToStr G  0002AF98   rapGDCardInserted G  0002B240   
_jsfVsync G  0002AAC6   jsfGetPadPressed G  0002A7CE   rapGDSetLEDOn G  0002B25E   
rapGDSetLEDOff G  0002B276   rapGDReset G  0002B28E   rapGDDebugPrint G  0002B2B6   
rapGDLoadFile G  0002B2D2   jsfClearBuffer G  0002ACAA   rapGDSaveFile G  0002B2F0   
rapGDGetCardSerial G  0002B2A8   raptor_SD_SERIAL G  00025D5E   __Z10BCX_TmpStrm G  0001E1A6   
__Z4joiniz G  0001E1BE   _strlen  G  00029800   _strcat  G  000297C0   
RAPTOR_mt_init G  0001E240   RAPTOR_mt_load G  0001E28C   RAPTOR_mt_save G  0001E388   
raptor_mt_present G  00020194   RAPTOR_MTtrash G  000203B0   RAPTOR_U235SilenceChannels G  000243C0   
RAPTOR_U235ChangeReplayFrq G  00024424   RAPTOR_U235setpad1 G  00024432   RAPTOR_U235setpad2 G  0002443E   
RAPTOR_U235setrot1 G  0002444A   RAPTOR_U235setrot2 G  00024462   RAPTOR_U235stopDSP G  000244F6   
RAPTOR_U235playsample G  0002451C   RAPTOR_U235queuesample G  00024552   RAPTOR_U235setmodule G  000245CC   
RAPTOR_U235gomodule_mono G  000245DC   RAPTOR_U235gomodule_stereo G  000245FA   RAPTOR_U235stopmodule G  00024618   
modinit  G  00026F08   U235SE_initNTSC G  00026EC4   U235SE_initPAL G  00026ED6   
RAPTOR_LSP_onoff G  00025408   RAPTOR_LSP_stopmusic G  00025410   RAPTOR_LSP_startmusic G  00025426   
RAPTOR_LSP_playmodule G  0002543C   RAPTOR_LSP_Sample G  00025472   RAPTOR_LSP_Init G  00025510   
RAPTOR_LSP_StartDSP G  00025524   silence  G  00025690   fin_silence G  00025694   
RAPTOR_GD_BIOSVersion G  00025804   RAPTOR_GD_ROMWriteEnable G  0002582C   RAPTOR_GD_GetCartSerial G  00025854   
RAPTOR_GD_GetCardSerial G  000258F0   RAPTOR_GD_CardIn G  0002591E   RAPTOR_GD_Reset G  00025952   
RAPTOR_GD_DebugString G  00025972   RAPTOR_GD_SetLED G  0002599A   RAPTOR_GD_DirOpen G  000259D4   
RAPTOR_GD_DirRead G  000259FC   RAPTOR_GD_DirClose G  00025A36   RAPTOR_GD_FileOpen G  00025A6A   
RAPTOR_GD_FileRead G  00025A98   RAPTOR_GD_FileWrite G  00025AC6   RAPTOR_GD_FileClose G  00025AF4   
RAPTOR_GD_FileSeek G  00025B22   RAPTOR_GD_FileTell G  00025B50   RAPTOR_GD_FileSize G  00025B7E   
RAPTOR_GD_FileInfo G  00025BAC   RAPTOR_ftime_to_ascii G  00025BDA   RAPTOR_fdate_to_ascii G  00025C36   
RAPTOR_GD_LoadFile G  00025C96   RAPTOR_GD_SaveFile G  00025CE0   raptor_GD_LEDstate G  00025D6E   
raptor_GD_cardstat G  00025D70   raptor_fileinfo G  00025D72   raptor_fsize G  00025D72   
raptor_fdate G  00025D76   raptor_ftime G  00025D78   raptor_fattr G  00025D7A   
raptor_fshort G  00025D7B   raptor_flong G  00025D88   U235SE_modinit G  00026F08   
modinitpos G  00026F0A   U235SE_modinitpos G  00026F0A   dspcode  G  000277B0   
___mulsi3 G  00029820   ___udivsi3 G  00029860   ___divsi3 G  000298C0   
___umodsi3 G  00029900   ___modsi3 G  00029940   $_exception_handler G  0002A0CE   
___addsf3 G  000299CE   ___subsf3 G  000299C8   ___mulsf3 G  00029C5E   
___divsf3 G  00029D8A   ___negsf2 G  00029F50   ___cmpsf2 G  0002A03E   
___cmpsf2_internal G  00029FA2   ___clear_sticky_bit G  0002A0C0   ___eqsf2 G  0002A140   
___ltsf2 G  0002A160   ___unordsf2 G  0002A180   ___unorddf2 G  0002A1C4   
___floatunsidf G  0002A236   ___floatsidf G  0002A29A   ___floatunsisf G  0002A32A   
___truncdfsf2 G  0002A3CA   ___floatsisf G  0002A33E   ___extendsfdf2 G  0002A352   
___fixdfsi G  0002A500   ___fixsfsi G  0002A57A   _jsfDebugMessage G  0002A5A0   
_jsfDebugMessageHalt G  0002A5D0   jsfGetPad G  0002A604   __Z17jsfGetPadPressed1v G  0002A6BA   
__Z17jsfGetPadPressed2v G  0002A744   rapUnpack G  0002A7FA   jsfUnpack68k G  0002A826   
jsfSprlistFieldSetvalOffset G  0002A8E2   jsfSprlistFieldModOffset G  0002A92A   jsfSprlistFieldSetOffset G  0002A974   
jsfSprlistFieldSetval G  0002A9BC   jsfSprlistFieldMod G  0002A9FA   jsfSprlistFieldSet G  0002AA3A   
_cls     G  0002AA78   _jsfPlot G  0002AA84   jsfDelay G  0002AB32   
jsfEEPROM G  0002AB7C   eeReadBank G  0002D2DE   eeWriteBank G  0002D28E   
jsfEEPROMWord G  0002ABA8   eeReadWord G  0002D222   eeWriteWord G  0002D200   
jsfEEPROMBoard G  0002ABD8   eeReadSingleBank G  0002D266   eeWriteSingleBank G  0002D228   
jsfLoadClut G  0002AC08   jsfSort  G  0002ACCA   rapInitCalcAngle G  0002AE3C   
rapCalcAngle G  0002AE56   rapAngleVector G  0002AE7C   rapDebugSetMonitor G  0002AEA6   
_rapDebugPrint G  0002AEC8   rapDebugUpdate G  0002AEE4   rapDebugSetXY G  0002AEF8   
rapDebugSetVisible G  0002AF10   rapHiscoreSort G  0002AF32   rapBlitlist G  0002AF48   
rapNumToStr G  0002AF78   RBRA     G  0002AFBE   rapHiscoreCheck G  0002AFDA   
rapFadeSingle G  0002AFFC   rapFadeClut G  0002B016   rapSetActiveList G  0002B038   
rapCollide G  0002B052   rapParticleInject G  0002B09C   rapSetMapLoc G  0002B0C4   
_rapPrintCont G  0002B11E   rapUpdateOffscreenList G  0002B15E   rapSpriteShift G  0002B178   
rapSetClock G  0002B1B0   rapAddClock G  0002B1C6   rapSubClock G  0002B1E0   
rapSortSprites G  0002B1FA   rapGDBIOSVersion G  0002B312   rapGDROMWriteEnable G  0002B320   
rapGDDirOpen G  0002B332   rapGDDirRead G  0002B34C   rapGDDirClose G  0002B35E   
rapGDFileOpen G  0002B370   rapGDFileRead G  0002B38E   rapGDFileWrite G  0002B3B4   
rapGDFileClose G  0002B3D6   rapGDFileSeek G  0002B3E8   rapGDFileTell G  0002B40A   
rapGDFileSize G  0002B41C   rapGDFileInfo G  0002B42E   rapGDFTimeToASCII G  0002B450   
rapGDFDateToASCII G  0002B466   u235PlaySample G  0002B47C   u235PlaySampleFreq G  0002B4D2   
u235ChannelFreq G  0002B53C   u235KillChannel G  0002B596   u235ChannelVol G  0002B5DC   
_u235GetPad G  0002B632   __Z14u235PlayModuleis G  0002B668   __Z14u235StopModulev G  0002B6D2   
__Z11u235Silencev G  0002B6F4   u235ChangeReplayFrq G  0002B716   _u235ModuleVol G  0002B75C   
_u235SampleVol G  0002B76C   u235StopDSP G  0002B77C   u235Init G  0002B7A2   
u235Restart G  0002B7E8   zeroGetPad G  0002B8CA   zeroPlaySample G  0002B92A   
zeroPlay G  0002B98A   zeroClearChannel G  0002B9FA   LSPGetPad G  0002BA52   
LSPPlayModule G  0002BA88   LSPStartMusic G  0002BAB6   LSPStopMusic G  0002BAD4   
LSPMusicToggle G  0002BAF2   LSPStartDSP G  0002BB10   LSPPlaySample G  0002BB2E   
__Z10ee_sprintfPcPKcz G  0002D1B0   eeUpdateChecksum G  0002D31A   eeValidateChecksum G  0002D344   


DATA-SEGMENT RELOCATABLE SYMBOLS

_DATA_E  G  0002D4C0   sprite   G  0002D444   colliders G  0002D440   
__fpCCR  G  0002D460   _xcpt    G  0002D480   

BSS-SEGMENT RELOCATABLE SYMBOLS

_BSS_E   G  0007D9E0   RAPTOR_particle_gfx G  000314C0   RAPTOR_sprite_table G  0003AAC0   
_trashram G  00053360   _jsfFontIndx G  0007D8CE   _jsfFontSize G  0007D8D2   
_js_r_textbuffer G  0007D8A0   _BCX_TmpStr_buffer G  00053360   zero_left_pad G  0007D8B8   
zero_right_pad G  0007D8BC   _pad1    G  0007D89C   _pad1Last G  0007D894   
_pad1Prev G  0007D88C   _pad2    G  0007D898   _pad2Last G  0007D890   
_pad2Prev G  0007D888   _plot_colour G  0007D8CC   rapAngle_xAdd G  0007D884   
rapAngle_yAdd G  0007D880   _js_r_xpos G  0007D8DA   _js_r_ypos G  0007D8D6   
_yt2     G  0007D8A4   _y       G  0007D8AC   _errno   G  0007D8B4   
zero_mousex_delta G  0007D8C0   zero_mousey_delta G  0007D8C4   zero_rotary_delta G  0007D8C8   


LOAD MAP

NON-RELOCATABLE SYMBOLS



TEXT-SEGMENT RELOCATABLE SYMBOLS

_TEXT_E  G  0002D440   Audio_Play G  0000417C   Input_Read G  0000417C   
jsfVsyncFlag G  000041BE   RAPTOR_PRE_Object_List G  000041C2   RAPTOR_POST_Object_List G  000041C4   
AUDIOPLAYER G  00004320   JAGPAD_UP G  00004322   JAGPAD_DOWN G  00004326   
JAGPAD_LEFT G  0000432A   JAGPAD_RIGHT G  0000432E   JAGPAD_HASH G  00004332   
JAGPAD_9 G  00004336   JAGPAD_6 G  0000433A   JAGPAD_3 G  0000433E   
JAGPAD_PAUSE G  00004342   JAGPAD_A G  00004346   JAGPAD_OPTION G  0000434A   
JAGPAD_STAR G  0000434E   JAGPAD_7 G  00004352   JAGPAD_4 G  00004356   
JAGPAD_1 G  0000435A   JAGPAD_0 G  0000435E   JAGPAD_8 G  00004362   
JAGPAD_5 G  00004366   JAGPAD_2 G  0000436A   JAGPAD_B G  0000436E   
JAGPAD_C G  00004372   JAGPAD_TL G  00004376   JAGPAD_TR G  0000437A   
JAGPAD_Z G  0000437E   JAGPAD_Y G  00004382   JAGPAD_X G  00004386   
RAPTOR_HWinit G  0001186E   RAPTOR_start_video G  00013F20   RAPTOR_setlist G  0001402E   
RAPTOR_UPDATE_ALL G  0001400A   raptor_spritetab G  0001D8D0   raptor_maptop_obj G  0001D864   
raptor_tiles_x G  0001D868   raptor_tiles_y G  0001D86C   raptor_tilesperx G  0001D870   
raptor_tilespery G  0001D874   raptor_mapwidth G  0001D878   raptor_mapheight G  0001D87C   
raptor_maxparts G  0001D880   raptor_mapbmptiles G  0001D888   raptor_tilerem_mask G  0001D88C   
raptor_partbuf_x G  0001D890   raptor_partbuf_y G  0001D894   raptor_pdriftx G  0001D898   
raptor_pdrifty G  0001D89C   raptor_pgfx G  0001D8C8   raptor_pgfxe G  0001D8CC   
raptor_partitab G  0001D8D4   raptor_partipal G  0001D8C0   raptor_8x8_addr G  0001D8B4   
raptor_8x16_addr G  0001D8B8   raptor_16x16_addr G  0001D8BC   raptor_MTwork G  0001D8C4   
raptor_mtapp G  0001D8D8   raptor_mtfn G  0001D8DC   raptor_vidmode G  0001D858   
raptor_videnable G  0001D85C   raptor_varmod G  0001D860   raptor_top_of_bss G  0001D8A0   
raptor_trashram G  0001D8A4   raptor_uvbi_jmp G  0001D8A8   raptor_poobjl G  0001D8AC   
raptor_probjl G  0001D8B0   raptor_inittab G  0001D8E0   RAPTOR_U235init G  0002447A   
RAPTOR_GD_Init G  0002572E   raptor_samplebank_ptr G  00024770   __Z9basicmainv G  0001DA48   
RAPTOR_U235playqueue G  00024570   RAPTOR_U235resetqueue G  0002459C   RAPTOR_Version G  000117A0   
RAPTOR_random G  000117BA   RAPTOR_Install G  000117CC   raptor_font8x8_pal G  0001197E   
raptor_font8x16_pal G  0001199E   raptor_font16x16_pal G  000119BE   RAPTOR_ERROR G  00011E78   
RAPTOR_InitVideo G  00011E8E   raptor_collisionlist G  0001206C   RAPTOR_move_palette G  00013074   
RAPTOR_GFXConvert G  0001308C   RAPTOR_setup_object_bra G  000134FC   RAPTOR_setup_object_xy G  00013516   
RAPTOR_setup_object_xyg G  0001354C   RAPTOR_setup_object_xg G  00013590   RAPTOR_setup_object_g G  000135C0   
RAPTOR_setup_object_xyz G  000135D0   RAPTOR_rmw G  000136A0   RAPTOR_setpalt G  000136AC   
RAPTOR_reflect G  000136C0   raptor_blitter_use G  000136CC   RAPTOR_CreateObject G  00013848   
RAPTOR_chk_highscores G  00013976   RAPTOR_resort_score_table G  000139DA   raptor_MT_start_address G  00013A64   
raptor_MT_save_length G  00013A68   raptor_highscores1_hex G  00013ABC   raptor_highscores1_nam G  00013AE4   
raptor_highscores2_hex G  00013B34   raptor_highscores2_nam G  00013B5C   raptor_highscores3_hex G  00013BAC   
raptor_highscores3_nam G  00013BD4   raptor_highscores4_hex G  00013C24   raptor_highscores4_nam G  00013C4C   
raptor_highscores5_hex G  00013C9C   raptor_highscores5_nam G  00013CC4   raptor_last_score_hex G  00013D14   
raptor_last_score_name G  00013D18   raptor_user_savedata G  00013D1C   raptor_VI G  00013F64   
RAPTOR_wait_frame G  00013F66   raptor_vbl_time_remain G  00013F90   RAPTOR_wait_frame_UPDATE_ALL G  00013F94   
RAPTOR_UPDATE_PARTICLES_ERASE G  00013FCA   RAPTOR_UPDATE_PARTICLES_PLOT G  00013FDA   RAPTOR_UPDATE_SPRITES G  00013FEA   
RAPTOR_UPDATE_PARTICLES G  00013FFA   RAPTOR_update_offscreenlist G  0001408E   RAPTOR_VB_INTERUPT G  00014100   
raptor_ticks G  000141CC   raptor_ntsc_flag G  000141CE   raptor_liststart G  000141D4   
RAPTOR_call_GPU_code G  000141DA   RAPTOR_call_GPU_code_STOP G  0001420E   RAPTOR_call_GPU_code_nowait G  00014238   
RAPTOR_particle_init G  0001424A   RAPTOR_particle_clear G  00014274   RAPTOR_print G  000142FA   
RAPTOR_printr G  000145B0   RAPTOR_HEXtoASCII G  000145EE   RAPTOR_HEXtoDEC G  00014628   
RAPTOR_particle_trigtable G  000146A0   RAPTOR_d_lz77 G  000156A0   raptor_map_tiles_bits G  0001579C   
RAPTOR_obj_shift G  000157A0   raptor_map_position_x G  000157C0   raptor_map_position_y G  000157C4   
RAPTOR_init_map_objs G  000157C8   RAPTOR_map_set_position G  000158B2   raptor_fade_delay G  000158E0   
RAPTOR_fade_clut G  000158E2   RAPTOR_fade_clutindex G  00015994   RAPTOR_attach_rmotion G  00015A3A   
RAPTOR_blitter G  00015A40   RAPTOR_NRVUnpack G  00015A68   RAPTOR_setclock G  00015A88   
RAPTOR_addclock G  00015AA8   RAPTOR_subclock G  00015ADC   raptor_clock_jiffies G  00015C10   
raptor_clock_mode G  00015C12   raptor_clock_hex G  00015C14   raptor_clock_val G  00015C18   
RAPTOR_ShrinklerDecompress G  00015F60   RAPTOR_objsort G  0001601E   raptor_sorting_table G  000161B2   
RAPTOR_calc_angle G  000164BE   RAPTOR_init_calc_angle G  000164F2   RAPTOR_eeReadLongWord G  00016624   
RAPTOR_eeWriteLongWord G  00016642   RAPTOR_eeWriteWord G  0001665A   RAPTOR_eeReadWord G  0001667C   
RAPTOR_eeWriteBank G  00016682   RAPTOR_eeReadBank G  000166D0   RAPTOR_eeUpdateChecksum G  0001670A   
RAPTOR_eeValidateChecksum G  00016732   raptor_console_x G  00016824   raptor_console_y G  0001682C   
raptor_console_visible G  00016834   raptor_console_monitors G  00016884   RAPTOR_console_inverse G  0001C6D8   
RAPTOR_console_update_registers G  0001C700   RAPTOR_console_update_usermonitors G  0001C764   RAPTOR_console_update_textline G  0001C7DA   
raptor_mapindex G  0001D884   raptor_ang_search G  0001D8E4   raptor_col_user G  0001D8E8   
rapLocate G  0002B146   _rapPrint G  0002B0EA   raptor_GD_detect G  00025D30   
rapGDGetCartSerial G  0002B232   ee_printf G  0002D1CC   raptor_GD_ASERIAL G  00025D42   
raptor_GD_SERIAL G  00025D32   rapHexToStr G  0002AF98   rapGDCardInserted G  0002B240   
_jsfVsync G  0002AAC6   jsfGetPadPressed G  0002A7CE   rapGDSetLEDOn G  0002B25E   
rapGDSetLEDOff G  0002B276   rapGDReset G  0002B28E   rapGDDebugPrint G  0002B2B6   
rapGDLoadFile G  0002B2D2   jsfClearBuffer G  0002ACAA   rapGDSaveFile G  0002B2F0   
rapGDGetCardSerial G  0002B2A8   raptor_SD_SERIAL G  00025D5E   __Z10BCX_TmpStrm G  0001E1A6   
__Z4joiniz G  0001E1BE   _strlen  G  00029800   _strcat  G  000297C0   
RAPTOR_mt_init G  0001E240   RAPTOR_mt_load G  0001E28C   RAPTOR_mt_save G  0001E388   
raptor_mt_present G  00020194   RAPTOR_MTtrash G  000203B0   RAPTOR_U235SilenceChannels G  000243C0   
RAPTOR_U235ChangeReplayFrq G  00024424   RAPTOR_U235setpad1 G  00024432   RAPTOR_U235setpad2 G  0002443E   
RAPTOR_U235setrot1 G  0002444A   RAPTOR_U235setrot2 G  00024462   RAPTOR_U235stopDSP G  000244F6   
RAPTOR_U235playsample G  0002451C   RAPTOR_U235queuesample G  00024552   RAPTOR_U235setmodule G  000245CC   
RAPTOR_U235gomodule_mono G  000245DC   RAPTOR_U235gomodule_stereo G  000245FA   RAPTOR_U235stopmodule G  00024618   
modinit  G  00026F08   U235SE_initNTSC G  00026EC4   U235SE_initPAL G  00026ED6   
RAPTOR_LSP_onoff G  00025408   RAPTOR_LSP_stopmusic G  00025410   RAPTOR_LSP_startmusic G  00025426   
RAPTOR_LSP_playmodule G  0002543C   RAPTOR_LSP_Sample G  00025472   RAPTOR_LSP_Init G  00025510   
RAPTOR_LSP_StartDSP G  00025524   silence  G  00025690   fin_silence G  00025694   
RAPTOR_GD_BIOSVersion G  00025804   RAPTOR_GD_ROMWriteEnable G  0002582C   RAPTOR_GD_GetCartSerial G  00025854   
RAPTOR_GD_GetCardSerial G  000258F0   RAPTOR_GD_CardIn G  0002591E   RAPTOR_GD_Reset G  00025952   
RAPTOR_GD_DebugString G  00025972   RAPTOR_GD_SetLED G  0002599A   RAPTOR_GD_DirOpen G  000259D4   
RAPTOR_GD_DirRead G  000259FC   RAPTOR_GD_DirClose G  00025A36   RAPTOR_GD_FileOpen G  00025A6A   
RAPTOR_GD_FileRead G  00025A98   RAPTOR_GD_FileWrite G  00025AC6   RAPTOR_GD_FileClose G  00025AF4   
RAPTOR_GD_FileSeek G  00025B22   RAPTOR_GD_FileTell G  00025B50   RAPTOR_GD_FileSize G  00025B7E   
RAPTOR_GD_FileInfo G  00025BAC   RAPTOR_ftime_to_ascii G  00025BDA   RAPTOR_fdate_to_ascii G  00025C36   
RAPTOR_GD_LoadFile G  00025C96   RAPTOR_GD_SaveFile G  00025CE0   raptor_GD_LEDstate G  00025D6E   
raptor_GD_cardstat G  00025D70   raptor_fileinfo G  00025D72   raptor_fsize G  00025D72   
raptor_fdate G  00025D76   raptor_ftime G  00025D78   raptor_fattr G  00025D7A   
raptor_fshort G  00025D7B   raptor_flong G  00025D88   U235SE_modinit G  00026F08   
modinitpos G  00026F0A   U235SE_modinitpos G  00026F0A   dspcode  G  000277B0   
___mulsi3 G  00029820   ___udivsi3 G  00029860   ___divsi3 G  000298C0   
___umodsi3 G  00029900   ___modsi3 G  00029940   $_exception_handler G  0002A0CE   
___addsf3 G  000299CE   ___subsf3 G  000299C8   ___mulsf3 G  00029C5E   
___divsf3 G  00029D8A   ___negsf2 G  00029F50   ___cmpsf2 G  0002A03E   
___cmpsf2_internal G  00029FA2   ___clear_sticky_bit G  0002A0C0   ___eqsf2 G  0002A140   
___ltsf2 G  0002A160   ___unordsf2 G  0002A180   ___unorddf2 G  0002A1C4   
___floatunsidf G  0002A236   ___floatsidf G  0002A29A   ___floatunsisf G  0002A32A   
___truncdfsf2 G  0002A3CA   ___floatsisf G  0002A33E   ___extendsfdf2 G  0002A352   
___fixdfsi G  0002A500   ___fixsfsi G  0002A57A   _jsfDebugMessage G  0002A5A0   
_jsfDebugMessageHalt G  0002A5D0   jsfGetPad G  0002A604   __Z17jsfGetPadPressed1v G  0002A6BA   
__Z17jsfGetPadPressed2v G  0002A744   rapUnpack G  0002A7FA   jsfUnpack68k G  0002A826   
jsfSprlistFieldSetvalOffset G  0002A8E2   jsfSprlistFieldModOffset G  0002A92A   jsfSprlistFieldSetOffset G  0002A974   
jsfSprlistFieldSetval G  0002A9BC   jsfSprlistFieldMod G  0002A9FA   jsfSprlistFieldSet G  0002AA3A   
_cls     G  0002AA78   _jsfPlot G  0002AA84   jsfDelay G  0002AB32   
jsfEEPROM G  0002AB7C   eeReadBank G  0002D2DE   eeWriteBank G  0002D28E   
jsfEEPROMWord G  0002ABA8   eeReadWord G  0002D222   eeWriteWord G  0002D200   
jsfEEPROMBoard G  0002ABD8   eeReadSingleBank G  0002D266   eeWriteSingleBank G  0002D228   
jsfLoadClut G  0002AC08   jsfSort  G  0002ACCA   rapInitCalcAngle G  0002AE3C   
rapCalcAngle G  0002AE56   rapAngleVector G  0002AE7C   rapDebugSetMonitor G  0002AEA6   
_rapDebugPrint G  0002AEC8   rapDebugUpdate G  0002AEE4   rapDebugSetXY G  0002AEF8   
rapDebugSetVisible G  0002AF10   rapHiscoreSort G  0002AF32   rapBlitlist G  0002AF48   
rapNumToStr G  0002AF78   RBRA     G  0002AFBE   rapHiscoreCheck G  0002AFDA   
rapFadeSingle G  0002AFFC   rapFadeClut G  0002B016   rapSetActiveList G  0002B038   
rapCollide G  0002B052   rapParticleInject G  0002B09C   rapSetMapLoc G  0002B0C4   
_rapPrintCont G  0002B11E   rapUpdateOffscreenList G  0002B15E   rapSpriteShift G  0002B178   
rapSetClock G  0002B1B0   rapAddClock G  0002B1C6   rapSubClock G  0002B1E0   
rapSortSprites G  0002B1FA   rapGDBIOSVersion G  0002B312   rapGDROMWriteEnable G  0002B320   
rapGDDirOpen G  0002B332   rapGDDirRead G  0002B34C   rapGDDirClose G  0002B35E   
rapGDFileOpen G  0002B370   rapGDFileRead G  0002B38E   rapGDFileWrite G  0002B3B4   
rapGDFileClose G  0002B3D6   rapGDFileSeek G  0002B3E8   rapGDFileTell G  0002B40A   
rapGDFileSize G  0002B41C   rapGDFileInfo G  0002B42E   rapGDFTimeToASCII G  0002B450   
rapGDFDateToASCII G  0002B466   u235PlaySample G  0002B47C   u235PlaySampleFreq G  0002B4D2   
u235ChannelFreq G  0002B53C   u235KillChannel G  0002B596   u235ChannelVol G  0002B5DC   
_u235GetPad G  0002B632   __Z14u235PlayModuleis G  0002B668   __Z14u235StopModulev G  0002B6D2   
__Z11u235Silencev G  0002B6F4   u235ChangeReplayFrq G  0002B716   _u235ModuleVol G  0002B75C   
_u235SampleVol G  0002B76C   u235StopDSP G  0002B77C   u235Init G  0002B7A2   
u235Restart G  0002B7E8   zeroGetPad G  0002B8CA   zeroPlaySample G  0002B92A   
zeroPlay G  0002B98A   zeroClearChannel G  0002B9FA   LSPGetPad G  0002BA52   
LSPPlayModule G  0002BA88   LSPStartMusic G  0002BAB6   LSPStopMusic G  0002BAD4   
LSPMusicToggle G  0002BAF2   LSPStartDSP G  0002BB10   LSPPlaySample G  0002BB2E   
__Z10ee_sprintfPcPKcz G  0002D1B0   eeUpdateChecksum G  0002D31A   eeValidateChecksum G  0002D344   


DATA-SEGMENT RELOCATABLE SYMBOLS

_DATA_E  G  0002D4C0   sprite   G  0002D444   colliders G  0002D440   
__fpCCR  G  0002D460   _xcpt    G  0002D480   

BSS-SEGMENT RELOCATABLE SYMBOLS

_BSS_E   G  0007D9E0   RAPTOR_particle_gfx G  000314C0   RAPTOR_sprite_table G  0003AAC0   
_trashram G  00053360   _jsfFontIndx G  0007D8CE   _jsfFontSize G  0007D8D2   
_js_r_textbuffer G  0007D8A0   _BCX_TmpStr_buffer G  00053360   zero_left_pad G  0007D8B8   
zero_right_pad G  0007D8BC   _pad1    G  0007D89C   _pad1Last G  0007D894   
_pad1Prev G  0007D88C   _pad2    G  0007D898   _pad2Last G  0007D890   
_pad2Prev G  0007D888   _plot_colour G  0007D8CC   rapAngle_xAdd G  0007D884   
rapAngle_yAdd G  0007D880   _js_r_xpos G  0007D8DA   _js_r_ypos G  0007D8D6   
_yt2     G  0007D8A4   _y       G  0007D8AC   _errno   G  0007D8B4   
zero_mousex_delta G  0007D8C0   zero_mousey_delta G  0007D8C4   zero_rotary_delta G  0007D8C8   


 
Making packed ROM... 
Make-a-rom starting
    Dumping universal header...
    Dumping startup code...
    Linkfile not found - assuming no assets in ROM...
    Packing basic binary...
    Dumping packed file...
    Padding ROM...
Make-a-rom finished - everything went fine!
 
Sending ROM to JagGD... 
